1675542152863	geckodriver	INFO	Listening on 127.0.0.1:35699
1675542152933	mozrunner::runner	INFO	Running command: "/usr/bin/firefox" "--marionette" "--remote-debugging-port" "44511" "--remote-allow-hosts" "localhost" "-no-remote" "-profile" "/tmp/rust_mozprofileioikmQ"
ATTENTION: default value of option mesa_glthread overridden by environment.
ATTENTION: default value of option mesa_glthread overridden by environment.
ATTENTION: default value of option mesa_glthread overridden by environment.
ATTENTION: default value of option mesa_glthread overridden by environment.
1675542154231	Marionette	INFO	Marionette enabled
1675542154236	Marionette	INFO	Listening on port 37507
Read port: 37507
WebDriver BiDi listening on ws://127.0.0.1:44511
1675542154536	RemoteAgent	WARN	TLS certificate errors will be ignored for this session
console.warn: SearchSettings: "get: No settings file exists, new profile?" (new NotFoundError("Could not open the file at /tmp/rust_mozprofileioikmQ/search.json.mozlz4", (void 0)))
DevTools listening on ws://127.0.0.1:44511/devtools/browser/4e0c08c9-a692-4b88-b926-bfb23de1ce6c
1675542162272	Marionette	INFO	Stopped listening on port 37507
WARNING: A blocker encountered an error while we were waiting.
          Blocker:  Waiting for ping task
          Phase: TelemetryController: Waiting for pending ping activity
          State: (none)
WARNING: Error: Phase "profile-before-change" is finished, it is too late to register completion condition "OS.File: flush I/O queued before profileBeforeChange"
WARNING: addBlocker@resource://gre/modules/AsyncShutdown.jsm:718:15
addBlocker@resource://gre/modules/AsyncShutdown.jsm:523:26
addBlocker@resource://gre/modules/AsyncShutdown.jsm:462:15
setupShutdown@resource://gre/modules/osfile/osfile_async_front.jsm:1548:28
@resource://gre/modules/osfile/osfile_async_front.jsm:1568:16
@resource://gre/modules/osfile.jsm:12:30
@resource://gre/modules/TelemetryStorage.jsm:19:28
promiseArchivePing@resource://gre/modules/TelemetryArchive.jsm:103:5
promiseArchivePing@resource://gre/modules/TelemetryArchive.jsm:63:33
_submitPingLogic@resource://gre/modules/TelemetryControllerParent.jsm:540:48
send@resource://gre/modules/TelemetryControllerParent.jsm:628:24
submitExternalPing@resource://gre/modules/TelemetryControllerParent.jsm:182:17
sendPing@resource://gre/modules/EventPing.jsm:51:30
_submitPing@resource://gre/modules/EventPing.jsm:229:12
shutdown@resource://gre/modules/EventPing.jsm:112:10
_cleanupOnShutdown@resource://gre/modules/TelemetryControllerParent.jsm:940:31
shutdown/<@resource://gre/modules/TelemetryControllerParent.jsm:1010:24
observe@resource://gre/modules/AsyncShutdown.jsm:572:16

WARNING: A blocker encountered an error while we were waiting.
          Blocker:  Waiting for ping task
          Phase: TelemetryController: Waiting for pending ping activity
          State: (none)
WARNING: Error: Phase "profile-before-change" is finished, it is too late to register completion condition "OS.File: flush I/O queued before profileBeforeChange"
WARNING: addBlocker@resource://gre/modules/AsyncShutdown.jsm:718:15
addBlocker@resource://gre/modules/AsyncShutdown.jsm:523:26
addBlocker@resource://gre/modules/AsyncShutdown.jsm:462:15
setupShutdown@resource://gre/modules/osfile/osfile_async_front.jsm:1548:28
@resource://gre/modules/osfile/osfile_async_front.jsm:1568:16
@resource://gre/modules/osfile.jsm:12:30
@resource://gre/modules/TelemetryStorage.jsm:19:28
promiseArchivePing@resource://gre/modules/TelemetryArchive.jsm:103:5
promiseArchivePing@resource://gre/modules/TelemetryArchive.jsm:63:33
_submitPingLogic@resource://gre/modules/TelemetryControllerParent.jsm:540:48
send@resource://gre/modules/TelemetryControllerParent.jsm:628:24
submitExternalPing@resource://gre/modules/TelemetryControllerParent.jsm:182:17
saveShutdownPings@resource://gre/modules/TelemetrySession.jsm:982:34
shutdownChromeProcess/cleanup/<@resource://gre/modules/TelemetrySession.jsm:1232:20
cleanup@resource://gre/modules/TelemetrySession.jsm:1239:9
shutdownChromeProcess@resource://gre/modules/TelemetrySession.jsm:1256:14
shutdown@resource://gre/modules/TelemetrySession.jsm:247:17
_cleanupOnShutdown@resource://gre/modules/TelemetryControllerParent.jsm:959:35
observe@resource://gre/modules/AsyncShutdown.jsm:572:16

WARNING: A blocker encountered an error while we were waiting.
          Blocker:  Waiting for ping task
          Phase: TelemetryController: Waiting for pending ping activity
          State: (none)
WARNING: Error: Phase "profile-before-change" is finished, it is too late to register completion condition "OS.File: flush I/O queued before profileBeforeChange"
WARNING: addBlocker@resource://gre/modules/AsyncShutdown.jsm:718:15
addBlocker@resource://gre/modules/AsyncShutdown.jsm:523:26
addBlocker@resource://gre/modules/AsyncShutdown.jsm:462:15
setupShutdown@resource://gre/modules/osfile/osfile_async_front.jsm:1548:28
@resource://gre/modules/osfile/osfile_async_front.jsm:1568:16
@resource://gre/modules/osfile.jsm:12:30
@resource://gre/modules/TelemetryStorage.jsm:19:28
promiseArchivePing@resource://gre/modules/TelemetryArchive.jsm:103:5
promiseArchivePing@resource://gre/modules/TelemetryArchive.jsm:63:33
_submitPingLogic@resource://gre/modules/TelemetryControllerParent.jsm:540:48
send@resource://gre/modules/TelemetryControllerParent.jsm:628:24
submitExternalPing@resource://gre/modules/TelemetryControllerParent.jsm:182:17
saveShutdownPings@resource://gre/modules/TelemetrySession.jsm:1014:36
shutdownChromeProcess/cleanup/<@resource://gre/modules/TelemetrySession.jsm:1232:20
cleanup@resource://gre/modules/TelemetrySession.jsm:1239:9
shutdownChromeProcess@resource://gre/modules/TelemetrySession.jsm:1256:14
shutdown@resource://gre/modules/TelemetrySession.jsm:247:17
_cleanupOnShutdown@resource://gre/modules/TelemetryControllerParent.jsm:959:35
observe@resource://gre/modules/AsyncShutdown.jsm:572:16

WARNING: A blocker encountered an error while we were waiting.
          Blocker:  TelemetryController: shutting down
          Phase: profile-before-change-telemetry
          State: Error getting state: Error: Phase "profile-before-change" is finished, it is too late to register completion condition "OS.File: flush I/O queued before profileBeforeChange" at addBlocker@resource://gre/modules/AsyncShutdown.jsm:718:15
addBlocker@resource://gre/modules/AsyncShutdown.jsm:523:26
addBlocker@resource://gre/modules/AsyncShutdown.jsm:462:15
setupShutdown@resource://gre/modules/osfile/osfile_async_front.jsm:1548:28
@resource://gre/modules/osfile/osfile_async_front.jsm:1568:16
@resource://gre/modules/osfile.jsm:12:30
@resource://gre/modules/TelemetryStorage.jsm:19:28
getShutdownState@resource://gre/modules/TelemetrySend.jsm:1692:7
getShutdownState@resource://gre/modules/TelemetrySend.jsm:374:30
_getState@resource://gre/modules/TelemetryControllerParent.jsm:1058:38
setupTelemetry/<@resource://gre/modules/TelemetryControllerParent.jsm:917:18
safeGetState@resource://gre/modules/AsyncShutdown.jsm:254:17
Barrier/_internalAddBlocker/promise<@resource://gre/modules/AsyncShutdown.jsm:773:20
observe@resource://gre/modules/AsyncShutdown.jsm:572:16

WARNING: Error: Phase "profile-before-change" is finished, it is too late to register completion condition "OS.File: flush I/O queued before profileBeforeChange"
WARNING: addBlocker@resource://gre/modules/AsyncShutdown.jsm:718:15
addBlocker@resource://gre/modules/AsyncShutdown.jsm:523:26
addBlocker@resource://gre/modules/AsyncShutdown.jsm:462:15
setupShutdown@resource://gre/modules/osfile/osfile_async_front.jsm:1548:28
@resource://gre/modules/osfile/osfile_async_front.jsm:1568:16
@resource://gre/modules/osfile.jsm:12:30
@resource://gre/modules/TelemetryStorage.jsm:19:28
removeAbortedSessionPing@resource://gre/modules/TelemetryControllerParent.jsm:721:5
removeAbortedSessionPing@resource://gre/modules/TelemetryControllerParent.jsm:249:17
shutdownChromeProcess/cleanup/<@resource://gre/modules/TelemetrySession.jsm:1235:42
observe@resource://gre/modules/AsyncShutdown.jsm:572:16

JavaScript error: resource://gre/modules/AsyncShutdown.jsm, line 718: Error: Phase "profile-before-change" is finished, it is too late to register completion condition "OS.File: flush I/O queued before profileBeforeChange"
JavaScript error: resource://gre/modules/AsyncShutdown.jsm, line 718: Error: Phase "profile-before-change" is finished, it is too late to register completion condition "OS.File: flush I/O queued before profileBeforeChange"
JavaScript error: resource://gre/modules/AsyncShutdown.jsm, line 718: Error: Phase "profile-before-change" is finished, it is too late to register completion condition "OS.File: flush I/O queued before profileBeforeChange"
JavaScript error: resource://gre/modules/AsyncShutdown.jsm, line 718: Error: Phase "profile-before-change" is finished, it is too late to register completion condition "OS.File: flush I/O queued before profileBeforeChange"
JavaScript error: resource://gre/modules/AsyncShutdown.jsm, line 718: Error: Phase "profile-before-change" is finished, it is too late to register completion condition "OS.File: flush I/O queued before profileBeforeChange"
JavaScript error: resource://gre/modules/AsyncShutdown.jsm, line 718: Error: Phase "profile-before-change" is finished, it is too late to register completion condition "OS.File: flush I/O queued before profileBeforeChange"
1675542236805	geckodriver	INFO	Listening on 127.0.0.1:41917
1675542236868	mozrunner::runner	INFO	Running command: "/usr/bin/firefox" "--marionette" "--remote-debugging-port" "38757" "--remote-allow-hosts" "localhost" "-no-remote" "-profile" "/tmp/rust_mozprofileYAOBpK"
ATTENTION: default value of option mesa_glthread overridden by environment.
ATTENTION: default value of option mesa_glthread overridden by environment.
ATTENTION: default value of option mesa_glthread overridden by environment.
ATTENTION: default value of option mesa_glthread overridden by environment.
1675542237712	Marionette	INFO	Marionette enabled
1675542237717	Marionette	INFO	Listening on port 41771
Read port: 41771
WebDriver BiDi listening on ws://127.0.0.1:38757
1675542237898	RemoteAgent	WARN	TLS certificate errors will be ignored for this session
console.warn: SearchSettings: "get: No settings file exists, new profile?" (new NotFoundError("Could not open the file at /tmp/rust_mozprofileYAOBpK/search.json.mozlz4", (void 0)))
DevTools listening on ws://127.0.0.1:38757/devtools/browser/7318b009-6810-479b-a393-8d2d97c0acdc
1675542241784	Marionette	INFO	Stopped listening on port 41771
WARNING: A blocker encountered an error while we were waiting.
          Blocker:  Waiting for ping task
          Phase: TelemetryController: Waiting for pending ping activity
          State: (none)
WARNING: Error: Phase "profile-before-change" is finished, it is too late to register completion condition "OS.File: flush I/O queued before profileBeforeChange"
WARNING: addBlocker@resource://gre/modules/AsyncShutdown.jsm:718:15
addBlocker@resource://gre/modules/AsyncShutdown.jsm:523:26
addBlocker@resource://gre/modules/AsyncShutdown.jsm:462:15
setupShutdown@resource://gre/modules/osfile/osfile_async_front.jsm:1548:28
@resource://gre/modules/osfile/osfile_async_front.jsm:1568:16
@resource://gre/modules/osfile.jsm:12:30
@resource://gre/modules/TelemetryStorage.jsm:19:28
promiseArchivePing@resource://gre/modules/TelemetryArchive.jsm:103:5
promiseArchivePing@resource://gre/modules/TelemetryArchive.jsm:63:33
_submitPingLogic@resource://gre/modules/TelemetryControllerParent.jsm:540:48
send@resource://gre/modules/TelemetryControllerParent.jsm:628:24
submitExternalPing@resource://gre/modules/TelemetryControllerParent.jsm:182:17
sendPing@resource://gre/modules/EventPing.jsm:51:30
_submitPing@resource://gre/modules/EventPing.jsm:229:12
shutdown@resource://gre/modules/EventPing.jsm:112:10
_cleanupOnShutdown@resource://gre/modules/TelemetryControllerParent.jsm:940:31
shutdown/<@resource://gre/modules/TelemetryControllerParent.jsm:1010:24
observe@resource://gre/modules/AsyncShutdown.jsm:572:16

WARNING: A blocker encountered an error while we were waiting.
          Blocker:  Waiting for ping task
          Phase: TelemetryController: Waiting for pending ping activity
          State: (none)
WARNING: Error: Phase "profile-before-change" is finished, it is too late to register completion condition "OS.File: flush I/O queued before profileBeforeChange"
WARNING: addBlocker@resource://gre/modules/AsyncShutdown.jsm:718:15
addBlocker@resource://gre/modules/AsyncShutdown.jsm:523:26
addBlocker@resource://gre/modules/AsyncShutdown.jsm:462:15
setupShutdown@resource://gre/modules/osfile/osfile_async_front.jsm:1548:28
@resource://gre/modules/osfile/osfile_async_front.jsm:1568:16
@resource://gre/modules/osfile.jsm:12:30
@resource://gre/modules/TelemetryStorage.jsm:19:28
promiseArchivePing@resource://gre/modules/TelemetryArchive.jsm:103:5
promiseArchivePing@resource://gre/modules/TelemetryArchive.jsm:63:33
_submitPingLogic@resource://gre/modules/TelemetryControllerParent.jsm:540:48
send@resource://gre/modules/TelemetryControllerParent.jsm:628:24
submitExternalPing@resource://gre/modules/TelemetryControllerParent.jsm:182:17
saveShutdownPings@resource://gre/modules/TelemetrySession.jsm:982:34
shutdownChromeProcess/cleanup/<@resource://gre/modules/TelemetrySession.jsm:1232:20
cleanup@resource://gre/modules/TelemetrySession.jsm:1239:9
shutdownChromeProcess@resource://gre/modules/TelemetrySession.jsm:1256:14
shutdown@resource://gre/modules/TelemetrySession.jsm:247:17
_cleanupOnShutdown@resource://gre/modules/TelemetryControllerParent.jsm:959:35
observe@resource://gre/modules/AsyncShutdown.jsm:572:16

WARNING: A blocker encountered an error while we were waiting.
          Blocker:  Waiting for ping task
          Phase: TelemetryController: Waiting for pending ping activity
          State: (none)
WARNING: Error: Phase "profile-before-change" is finished, it is too late to register completion condition "OS.File: flush I/O queued before profileBeforeChange"
WARNING: addBlocker@resource://gre/modules/AsyncShutdown.jsm:718:15
addBlocker@resource://gre/modules/AsyncShutdown.jsm:523:26
addBlocker@resource://gre/modules/AsyncShutdown.jsm:462:15
setupShutdown@resource://gre/modules/osfile/osfile_async_front.jsm:1548:28
@resource://gre/modules/osfile/osfile_async_front.jsm:1568:16
@resource://gre/modules/osfile.jsm:12:30
@resource://gre/modules/TelemetryStorage.jsm:19:28
promiseArchivePing@resource://gre/modules/TelemetryArchive.jsm:103:5
promiseArchivePing@resource://gre/modules/TelemetryArchive.jsm:63:33
_submitPingLogic@resource://gre/modules/TelemetryControllerParent.jsm:540:48
send@resource://gre/modules/TelemetryControllerParent.jsm:628:24
submitExternalPing@resource://gre/modules/TelemetryControllerParent.jsm:182:17
saveShutdownPings@resource://gre/modules/TelemetrySession.jsm:1014:36
shutdownChromeProcess/cleanup/<@resource://gre/modules/TelemetrySession.jsm:1232:20
cleanup@resource://gre/modules/TelemetrySession.jsm:1239:9
shutdownChromeProcess@resource://gre/modules/TelemetrySession.jsm:1256:14
shutdown@resource://gre/modules/TelemetrySession.jsm:247:17
_cleanupOnShutdown@resource://gre/modules/TelemetryControllerParent.jsm:959:35
observe@resource://gre/modules/AsyncShutdown.jsm:572:16

WARNING: A blocker encountered an error while we were waiting.
          Blocker:  TelemetryController: shutting down
          Phase: profile-before-change-telemetry
          State: Error getting state: Error: Phase "profile-before-change" is finished, it is too late to register completion condition "OS.File: flush I/O queued before profileBeforeChange" at addBlocker@resource://gre/modules/AsyncShutdown.jsm:718:15
addBlocker@resource://gre/modules/AsyncShutdown.jsm:523:26
addBlocker@resource://gre/modules/AsyncShutdown.jsm:462:15
setupShutdown@resource://gre/modules/osfile/osfile_async_front.jsm:1548:28
@resource://gre/modules/osfile/osfile_async_front.jsm:1568:16
@resource://gre/modules/osfile.jsm:12:30
@resource://gre/modules/TelemetryStorage.jsm:19:28
getShutdownState@resource://gre/modules/TelemetrySend.jsm:1692:7
getShutdownState@resource://gre/modules/TelemetrySend.jsm:374:30
_getState@resource://gre/modules/TelemetryControllerParent.jsm:1058:38
setupTelemetry/<@resource://gre/modules/TelemetryControllerParent.jsm:917:18
safeGetState@resource://gre/modules/AsyncShutdown.jsm:254:17
Barrier/_internalAddBlocker/promise<@resource://gre/modules/AsyncShutdown.jsm:773:20
observe@resource://gre/modules/AsyncShutdown.jsm:572:16

WARNING: Error: Phase "profile-before-change" is finished, it is too late to register completion condition "OS.File: flush I/O queued before profileBeforeChange"
WARNING: addBlocker@resource://gre/modules/AsyncShutdown.jsm:718:15
addBlocker@resource://gre/modules/AsyncShutdown.jsm:523:26
addBlocker@resource://gre/modules/AsyncShutdown.jsm:462:15
setupShutdown@resource://gre/modules/osfile/osfile_async_front.jsm:1548:28
@resource://gre/modules/osfile/osfile_async_front.jsm:1568:16
@resource://gre/modules/osfile.jsm:12:30
@resource://gre/modules/TelemetryStorage.jsm:19:28
removeAbortedSessionPing@resource://gre/modules/TelemetryControllerParent.jsm:721:5
removeAbortedSessionPing@resource://gre/modules/TelemetryControllerParent.jsm:249:17
shutdownChromeProcess/cleanup/<@resource://gre/modules/TelemetrySession.jsm:1235:42
observe@resource://gre/modules/AsyncShutdown.jsm:572:16

JavaScript error: resource://gre/modules/AsyncShutdown.jsm, line 718: Error: Phase "profile-before-change" is finished, it is too late to register completion condition "OS.File: flush I/O queued before profileBeforeChange"
JavaScript error: resource://gre/modules/AsyncShutdown.jsm, line 718: Error: Phase "profile-before-change" is finished, it is too late to register completion condition "OS.File: flush I/O queued before profileBeforeChange"
JavaScript error: resource://gre/modules/AsyncShutdown.jsm, line 718: Error: Phase "profile-before-change" is finished, it is too late to register completion condition "OS.File: flush I/O queued before profileBeforeChange"
JavaScript error: resource://gre/modules/AsyncShutdown.jsm, line 718: Error: Phase "profile-before-change" is finished, it is too late to register completion condition "OS.File: flush I/O queued before profileBeforeChange"
JavaScript error: resource://gre/modules/AsyncShutdown.jsm, line 718: Error: Phase "profile-before-change" is finished, it is too late to register completion condition "OS.File: flush I/O queued before profileBeforeChange"
JavaScript error: resource://gre/modules/AsyncShutdown.jsm, line 718: Error: Phase "profile-before-change" is finished, it is too late to register completion condition "OS.File: flush I/O queued before profileBeforeChange"
1675542282718	geckodriver	INFO	Listening on 127.0.0.1:52053
1675542282789	mozrunner::runner	INFO	Running command: "/usr/bin/firefox" "--marionette" "--remote-debugging-port" "53611" "--remote-allow-hosts" "localhost" "-no-remote" "-profile" "/tmp/rust_mozprofile6jDLab"
ATTENTION: default value of option mesa_glthread overridden by environment.
ATTENTION: default value of option mesa_glthread overridden by environment.
ATTENTION: default value of option mesa_glthread overridden by environment.
ATTENTION: default value of option mesa_glthread overridden by environment.
1675542283639	Marionette	INFO	Marionette enabled
1675542283643	Marionette	INFO	Listening on port 33833
Read port: 33833
WebDriver BiDi listening on ws://127.0.0.1:53611
1675542283820	RemoteAgent	WARN	TLS certificate errors will be ignored for this session
console.warn: SearchSettings: "get: No settings file exists, new profile?" (new NotFoundError("Could not open the file at /tmp/rust_mozprofile6jDLab/search.json.mozlz4", (void 0)))
DevTools listening on ws://127.0.0.1:53611/devtools/browser/bd302a7d-fc64-467d-92a8-934f993b07bf
1675542289068	Marionette	INFO	Stopped listening on port 33833
WARNING: A blocker encountered an error while we were waiting.
          Blocker:  Waiting for ping task
          Phase: TelemetryController: Waiting for pending ping activity
          State: (none)
WARNING: Error: Phase "profile-before-change" is finished, it is too late to register completion condition "OS.File: flush I/O queued before profileBeforeChange"
WARNING: addBlocker@resource://gre/modules/AsyncShutdown.jsm:718:15
addBlocker@resource://gre/modules/AsyncShutdown.jsm:523:26
addBlocker@resource://gre/modules/AsyncShutdown.jsm:462:15
setupShutdown@resource://gre/modules/osfile/osfile_async_front.jsm:1548:28
@resource://gre/modules/osfile/osfile_async_front.jsm:1568:16
@resource://gre/modules/osfile.jsm:12:30
@resource://gre/modules/TelemetryStorage.jsm:19:28
promiseArchivePing@resource://gre/modules/TelemetryArchive.jsm:103:5
promiseArchivePing@resource://gre/modules/TelemetryArchive.jsm:63:33
_submitPingLogic@resource://gre/modules/TelemetryControllerParent.jsm:540:48
send@resource://gre/modules/TelemetryControllerParent.jsm:628:24
submitExternalPing@resource://gre/modules/TelemetryControllerParent.jsm:182:17
sendPing@resource://gre/modules/EventPing.jsm:51:30
_submitPing@resource://gre/modules/EventPing.jsm:229:12
shutdown@resource://gre/modules/EventPing.jsm:112:10
_cleanupOnShutdown@resource://gre/modules/TelemetryControllerParent.jsm:940:31
shutdown/<@resource://gre/modules/TelemetryControllerParent.jsm:1010:24
observe@resource://gre/modules/AsyncShutdown.jsm:572:16

WARNING: A blocker encountered an error while we were waiting.
          Blocker:  Waiting for ping task
          Phase: TelemetryController: Waiting for pending ping activity
          State: (none)
WARNING: Error: Phase "profile-before-change" is finished, it is too late to register completion condition "OS.File: flush I/O queued before profileBeforeChange"
WARNING: addBlocker@resource://gre/modules/AsyncShutdown.jsm:718:15
addBlocker@resource://gre/modules/AsyncShutdown.jsm:523:26
addBlocker@resource://gre/modules/AsyncShutdown.jsm:462:15
setupShutdown@resource://gre/modules/osfile/osfile_async_front.jsm:1548:28
@resource://gre/modules/osfile/osfile_async_front.jsm:1568:16
@resource://gre/modules/osfile.jsm:12:30
@resource://gre/modules/TelemetryStorage.jsm:19:28
promiseArchivePing@resource://gre/modules/TelemetryArchive.jsm:103:5
promiseArchivePing@resource://gre/modules/TelemetryArchive.jsm:63:33
_submitPingLogic@resource://gre/modules/TelemetryControllerParent.jsm:540:48
send@resource://gre/modules/TelemetryControllerParent.jsm:628:24
submitExternalPing@resource://gre/modules/TelemetryControllerParent.jsm:182:17
saveShutdownPings@resource://gre/modules/TelemetrySession.jsm:982:34
shutdownChromeProcess/cleanup/<@resource://gre/modules/TelemetrySession.jsm:1232:20
cleanup@resource://gre/modules/TelemetrySession.jsm:1239:9
shutdownChromeProcess@resource://gre/modules/TelemetrySession.jsm:1256:14
shutdown@resource://gre/modules/TelemetrySession.jsm:247:17
_cleanupOnShutdown@resource://gre/modules/TelemetryControllerParent.jsm:959:35
observe@resource://gre/modules/AsyncShutdown.jsm:572:16

WARNING: A blocker encountered an error while we were waiting.
          Blocker:  Waiting for ping task
          Phase: TelemetryController: Waiting for pending ping activity
          State: (none)
WARNING: Error: Phase "profile-before-change" is finished, it is too late to register completion condition "OS.File: flush I/O queued before profileBeforeChange"
WARNING: addBlocker@resource://gre/modules/AsyncShutdown.jsm:718:15
addBlocker@resource://gre/modules/AsyncShutdown.jsm:523:26
addBlocker@resource://gre/modules/AsyncShutdown.jsm:462:15
setupShutdown@resource://gre/modules/osfile/osfile_async_front.jsm:1548:28
@resource://gre/modules/osfile/osfile_async_front.jsm:1568:16
@resource://gre/modules/osfile.jsm:12:30
@resource://gre/modules/TelemetryStorage.jsm:19:28
promiseArchivePing@resource://gre/modules/TelemetryArchive.jsm:103:5
promiseArchivePing@resource://gre/modules/TelemetryArchive.jsm:63:33
_submitPingLogic@resource://gre/modules/TelemetryControllerParent.jsm:540:48
send@resource://gre/modules/TelemetryControllerParent.jsm:628:24
submitExternalPing@resource://gre/modules/TelemetryControllerParent.jsm:182:17
saveShutdownPings@resource://gre/modules/TelemetrySession.jsm:1014:36
shutdownChromeProcess/cleanup/<@resource://gre/modules/TelemetrySession.jsm:1232:20
cleanup@resource://gre/modules/TelemetrySession.jsm:1239:9
shutdownChromeProcess@resource://gre/modules/TelemetrySession.jsm:1256:14
shutdown@resource://gre/modules/TelemetrySession.jsm:247:17
_cleanupOnShutdown@resource://gre/modules/TelemetryControllerParent.jsm:959:35
observe@resource://gre/modules/AsyncShutdown.jsm:572:16

WARNING: A blocker encountered an error while we were waiting.
          Blocker:  TelemetryController: shutting down
          Phase: profile-before-change-telemetry
          State: Error getting state: Error: Phase "profile-before-change" is finished, it is too late to register completion condition "OS.File: flush I/O queued before profileBeforeChange" at addBlocker@resource://gre/modules/AsyncShutdown.jsm:718:15
addBlocker@resource://gre/modules/AsyncShutdown.jsm:523:26
addBlocker@resource://gre/modules/AsyncShutdown.jsm:462:15
setupShutdown@resource://gre/modules/osfile/osfile_async_front.jsm:1548:28
@resource://gre/modules/osfile/osfile_async_front.jsm:1568:16
@resource://gre/modules/osfile.jsm:12:30
@resource://gre/modules/TelemetryStorage.jsm:19:28
getShutdownState@resource://gre/modules/TelemetrySend.jsm:1692:7
getShutdownState@resource://gre/modules/TelemetrySend.jsm:374:30
_getState@resource://gre/modules/TelemetryControllerParent.jsm:1058:38
setupTelemetry/<@resource://gre/modules/TelemetryControllerParent.jsm:917:18
safeGetState@resource://gre/modules/AsyncShutdown.jsm:254:17
Barrier/_internalAddBlocker/promise<@resource://gre/modules/AsyncShutdown.jsm:773:20
observe@resource://gre/modules/AsyncShutdown.jsm:572:16

WARNING: Error: Phase "profile-before-change" is finished, it is too late to register completion condition "OS.File: flush I/O queued before profileBeforeChange"
WARNING: addBlocker@resource://gre/modules/AsyncShutdown.jsm:718:15
addBlocker@resource://gre/modules/AsyncShutdown.jsm:523:26
addBlocker@resource://gre/modules/AsyncShutdown.jsm:462:15
setupShutdown@resource://gre/modules/osfile/osfile_async_front.jsm:1548:28
@resource://gre/modules/osfile/osfile_async_front.jsm:1568:16
@resource://gre/modules/osfile.jsm:12:30
@resource://gre/modules/TelemetryStorage.jsm:19:28
removeAbortedSessionPing@resource://gre/modules/TelemetryControllerParent.jsm:721:5
removeAbortedSessionPing@resource://gre/modules/TelemetryControllerParent.jsm:249:17
shutdownChromeProcess/cleanup/<@resource://gre/modules/TelemetrySession.jsm:1235:42
observe@resource://gre/modules/AsyncShutdown.jsm:572:16

JavaScript error: resource://gre/modules/AsyncShutdown.jsm, line 718: Error: Phase "profile-before-change" is finished, it is too late to register completion condition "OS.File: flush I/O queued before profileBeforeChange"
JavaScript error: resource://gre/modules/AsyncShutdown.jsm, line 718: Error: Phase "profile-before-change" is finished, it is too late to register completion condition "OS.File: flush I/O queued before profileBeforeChange"
JavaScript error: resource://gre/modules/AsyncShutdown.jsm, line 718: Error: Phase "profile-before-change" is finished, it is too late to register completion condition "OS.File: flush I/O queued before profileBeforeChange"
JavaScript error: resource://gre/modules/AsyncShutdown.jsm, line 718: Error: Phase "profile-before-change" is finished, it is too late to register completion condition "OS.File: flush I/O queued before profileBeforeChange"
JavaScript error: resource://gre/modules/AsyncShutdown.jsm, line 718: Error: Phase "profile-before-change" is finished, it is too late to register completion condition "OS.File: flush I/O queued before profileBeforeChange"
JavaScript error: resource://gre/modules/AsyncShutdown.jsm, line 718: Error: Phase "profile-before-change" is finished, it is too late to register completion condition "OS.File: flush I/O queued before profileBeforeChange"
1675542767901	geckodriver	INFO	Listening on 127.0.0.1:47213
1675542768523	mozrunner::runner	INFO	Running command: "/usr/bin/firefox" "--marionette" "--remote-debugging-port" "36259" "--remote-allow-hosts" "localhost" "-no-remote" "-profile" "/tmp/rust_mozprofileodBOPO"
ATTENTION: default value of option mesa_glthread overridden by environment.
ATTENTION: default value of option mesa_glthread overridden by environment.
ATTENTION: default value of option mesa_glthread overridden by environment.
ATTENTION: default value of option mesa_glthread overridden by environment.
1675542769445	Marionette	INFO	Marionette enabled
1675542769448	Marionette	INFO	Listening on port 39581
Read port: 39581
WebDriver BiDi listening on ws://127.0.0.1:36259
1675542769643	RemoteAgent	WARN	TLS certificate errors will be ignored for this session
console.warn: SearchSettings: "get: No settings file exists, new profile?" (new NotFoundError("Could not open the file at /tmp/rust_mozprofileodBOPO/search.json.mozlz4", (void 0)))
DevTools listening on ws://127.0.0.1:36259/devtools/browser/fd2e784d-27f4-42be-9dab-6c09a5a4a4b3
1675542777180	Marionette	INFO	Stopped listening on port 39581
WARNING: A blocker encountered an error while we were waiting.
          Blocker:  Waiting for ping task
          Phase: TelemetryController: Waiting for pending ping activity
          State: (none)
WARNING: Error: Phase "profile-before-change" is finished, it is too late to register completion condition "OS.File: flush I/O queued before profileBeforeChange"
WARNING: addBlocker@resource://gre/modules/AsyncShutdown.jsm:718:15
addBlocker@resource://gre/modules/AsyncShutdown.jsm:523:26
addBlocker@resource://gre/modules/AsyncShutdown.jsm:462:15
setupShutdown@resource://gre/modules/osfile/osfile_async_front.jsm:1548:28
@resource://gre/modules/osfile/osfile_async_front.jsm:1568:16
@resource://gre/modules/osfile.jsm:12:30
@resource://gre/modules/TelemetryStorage.jsm:19:28
promiseArchivePing@resource://gre/modules/TelemetryArchive.jsm:103:5
promiseArchivePing@resource://gre/modules/TelemetryArchive.jsm:63:33
_submitPingLogic@resource://gre/modules/TelemetryControllerParent.jsm:540:48
send@resource://gre/modules/TelemetryControllerParent.jsm:628:24
submitExternalPing@resource://gre/modules/TelemetryControllerParent.jsm:182:17
sendPing@resource://gre/modules/EventPing.jsm:51:30
_submitPing@resource://gre/modules/EventPing.jsm:229:12
shutdown@resource://gre/modules/EventPing.jsm:112:10
_cleanupOnShutdown@resource://gre/modules/TelemetryControllerParent.jsm:940:31
shutdown/<@resource://gre/modules/TelemetryControllerParent.jsm:1010:24
observe@resource://gre/modules/AsyncShutdown.jsm:572:16

WARNING: A blocker encountered an error while we were waiting.
          Blocker:  Waiting for ping task
          Phase: TelemetryController: Waiting for pending ping activity
          State: (none)
WARNING: Error: Phase "profile-before-change" is finished, it is too late to register completion condition "OS.File: flush I/O queued before profileBeforeChange"
WARNING: addBlocker@resource://gre/modules/AsyncShutdown.jsm:718:15
addBlocker@resource://gre/modules/AsyncShutdown.jsm:523:26
addBlocker@resource://gre/modules/AsyncShutdown.jsm:462:15
setupShutdown@resource://gre/modules/osfile/osfile_async_front.jsm:1548:28
@resource://gre/modules/osfile/osfile_async_front.jsm:1568:16
@resource://gre/modules/osfile.jsm:12:30
@resource://gre/modules/TelemetryStorage.jsm:19:28
promiseArchivePing@resource://gre/modules/TelemetryArchive.jsm:103:5
promiseArchivePing@resource://gre/modules/TelemetryArchive.jsm:63:33
_submitPingLogic@resource://gre/modules/TelemetryControllerParent.jsm:540:48
send@resource://gre/modules/TelemetryControllerParent.jsm:628:24
submitExternalPing@resource://gre/modules/TelemetryControllerParent.jsm:182:17
saveShutdownPings@resource://gre/modules/TelemetrySession.jsm:982:34
shutdownChromeProcess/cleanup/<@resource://gre/modules/TelemetrySession.jsm:1232:20
cleanup@resource://gre/modules/TelemetrySession.jsm:1239:9
shutdownChromeProcess@resource://gre/modules/TelemetrySession.jsm:1256:14
shutdown@resource://gre/modules/TelemetrySession.jsm:247:17
_cleanupOnShutdown@resource://gre/modules/TelemetryControllerParent.jsm:959:35
observe@resource://gre/modules/AsyncShutdown.jsm:572:16

WARNING: A blocker encountered an error while we were waiting.
          Blocker:  Waiting for ping task
          Phase: TelemetryController: Waiting for pending ping activity
          State: (none)
WARNING: Error: Phase "profile-before-change" is finished, it is too late to register completion condition "OS.File: flush I/O queued before profileBeforeChange"
WARNING: addBlocker@resource://gre/modules/AsyncShutdown.jsm:718:15
addBlocker@resource://gre/modules/AsyncShutdown.jsm:523:26
addBlocker@resource://gre/modules/AsyncShutdown.jsm:462:15
setupShutdown@resource://gre/modules/osfile/osfile_async_front.jsm:1548:28
@resource://gre/modules/osfile/osfile_async_front.jsm:1568:16
@resource://gre/modules/osfile.jsm:12:30
@resource://gre/modules/TelemetryStorage.jsm:19:28
promiseArchivePing@resource://gre/modules/TelemetryArchive.jsm:103:5
promiseArchivePing@resource://gre/modules/TelemetryArchive.jsm:63:33
_submitPingLogic@resource://gre/modules/TelemetryControllerParent.jsm:540:48
send@resource://gre/modules/TelemetryControllerParent.jsm:628:24
submitExternalPing@resource://gre/modules/TelemetryControllerParent.jsm:182:17
saveShutdownPings@resource://gre/modules/TelemetrySession.jsm:1014:36
shutdownChromeProcess/cleanup/<@resource://gre/modules/TelemetrySession.jsm:1232:20
cleanup@resource://gre/modules/TelemetrySession.jsm:1239:9
shutdownChromeProcess@resource://gre/modules/TelemetrySession.jsm:1256:14
shutdown@resource://gre/modules/TelemetrySession.jsm:247:17
_cleanupOnShutdown@resource://gre/modules/TelemetryControllerParent.jsm:959:35
observe@resource://gre/modules/AsyncShutdown.jsm:572:16

WARNING: A blocker encountered an error while we were waiting.
          Blocker:  TelemetryController: shutting down
          Phase: profile-before-change-telemetry
          State: Error getting state: Error: Phase "profile-before-change" is finished, it is too late to register completion condition "OS.File: flush I/O queued before profileBeforeChange" at addBlocker@resource://gre/modules/AsyncShutdown.jsm:718:15
addBlocker@resource://gre/modules/AsyncShutdown.jsm:523:26
addBlocker@resource://gre/modules/AsyncShutdown.jsm:462:15
setupShutdown@resource://gre/modules/osfile/osfile_async_front.jsm:1548:28
@resource://gre/modules/osfile/osfile_async_front.jsm:1568:16
@resource://gre/modules/osfile.jsm:12:30
@resource://gre/modules/TelemetryStorage.jsm:19:28
getShutdownState@resource://gre/modules/TelemetrySend.jsm:1692:7
getShutdownState@resource://gre/modules/TelemetrySend.jsm:374:30
_getState@resource://gre/modules/TelemetryControllerParent.jsm:1058:38
setupTelemetry/<@resource://gre/modules/TelemetryControllerParent.jsm:917:18
safeGetState@resource://gre/modules/AsyncShutdown.jsm:254:17
Barrier/_internalAddBlocker/promise<@resource://gre/modules/AsyncShutdown.jsm:773:20
observe@resource://gre/modules/AsyncShutdown.jsm:572:16

WARNING: Error: Phase "profile-before-change" is finished, it is too late to register completion condition "OS.File: flush I/O queued before profileBeforeChange"
WARNING: addBlocker@resource://gre/modules/AsyncShutdown.jsm:718:15
addBlocker@resource://gre/modules/AsyncShutdown.jsm:523:26
addBlocker@resource://gre/modules/AsyncShutdown.jsm:462:15
setupShutdown@resource://gre/modules/osfile/osfile_async_front.jsm:1548:28
@resource://gre/modules/osfile/osfile_async_front.jsm:1568:16
@resource://gre/modules/osfile.jsm:12:30
@resource://gre/modules/TelemetryStorage.jsm:19:28
removeAbortedSessionPing@resource://gre/modules/TelemetryControllerParent.jsm:721:5
removeAbortedSessionPing@resource://gre/modules/TelemetryControllerParent.jsm:249:17
shutdownChromeProcess/cleanup/<@resource://gre/modules/TelemetrySession.jsm:1235:42
observe@resource://gre/modules/AsyncShutdown.jsm:572:16

JavaScript error: resource://gre/modules/AsyncShutdown.jsm, line 718: Error: Phase "profile-before-change" is finished, it is too late to register completion condition "OS.File: flush I/O queued before profileBeforeChange"
JavaScript error: resource://gre/modules/AsyncShutdown.jsm, line 718: Error: Phase "profile-before-change" is finished, it is too late to register completion condition "OS.File: flush I/O queued before profileBeforeChange"
JavaScript error: resource://gre/modules/AsyncShutdown.jsm, line 718: Error: Phase "profile-before-change" is finished, it is too late to register completion condition "OS.File: flush I/O queued before profileBeforeChange"
JavaScript error: resource://gre/modules/AsyncShutdown.jsm, line 718: Error: Phase "profile-before-change" is finished, it is too late to register completion condition "OS.File: flush I/O queued before profileBeforeChange"
JavaScript error: resource://gre/modules/AsyncShutdown.jsm, line 718: Error: Phase "profile-before-change" is finished, it is too late to register completion condition "OS.File: flush I/O queued before profileBeforeChange"
JavaScript error: resource://gre/modules/AsyncShutdown.jsm, line 718: Error: Phase "profile-before-change" is finished, it is too late to register completion condition "OS.File: flush I/O queued before profileBeforeChange"
1675542888918	geckodriver	INFO	Listening on 127.0.0.1:52941
1675542889540	mozrunner::runner	INFO	Running command: "/usr/bin/firefox" "--marionette" "--remote-debugging-port" "57467" "--remote-allow-hosts" "localhost" "-no-remote" "-profile" "/tmp/rust_mozprofileFGL9Vw"
ATTENTION: default value of option mesa_glthread overridden by environment.
ATTENTION: default value of option mesa_glthread overridden by environment.
ATTENTION: default value of option mesa_glthread overridden by environment.
ATTENTION: default value of option mesa_glthread overridden by environment.
1675542890397	Marionette	INFO	Marionette enabled
1675542890401	Marionette	INFO	Listening on port 35445
Read port: 35445
WebDriver BiDi listening on ws://127.0.0.1:57467
1675542890579	RemoteAgent	WARN	TLS certificate errors will be ignored for this session
console.warn: SearchSettings: "get: No settings file exists, new profile?" (new NotFoundError("Could not open the file at /tmp/rust_mozprofileFGL9Vw/search.json.mozlz4", (void 0)))
DevTools listening on ws://127.0.0.1:57467/devtools/browser/b605a7c0-933c-495f-b298-8c6183f74262
1675542897552	Marionette	INFO	Stopped listening on port 35445
WARNING: A blocker encountered an error while we were waiting.
          Blocker:  Waiting for ping task
          Phase: TelemetryController: Waiting for pending ping activity
          State: (none)
WARNING: Error: Phase "profile-before-change" is finished, it is too late to register completion condition "OS.File: flush I/O queued before profileBeforeChange"
WARNING: addBlocker@resource://gre/modules/AsyncShutdown.jsm:718:15
addBlocker@resource://gre/modules/AsyncShutdown.jsm:523:26
addBlocker@resource://gre/modules/AsyncShutdown.jsm:462:15
setupShutdown@resource://gre/modules/osfile/osfile_async_front.jsm:1548:28
@resource://gre/modules/osfile/osfile_async_front.jsm:1568:16
@resource://gre/modules/osfile.jsm:12:30
@resource://gre/modules/TelemetryStorage.jsm:19:28
promiseArchivePing@resource://gre/modules/TelemetryArchive.jsm:103:5
promiseArchivePing@resource://gre/modules/TelemetryArchive.jsm:63:33
_submitPingLogic@resource://gre/modules/TelemetryControllerParent.jsm:540:48
send@resource://gre/modules/TelemetryControllerParent.jsm:628:24
submitExternalPing@resource://gre/modules/TelemetryControllerParent.jsm:182:17
sendPing@resource://gre/modules/EventPing.jsm:51:30
_submitPing@resource://gre/modules/EventPing.jsm:229:12
shutdown@resource://gre/modules/EventPing.jsm:112:10
_cleanupOnShutdown@resource://gre/modules/TelemetryControllerParent.jsm:940:31
shutdown/<@resource://gre/modules/TelemetryControllerParent.jsm:1010:24
observe@resource://gre/modules/AsyncShutdown.jsm:572:16

WARNING: A blocker encountered an error while we were waiting.
          Blocker:  Waiting for ping task
          Phase: TelemetryController: Waiting for pending ping activity
          State: (none)
WARNING: Error: Phase "profile-before-change" is finished, it is too late to register completion condition "OS.File: flush I/O queued before profileBeforeChange"
WARNING: addBlocker@resource://gre/modules/AsyncShutdown.jsm:718:15
addBlocker@resource://gre/modules/AsyncShutdown.jsm:523:26
addBlocker@resource://gre/modules/AsyncShutdown.jsm:462:15
setupShutdown@resource://gre/modules/osfile/osfile_async_front.jsm:1548:28
@resource://gre/modules/osfile/osfile_async_front.jsm:1568:16
@resource://gre/modules/osfile.jsm:12:30
@resource://gre/modules/TelemetryStorage.jsm:19:28
promiseArchivePing@resource://gre/modules/TelemetryArchive.jsm:103:5
promiseArchivePing@resource://gre/modules/TelemetryArchive.jsm:63:33
_submitPingLogic@resource://gre/modules/TelemetryControllerParent.jsm:540:48
send@resource://gre/modules/TelemetryControllerParent.jsm:628:24
submitExternalPing@resource://gre/modules/TelemetryControllerParent.jsm:182:17
saveShutdownPings@resource://gre/modules/TelemetrySession.jsm:982:34
shutdownChromeProcess/cleanup/<@resource://gre/modules/TelemetrySession.jsm:1232:20
cleanup@resource://gre/modules/TelemetrySession.jsm:1239:9
shutdownChromeProcess@resource://gre/modules/TelemetrySession.jsm:1256:14
shutdown@resource://gre/modules/TelemetrySession.jsm:247:17
_cleanupOnShutdown@resource://gre/modules/TelemetryControllerParent.jsm:959:35
observe@resource://gre/modules/AsyncShutdown.jsm:572:16

WARNING: A blocker encountered an error while we were waiting.
          Blocker:  Waiting for ping task
          Phase: TelemetryController: Waiting for pending ping activity
          State: (none)
WARNING: Error: Phase "profile-before-change" is finished, it is too late to register completion condition "OS.File: flush I/O queued before profileBeforeChange"
WARNING: addBlocker@resource://gre/modules/AsyncShutdown.jsm:718:15
addBlocker@resource://gre/modules/AsyncShutdown.jsm:523:26
addBlocker@resource://gre/modules/AsyncShutdown.jsm:462:15
setupShutdown@resource://gre/modules/osfile/osfile_async_front.jsm:1548:28
@resource://gre/modules/osfile/osfile_async_front.jsm:1568:16
@resource://gre/modules/osfile.jsm:12:30
@resource://gre/modules/TelemetryStorage.jsm:19:28
promiseArchivePing@resource://gre/modules/TelemetryArchive.jsm:103:5
promiseArchivePing@resource://gre/modules/TelemetryArchive.jsm:63:33
_submitPingLogic@resource://gre/modules/TelemetryControllerParent.jsm:540:48
send@resource://gre/modules/TelemetryControllerParent.jsm:628:24
submitExternalPing@resource://gre/modules/TelemetryControllerParent.jsm:182:17
saveShutdownPings@resource://gre/modules/TelemetrySession.jsm:1014:36
shutdownChromeProcess/cleanup/<@resource://gre/modules/TelemetrySession.jsm:1232:20
cleanup@resource://gre/modules/TelemetrySession.jsm:1239:9
shutdownChromeProcess@resource://gre/modules/TelemetrySession.jsm:1256:14
shutdown@resource://gre/modules/TelemetrySession.jsm:247:17
_cleanupOnShutdown@resource://gre/modules/TelemetryControllerParent.jsm:959:35
observe@resource://gre/modules/AsyncShutdown.jsm:572:16

WARNING: A blocker encountered an error while we were waiting.
          Blocker:  TelemetryController: shutting down
          Phase: profile-before-change-telemetry
          State: Error getting state: Error: Phase "profile-before-change" is finished, it is too late to register completion condition "OS.File: flush I/O queued before profileBeforeChange" at addBlocker@resource://gre/modules/AsyncShutdown.jsm:718:15
addBlocker@resource://gre/modules/AsyncShutdown.jsm:523:26
addBlocker@resource://gre/modules/AsyncShutdown.jsm:462:15
setupShutdown@resource://gre/modules/osfile/osfile_async_front.jsm:1548:28
@resource://gre/modules/osfile/osfile_async_front.jsm:1568:16
@resource://gre/modules/osfile.jsm:12:30
@resource://gre/modules/TelemetryStorage.jsm:19:28
getShutdownState@resource://gre/modules/TelemetrySend.jsm:1692:7
getShutdownState@resource://gre/modules/TelemetrySend.jsm:374:30
_getState@resource://gre/modules/TelemetryControllerParent.jsm:1058:38
setupTelemetry/<@resource://gre/modules/TelemetryControllerParent.jsm:917:18
safeGetState@resource://gre/modules/AsyncShutdown.jsm:254:17
Barrier/_internalAddBlocker/promise<@resource://gre/modules/AsyncShutdown.jsm:773:20
observe@resource://gre/modules/AsyncShutdown.jsm:572:16

WARNING: Error: Phase "profile-before-change" is finished, it is too late to register completion condition "OS.File: flush I/O queued before profileBeforeChange"
WARNING: addBlocker@resource://gre/modules/AsyncShutdown.jsm:718:15
addBlocker@resource://gre/modules/AsyncShutdown.jsm:523:26
addBlocker@resource://gre/modules/AsyncShutdown.jsm:462:15
setupShutdown@resource://gre/modules/osfile/osfile_async_front.jsm:1548:28
@resource://gre/modules/osfile/osfile_async_front.jsm:1568:16
@resource://gre/modules/osfile.jsm:12:30
@resource://gre/modules/TelemetryStorage.jsm:19:28
removeAbortedSessionPing@resource://gre/modules/TelemetryControllerParent.jsm:721:5
removeAbortedSessionPing@resource://gre/modules/TelemetryControllerParent.jsm:249:17
shutdownChromeProcess/cleanup/<@resource://gre/modules/TelemetrySession.jsm:1235:42
observe@resource://gre/modules/AsyncShutdown.jsm:572:16

JavaScript error: resource://gre/modules/AsyncShutdown.jsm, line 718: Error: Phase "profile-before-change" is finished, it is too late to register completion condition "OS.File: flush I/O queued before profileBeforeChange"
JavaScript error: resource://gre/modules/AsyncShutdown.jsm, line 718: Error: Phase "profile-before-change" is finished, it is too late to register completion condition "OS.File: flush I/O queued before profileBeforeChange"
JavaScript error: resource://gre/modules/AsyncShutdown.jsm, line 718: Error: Phase "profile-before-change" is finished, it is too late to register completion condition "OS.File: flush I/O queued before profileBeforeChange"
JavaScript error: resource://gre/modules/AsyncShutdown.jsm, line 718: Error: Phase "profile-before-change" is finished, it is too late to register completion condition "OS.File: flush I/O queued before profileBeforeChange"
JavaScript error: resource://gre/modules/AsyncShutdown.jsm, line 718: Error: Phase "profile-before-change" is finished, it is too late to register completion condition "OS.File: flush I/O queued before profileBeforeChange"
JavaScript error: resource://gre/modules/AsyncShutdown.jsm, line 718: Error: Phase "profile-before-change" is finished, it is too late to register completion condition "OS.File: flush I/O queued before profileBeforeChange"
