https://myanimelist.net/profile/NASD:   45.9%
https://myanimelist.net/profile/NASD:   19.8%
https://myanimelist.net/profile/NASD:   6.1%
https://myanimelist.net/profile/NASD:   32.5%
<200 https://myanimelist.net/profile/AbuelitaDeBatman>:   58%
<200 https://myanimelist.net/profile/ImRenaud>:   49.3%
<200 https://myanimelist.net/profile/Zebrech>:   43.1%
<200 https://myanimelist.net/profile/Afloo>:   36.8%
<200 https://myanimelist.net/profile/darkneff>:   44.1%
<200 https://myanimelist.net/profile/Kabuto77>:   22.1%
<200 https://myanimelist.net/profile/DatRandomDude>:   43.5%
<200 https://myanimelist.net/profile/AnimooGrl1999>:   31%
<200 https://myanimelist.net/profile/LunarStarGirl345>:   36.4%
<200 https://myanimelist.net/profile/literaturenerd>:   45.9%
<200 https://myanimelist.net/profile/Anime-ETF>:   44.5%
<200 https://myanimelist.net/profile/HaremOverlord>:   46.9%
<200 https://myanimelist.net/profile/Apichua>:   23%
<200 https://myanimelist.net/profile/Saeba_Ryou>:   38.4%
<200 https://myanimelist.net/profile/Bat9Orrin>:   67.6%
<200 https://myanimelist.net/profile/NASD>: None
<200 https://myanimelist.net/profile/sausicart>:   19.7%
<200 https://myanimelist.net/profile/Ikkun__>:   43.2%
<200 https://myanimelist.net/profile/Xyrielle>:   27.5%
<200 https://myanimelist.net/profile/Otakku>:   46.5%
<200 https://myanimelist.net/profile/EasonJS>:   49.6%
<200 https://myanimelist.net/profile/__Ashura__>:   38.9%
<200 https://myanimelist.net/profile/Souba>:   52.2%
<200 https://myanimelist.net/profile/Lounes123>:   16.4%
<200 https://myanimelist.net/profile/FanTaine>:   37.4%
<200 https://myanimelist.net/profile/Leviatanh>:   45.3%
<200 https://myanimelist.net/profile/Bahram_Raftari>:   59.3%
<200 https://myanimelist.net/profile/Farima>: None
<200 https://myanimelist.net/profile/latrap>: None
<200 https://myanimelist.net/profile/firefoxy333>:   31.3%
<200 https://myanimelist.net/profile/Mugiwaradodo>:   26.2%
<200 https://myanimelist.net/profile/vota>:   51.8%
NASD:   27.7%
NASD:   14.7%
NASD:   67.1%
NASD:   54.7%
['Vizioz', 'BriceMAL', 'Daante_', 'JojoYabuki', 'Radukaii', '-Kagami', 'DesnomLumerian', 'YaBoiBan', 'Korsa-', 'matheousse09', 'EmperorKaido', 'Shiratoria', 'Sakutarou', 'cynic15m', 'Yuiiin', 'FaliaS', 'TopherC17', 'Sukaya', 'S-cryed', 'Ruqaa', 'Iiiik', 'Djidji', 'Mimi_Milk', 'Bat9Orrin', 'Saeba_Ryou', 'Apichua', 'HaremOverlord', 'literaturenerd', 'LunarStarGirl345', 'AnimooGrl1999', 'Zebrech', 'Afloo', 'Anime-ETF', 'Kabuto77', 'spacecowboy', 'DatRandomDude', 'ImRenaud', 'darkneff', 'AbuelitaDeBatman', 'ReyMed', 'Sreyso', 'LupinYabuki', 'HaoReact', 'Chifie', 'Zetsubo22', 'KingDespe', '_r_Felipe', 'Xized', 'bAbyLoNE', 'infinico', 'Ragnos055', 'Naou_', 'HibikiHiro', 'Okazaki_Ken', 'Velzevoul', 'sidman_kishitani', '_EnmAi_', 'Faith_Navii', '-asphyxia-', 'HaarWyvern', 'BenjaminJunior', 'mcd_78', '-Nadrel-', 'Lexycal', 'Azuki-ojou', 'Hamou', 'Riasuzume', 'Noodle_June', 'pr4ty', 'rek94', 'DarkSquad28190_-', 'Japy', 'Taikuhatsu', 'Hydraxsfull', 'Luneor', 'PafDesChocapiks', 'imM4rk', 'arthuno', 'Azdo0m', 'TakaXRenge', 'BlackTeaLady', 'Ahmed_paint5', 'Hydroman_', 'Wilump', 'Hikona', 'Tenshibana', 'Pilmou', 'Henatsuka', 'greengolem', 'Biblilichine', 'Railingue', 'ezkeeks', 'QuentiNeicigam', 'Swesve', 'TuyNOM', 'GamesRet', 'tristan-h', 'anaesan', 'Davide_Chikone', 'Lolmortlilol', 'Loleyke', 'Matism', 'Zidanenvy', 'Kreya29', 'Charlotte1412', 'Miss_Violet', 'Sigma00', 'ShiniOz', 'ClaudeDeFrance', 'K0NAMI', 'LouysP', 'Shinigamidere', 'Blastof_', 'Zlio', 'NixoKnight', 'Sifedo', '6lk6', 'Domino1175', 'Laeweth', 'ProfZex', 'Mangamer', 'Juliiiiiiiiiiius', 'Mayuuuu', 'Benku', 'osukaru01', 'Aniki91', 'YelloWCl3ar', 'Clara_', 'LightStyles', 'TheFlamingShark', 'Takiiko', 'WooRax', 'KAIKI-DESU', 'Has8san', 'FakerUBW', 'paraparaship', 'Skytormi', 'ajrich', 'Iwolf441', '3BoOdi43', 'drakoneel', 'vota', 'latrap', 'EricJSC', 'Mugiwaradodo', 'firefoxy333', '_Black', 'Farima', 'Bahram_Raftari', 'Leviatanh', 'FanTaine', 'Lounes123', 'Souba', '__Ashura__', 'EasonJS', 'Otakku', 'Xyrielle', 'Ikkun__', 'sausicart', 'NASD']:   6.1%
['Vizioz', 'BriceMAL', 'Daante_', 'JojoYabuki', 'Radukaii', '-Kagami', 'DesnomLumerian', 'YaBoiBan', 'Korsa-', 'matheousse09', 'EmperorKaido', 'Shiratoria', 'Sakutarou', 'cynic15m', 'Yuiiin', 'FaliaS', 'TopherC17', 'Sukaya', 'S-cryed', 'Ruqaa', 'Iiiik', 'Djidji', 'Mimi_Milk', 'Bat9Orrin', 'Saeba_Ryou', 'Apichua', 'HaremOverlord', 'literaturenerd', 'LunarStarGirl345', 'AnimooGrl1999', 'Zebrech', 'Afloo', 'Anime-ETF', 'Kabuto77', 'spacecowboy', 'DatRandomDude', 'ImRenaud', 'darkneff', 'AbuelitaDeBatman', 'ReyMed', 'Sreyso', 'LupinYabuki', 'HaoReact', 'Chifie', 'Zetsubo22', 'KingDespe', '_r_Felipe', 'Xized', 'bAbyLoNE', 'infinico', 'Ragnos055', 'Naou_', 'HibikiHiro', 'Okazaki_Ken', 'Velzevoul', 'sidman_kishitani', '_EnmAi_', 'Faith_Navii', '-asphyxia-', 'HaarWyvern', 'BenjaminJunior', 'mcd_78', '-Nadrel-', 'Lexycal', 'Azuki-ojou', 'Hamou', 'Riasuzume', 'Noodle_June', 'pr4ty', 'rek94', 'DarkSquad28190_-', 'Japy', 'Taikuhatsu', 'Hydraxsfull', 'Luneor', 'PafDesChocapiks', 'imM4rk', 'arthuno', 'Azdo0m', 'TakaXRenge', 'BlackTeaLady', 'Ahmed_paint5', 'Hydroman_', 'Wilump', 'Hikona', 'Tenshibana', 'Pilmou', 'Henatsuka', 'greengolem', 'Biblilichine', 'Railingue', 'ezkeeks', 'QuentiNeicigam', 'Swesve', 'TuyNOM', 'GamesRet', 'tristan-h', 'anaesan', 'Davide_Chikone', 'Lolmortlilol', 'Loleyke', 'Matism', 'Zidanenvy', 'Kreya29', 'Charlotte1412', 'Miss_Violet', 'Sigma00', 'ShiniOz', 'ClaudeDeFrance', 'K0NAMI', 'LouysP', 'Shinigamidere', 'Blastof_', 'Zlio', 'NixoKnight', 'Sifedo', '6lk6', 'Domino1175', 'Laeweth', 'ProfZex', 'Mangamer', 'Juliiiiiiiiiiius', 'Mayuuuu', 'Benku', 'osukaru01', 'Aniki91', 'YelloWCl3ar', 'Clara_', 'LightStyles', 'TheFlamingShark', 'Takiiko', 'WooRax', 'KAIKI-DESU', 'Has8san', 'FakerUBW', 'paraparaship', 'Skytormi', 'ajrich', 'Iwolf441', '3BoOdi43', 'drakoneel', 'vota', 'latrap', 'EricJSC', 'Mugiwaradodo', 'firefoxy333', '_Black', 'Farima', 'Bahram_Raftari', 'Leviatanh', 'FanTaine', 'Lounes123', 'Souba', '__Ashura__', 'EasonJS', 'Otakku', 'Xyrielle', 'Ikkun__', 'sausicart', 'NASD']:   14.7%
['Vizioz', 'BriceMAL', 'Daante_', 'JojoYabuki', 'Radukaii', '-Kagami', 'DesnomLumerian', 'YaBoiBan', 'Korsa-', 'matheousse09', 'EmperorKaido', 'Shiratoria', 'Sakutarou', 'cynic15m', 'Yuiiin', 'FaliaS', 'TopherC17', 'Sukaya', 'S-cryed', 'Ruqaa', 'Iiiik', 'Djidji', 'Mimi_Milk', 'Bat9Orrin', 'Saeba_Ryou', 'Apichua', 'HaremOverlord', 'literaturenerd', 'LunarStarGirl345', 'AnimooGrl1999', 'Zebrech', 'Afloo', 'Anime-ETF', 'Kabuto77', 'spacecowboy', 'DatRandomDude', 'ImRenaud', 'darkneff', 'AbuelitaDeBatman', 'ReyMed', 'Sreyso', 'LupinYabuki', 'HaoReact', 'Chifie', 'Zetsubo22', 'KingDespe', '_r_Felipe', 'Xized', 'bAbyLoNE', 'infinico', 'Ragnos055', 'Naou_', 'HibikiHiro', 'Okazaki_Ken', 'Velzevoul', 'sidman_kishitani', '_EnmAi_', 'Faith_Navii', '-asphyxia-', 'HaarWyvern', 'BenjaminJunior', 'mcd_78', '-Nadrel-', 'Lexycal', 'Azuki-ojou', 'Hamou', 'Riasuzume', 'Noodle_June', 'pr4ty', 'rek94', 'DarkSquad28190_-', 'Japy', 'Taikuhatsu', 'Hydraxsfull', 'Luneor', 'PafDesChocapiks', 'imM4rk', 'arthuno', 'Azdo0m', 'TakaXRenge', 'BlackTeaLady', 'Ahmed_paint5', 'Hydroman_', 'Wilump', 'Hikona', 'Tenshibana', 'Pilmou', 'Henatsuka', 'greengolem', 'Biblilichine', 'Railingue', 'ezkeeks', 'QuentiNeicigam', 'Swesve', 'TuyNOM', 'GamesRet', 'tristan-h', 'anaesan', 'Davide_Chikone', 'Lolmortlilol', 'Loleyke', 'Matism', 'Zidanenvy', 'Kreya29', 'Charlotte1412', 'Miss_Violet', 'Sigma00', 'ShiniOz', 'ClaudeDeFrance', 'K0NAMI', 'LouysP', 'Shinigamidere', 'Blastof_', 'Zlio', 'NixoKnight', 'Sifedo', '6lk6', 'Domino1175', 'Laeweth', 'ProfZex', 'Mangamer', 'Juliiiiiiiiiiius', 'Mayuuuu', 'Benku', 'osukaru01', 'Aniki91', 'YelloWCl3ar', 'Clara_', 'LightStyles', 'TheFlamingShark', 'Takiiko', 'WooRax', 'KAIKI-DESU', 'Has8san', 'FakerUBW', 'paraparaship', 'Skytormi', 'ajrich', 'Iwolf441', '3BoOdi43', 'drakoneel', 'vota', 'latrap', 'EricJSC', 'Mugiwaradodo', 'firefoxy333', '_Black', 'Farima', 'Bahram_Raftari', 'Leviatanh', 'FanTaine', 'Lounes123', 'Souba', '__Ashura__', 'EasonJS', 'Otakku', 'Xyrielle', 'Ikkun__', 'sausicart', 'NASD']:   67.1%
FaliaS:   32.5%
YaBoiBan:   67.1%
Korsa-:   14.7%
DesnomLumerian:   38.1%
Yuiiin:   27.7%
cynic15m:   19.8%
Shiratoria:   42.6%
matheousse09:   34.9%
cynic15m:   19.8%
YaBoiBan:   67.1%
S-cryed:   57.2%
TopherC17:   6.1%
FaliaS:   32.5%
Yuiiin:   27.7%
Shiratoria:   42.6%
Sukaya:   61%
Sakutarou:   54.7%
cynic15m:   19.8%
EmperorKaido:   61.3%
matheousse09:   34.9%
Korsa-:   14.7%
YaBoiBan:   67.1%
DesnomLumerian:   38.1%
-Kagami:   0%
Radukaii:   11.6%
JojoYabuki:   47%
NASD: None
sausicart:   19.7%
Ikkun__:   43.2%
Xyrielle:   27.5%
Otakku:   46.5%
EasonJS:   49.6%
__Ashura__:   38.9%
Souba:   52.2%
Lounes123:   16.4%
Leviatanh:   45.3%
Mugiwaradodo:   26.2%
firefoxy333:   31.3%
Farima: None
_Black:   40.8%
EricJSC:   45%
Bahram_Raftari:   59.3%
FanTaine:   37.4%
latrap: None
vota:   51.8%
drakoneel:   31.3%
3BoOdi43:   45.7%
Iwolf441:   54.6%
ajrich:   51.8%
Skytormi:   52.7%
paraparaship:   42.3%
FakerUBW:   59.9%
Has8san:   34.5%
KAIKI-DESU:   57.8%
WooRax: None
Takiiko:   37.4%
TheFlamingShark:   49.6%
LightStyles:   58.6%
Clara_:   12.8%
YelloWCl3ar:   51.2%
Aniki91:   38.6%
osukaru01:   56%
Benku:   41.6%
Mayuuuu:   33.1%
Juliiiiiiiiiiius:   51.3%
Mangamer:   42%
ProfZex:   51.8%
Laeweth:   28.7%
Domino1175:   63.5%
6lk6:   43%
Sifedo:   38.2%
NixoKnight:   68.7%
Zlio:   68.3%
Blastof_:   56.6%
Shinigamidere: None
Kreya29:   49.2%
Sigma00:   10.2%
ShiniOz:   56.1%
ClaudeDeFrance: None
Miss_Violet:   49.2%
LouysP:   57.9%
K0NAMI:   43.4%
Charlotte1412:   36.1%
Zidanenvy:   61.1%
Matism:   7.4%
Loleyke:   39.7%
Lolmortlilol:   0%
Davide_Chikone:   41.6%
anaesan: None
tristan-h:   54.1%
GamesRet:   40.3%
TuyNOM:   52.3%
Swesve:   61.2%
QuentiNeicigam:   14.5%
ezkeeks:   54.1%
Railingue:   41.4%
Biblilichine:   23.4%
greengolem:   51.7%
Henatsuka:   25.3%
Pilmou:   47.8%
Tenshibana:   51.4%
Hikona:   41.7%
Wilump:   49.4%
Hydroman_:   61%
Ahmed_paint5:   24%
BlackTeaLady:   31%
TakaXRenge:   44.3%
Azdo0m:   33.9%
arthuno:   36.9%
imM4rk:   51.3%
PafDesChocapiks:   54.8%
Luneor:   41.9%
Hydraxsfull:   39.4%
Taikuhatsu:   54.3%
Japy:   60.5%
DarkSquad28190_-:   41.2%
rek94:   27.4%
pr4ty:   35.6%
Noodle_June:   56.1%
Riasuzume:   42.2%
Hamou:   49.2%
Azuki-ojou:   46.3%
Lexycal:   40.6%
-Nadrel-:   35.2%
mcd_78:   53.6%
BenjaminJunior:   43.6%
HaarWyvern:   53.1%
-asphyxia-:   50.8%
Faith_Navii:   54.3%
_EnmAi_:   46.1%
sidman_kishitani:   58.6%
Velzevoul:   41.6%
Okazaki_Ken:   40%
HibikiHiro:   29.6%
Naou_:   48.7%
Ragnos055:   13.2%
infinico:   31.8%
bAbyLoNE:   38.9%
Xized:   50.5%
_r_Felipe: None
KingDespe:   44.9%
Zetsubo22:   40.1%
Chifie:   12.5%
HaoReact:   30.1%
LupinYabuki:   37.7%
Sreyso:   33.4%
ReyMed:   61.6%
AbuelitaDeBatman:   58%
darkneff:   44.1%
ImRenaud:   49.3%
DatRandomDude:   43.5%
Kabuto77:   22.1%
Anime-ETF:   44.5%
Afloo:   36.8%
Zebrech:   43.1%
AnimooGrl1999:   31%
LunarStarGirl345:   36.4%
literaturenerd:   45.9%
HaremOverlord:   46.9%
Apichua:   23%
Saeba_Ryou:   38.4%
Bat9Orrin:   67.6%
Mimi_Milk:   39.4%
Djidji:   32.9%
Iiiik:   57.1%
Ruqaa:   46.6%
Daante_:   48.8%
BriceMAL:   50.5%
Vizioz:   42%
spacecowboy: None
TopherC17:   6.1%
Yuiiin:   27.7%
FaliaS:   32.5%
EmperorKaido:   61.3%
cynic15m:   19.8%
Ruqaa:   46.6%
Sakutarou:   54.7%
Sukaya:   61%
S-cryed:   57.2%
Shiratoria:   42.6%
matheousse09:   34.9%
Korsa-:   14.7%
YaBoiBan:   67.1%
DesnomLumerian:   38.1%
-Kagami:   0%
Radukaii:   11.6%
NASD: None
sausicart:   19.7%
Ikkun__:   43.2%
Xyrielle:   27.5%
Otakku:   46.5%
EasonJS:   49.6%
__Ashura__:   38.9%
Souba:   52.2%
Lounes123:   16.4%
FanTaine:   37.4%
Farima: None
firefoxy333:   31.3%
EricJSC:   45%
Leviatanh:   45.3%
latrap: None
vota:   51.8%
Mugiwaradodo:   26.2%
_Black:   40.8%
Bahram_Raftari:   59.3%
ajrich:   51.8%
3BoOdi43:   45.7%
Skytormi:   52.7%
Iwolf441:   54.6%
drakoneel:   31.3%
paraparaship:   42.3%
FakerUBW:   59.9%
WooRax: None
Takiiko:   37.4%
KAIKI-DESU:   57.8%
LightStyles:   58.6%
Has8san:   34.5%
TheFlamingShark:   49.6%
Clara_:   12.8%
osukaru01:   56%
Aniki91:   38.6%
YelloWCl3ar:   51.2%
Juliiiiiiiiiiius:   51.3%
Mangamer:   42%
Benku:   41.6%
Sifedo:   38.2%
Domino1175:   63.5%
NixoKnight:   68.7%
Laeweth:   28.7%
Mayuuuu:   33.1%
Zlio:   68.3%
6lk6:   43%
Blastof_:   56.6%
ProfZex:   51.8%
ShiniOz:   56.1%
ClaudeDeFrance: None
Sigma00:   10.2%
Shinigamidere: None
LouysP:   57.9%
K0NAMI:   43.4%
Kreya29:   49.2%
Miss_Violet:   49.2%
Charlotte1412:   36.1%
Matism:   7.4%
Loleyke:   39.7%
Davide_Chikone:   41.6%
Lolmortlilol:   0%
tristan-h:   54.1%
anaesan: None
GamesRet:   40.3%
Swesve:   61.2%
QuentiNeicigam:   14.5%
ezkeeks:   54.1%
Biblilichine:   23.4%
Henatsuka:   25.3%
greengolem:   51.7%
TuyNOM:   52.3%
Tenshibana:   51.4%
Wilump:   49.4%
Hydroman_:   61%
Hikona:   41.7%
Railingue:   41.4%
Ahmed_paint5:   24%
TakaXRenge:   44.3%
Pilmou:   47.8%
Azdo0m:   33.9%
PafDesChocapiks:   54.8%
Zidanenvy:   61.1%
BlackTeaLady:   31%
imM4rk:   51.3%
Luneor:   41.9%
arthuno:   36.9%
DarkSquad28190_-:   41.2%
Taikuhatsu:   54.3%
Hydraxsfull:   39.4%
rek94:   27.4%
Japy:   60.5%
pr4ty:   35.6%
Noodle_June:   56.1%
Riasuzume:   42.2%
Hamou:   49.2%
Lexycal:   40.6%
mcd_78:   53.6%
BenjaminJunior:   43.6%
-Nadrel-:   35.2%
_EnmAi_:   46.1%
Faith_Navii:   54.3%
sidman_kishitani:   58.6%
Velzevoul:   41.6%
Ragnos055:   13.2%
HaarWyvern:   53.1%
Okazaki_Ken:   40%
Azuki-ojou:   46.3%
infinico:   31.8%
HibikiHiro:   29.6%
Xized:   50.5%
KingDespe:   44.9%
bAbyLoNE:   38.9%
-asphyxia-:   50.8%
_r_Felipe: None
Naou_:   48.7%
Chifie:   12.5%
ReyMed:   61.6%
HaoReact:   30.1%
Zetsubo22:   40.1%
LupinYabuki:   37.7%
ImRenaud:   49.3%
AbuelitaDeBatman:   58%
darkneff:   44.1%
Kabuto77:   22.1%
Zebrech:   43.1%
Sreyso:   33.4%
Afloo:   36.8%
DatRandomDude:   43.5%
AnimooGrl1999:   31%
HaremOverlord:   46.9%
literaturenerd:   45.9%
LunarStarGirl345:   36.4%
Saeba_Ryou:   38.4%
Bat9Orrin:   67.6%
Anime-ETF:   44.5%
Apichua:   23%
Mimi_Milk:   39.4%
Daante_:   48.8%
BriceMAL:   50.5%
Iiiik:   57.1%
JojoYabuki:   47%
Djidji:   32.9%
Vizioz:   42%
spacecowboy: None
FaliaS:   32.5%
cynic15m:   19.8%
matheousse09:   34.9%
DarkSquad28190_-:   41.2
Noodle_June:   56.1
DarkSquad28190_-:   41.2
Korsa-:   14.7
Ragnos055:   13.2
Matism:   7.4
Ruqaa:   46.6
Yuiiin:   27.7
Azdo0m:   33.9
Noodle_June:   56.1
Shiratoria:   42.6
KingDespe:   44.9
YaBoiBan:   67.1
DesnomLumerian:   38.1
Daante_:   48.8
Radukaii:   11.6
Bat9Orrin:   67.6
sausicart:   19.7
Xyrielle:   27.5
Ikkun__:   43.2
Otakku:   46.5
DarkSquad28190_-:   41.2
Matism:   7.4
Ragnos055:   13.2
Korsa-:   14.7
Azdo0m:   33.9
Noodle_June:   56.1
Shiratoria:   42.6
Ruqaa:   46.6
Yuiiin:   27.7
DesnomLumerian:   38.1
YaBoiBan:   67.1
Radukaii:   11.6
KingDespe:   44.9
Daante_:   48.8
Railingue:   41.4
Bat9Orrin:   67.6
sausicart:   19.7
Ikkun__:   43.2
Xyrielle:   27.5
Otakku:   46.5
EasonJS:   49.6
__Ashura__:   38.9
Souba:   52.2
Lounes123:   16.4
FanTaine:   37.4
Leviatanh:   45.3
Bahram_Raftari:   59.3
_Black:   40.8
firefoxy333:   31.3
Mugiwaradodo:   26.2
EricJSC:   45
vota:   51.8
drakoneel:   31.3
3BoOdi43:   45.7
Iwolf441:   54.6
ajrich:   51.8
Skytormi:   52.7
paraparaship:   42.3
FakerUBW:   59.9
Has8san:   34.5
KAIKI-DESU:   57.8
Takiiko:   37.4
TheFlamingShark:   49.6
LightStyles:   58.6
Clara_:   12.8
YelloWCl3ar:   51.2
Aniki91:   38.6
osukaru01:   56
Benku:   41.6
Mayuuuu:   33.1
Juliiiiiiiiiiius:   51.3
Mangamer:   42
ProfZex:   51.8
Laeweth:   28.7
Domino1175:   63.5
6lk6:   43
Sifedo:   38.2
NixoKnight:   68.7
Zlio:   68.3
Blastof_:   56.6
LouysP:   57.9
K0NAMI:   43.4
ShiniOz:   56.1
Sigma00:   10.2
Miss_Violet:   49.2
Charlotte1412:   36.1
Kreya29:   49.2
Zidanenvy:   61.1
Loleyke:   39.7
Lolmortlilol:   0
Davide_Chikone:   41.6
tristan-h:   54.1
GamesRet:   40.3
TuyNOM:   52.3
Swesve:   61.2
QuentiNeicigam:   14.5
ezkeeks:   54.1
Biblilichine:   23.4
greengolem:   51.7
Henatsuka:   25.3
Pilmou:   47.8
Tenshibana:   51.4
Wilump:   49.4
Hydroman_:   61
BlackTeaLady:   31
TakaXRenge:   44.3
arthuno:   36.9
imM4rk:   51.3
PafDesChocapiks:   54.8
Hikona:   41.7
Luneor:   41.9
Hydraxsfull:   39.4
Taikuhatsu:   54.3
Japy:   60.5
rek94:   27.4
pr4ty:   35.6
Riasuzume:   42.2
Hamou:   49.2
Azuki-ojou:   46.3
Lexycal:   40.6
-Nadrel-:   35.2
mcd_78:   53.6
BenjaminJunior:   43.6
HaarWyvern:   53.1
-asphyxia-:   50.8
_EnmAi_:   46.1
sidman_kishitani:   58.6
Velzevoul:   41.6
Okazaki_Ken:   40
HibikiHiro:   29.6
Naou_:   48.7
infinico:   31.8
bAbyLoNE:   38.9
Xized:   50.5
Zetsubo22:   40.1
Chifie:   12.5
HaoReact:   30.1
LupinYabuki:   37.7
Sreyso:   33.4
ReyMed:   61.6
AbuelitaDeBatman:   58
darkneff:   44.1
ImRenaud:   49.3
DatRandomDude:   43.5
Kabuto77:   22.1
Anime-ETF:   44.5
Afloo:   36.8
Zebrech:   43.1
AnimooGrl1999:   31
LunarStarGirl345:   36.4
literaturenerd:   45.9
HaremOverlord:   46.9
Apichua:   23
Saeba_Ryou:   38.4
Mimi_Milk:   39.4
Djidji:   32.9
Iiiik:   57.1
S-cryed:   57.2
Sukaya:   61
cynic15m:   19.8
Sakutarou:   54.7
matheousse09:   34.9
JojoYabuki:   47
TopherC17:   6.1
BriceMAL:   50.5
FaliaS:   32.5
EmperorKaido:   61.3
Faith_Navii:   54.3
Ahmed_paint5:   24
-Kagami:   0
Vizioz:   42
DarkSquad28190_-:   41.2
TopherC17:   6.1
matheousse09:   34.9
Sakutarou:   54.7
Yuiiin:   27.7
FaliaS:   32.5
Shiratoria:   42.6
BriceMAL:   50.5
JojoYabuki:   47
Azdo0m:   33.9
Vizioz:   42
Ragnos055:   13.2
Noodle_June:   56.1
Korsa-:   14.7
Matism:   7.4
Ruqaa:   46.6
sausicart:   19.7
Ikkun__:   43.2
Xyrielle:   27.5
Otakku:   46.5
EasonJS:   49.6
Yuiiin:   27.7
YaBoiBan:   67.1
Ragnos055:   13.2
Matism:   7.4
DesnomLumerian:   38.1
Korsa-:   14.7
Azdo0m:   33.9
Noodle_June:   56.1
Ruqaa:   46.6
Radukaii:   11.6
KingDespe:   44.9
Daante_:   48.8
Railingue:   41.4
Bat9Orrin:   67.6
EmperorKaido:   61.3
Faith_Navii:   54.3
NASD: 0
sausicart:   19.7
Ikkun__:   43.2
Xyrielle:   27.5
Otakku:   46.5
EasonJS:   49.6
__Ashura__:   38.9
Souba:   52.2
Lounes123:   16.4
FanTaine:   37.4
Leviatanh:   45.3
Bahram_Raftari:   59.3
Farima: 0
_Black:   40.8
firefoxy333:   31.3
Mugiwaradodo:   26.2
EricJSC:   45
latrap: 0
vota:   51.8
drakoneel:   31.3
3BoOdi43:   45.7
Iwolf441:   54.6
ajrich:   51.8
Skytormi:   52.7
paraparaship:   42.3
FakerUBW:   59.9
Has8san:   34.5
KAIKI-DESU:   57.8
WooRax: 0
Takiiko:   37.4
TheFlamingShark:   49.6
LightStyles:   58.6
Clara_:   12.8
YelloWCl3ar:   51.2
Aniki91:   38.6
osukaru01:   56
Benku:   41.6
Mayuuuu:   33.1
Juliiiiiiiiiiius:   51.3
Mangamer:   42
ProfZex:   51.8
Laeweth:   28.7
Domino1175:   63.5
6lk6:   43
Sifedo:   38.2
NixoKnight:   68.7
Zlio:   68.3
Blastof_:   56.6
Shinigamidere: 0
LouysP:   57.9
K0NAMI:   43.4
ClaudeDeFrance: 0
ShiniOz:   56.1
Sigma00:   10.2
Miss_Violet:   49.2
Charlotte1412:   36.1
Kreya29:   49.2
Zidanenvy:   61.1
Loleyke:   39.7
Lolmortlilol:   0
Davide_Chikone:   41.6
anaesan: 0
tristan-h:   54.1
GamesRet:   40.3
TuyNOM:   52.3
Swesve:   61.2
QuentiNeicigam:   14.5
ezkeeks:   54.1
Biblilichine:   23.4
greengolem:   51.7
Henatsuka:   25.3
Pilmou:   47.8
Tenshibana:   51.4
Hikona:   41.7
Wilump:   49.4
Hydroman_:   61
BlackTeaLady:   31
TakaXRenge:   44.3
arthuno:   36.9
imM4rk:   51.3
PafDesChocapiks:   54.8
Luneor:   41.9
Hydraxsfull:   39.4
Taikuhatsu:   54.3
Japy:   60.5
rek94:   27.4
pr4ty:   35.6
Riasuzume:   42.2
Hamou:   49.2
Azuki-ojou:   46.3
Lexycal:   40.3
-Nadrel-:   35.2
mcd_78:   53.6
BenjaminJunior:   43.6
HaarWyvern:   53.1
-asphyxia-:   50.8
_EnmAi_:   46.1
sidman_kishitani:   58.6
Velzevoul:   41.6
Okazaki_Ken:   40
HibikiHiro:   29.6
Naou_:   48.7
infinico:   31.8
bAbyLoNE:   38.9
Xized:   50.5
_r_Felipe: 0
Zetsubo22:   40.1
Chifie:   12.5
HaoReact:   30.1
LupinYabuki:   37.7
Sreyso:   33.4
ReyMed:   61.6
AbuelitaDeBatman:   58
darkneff:   44.1
ImRenaud:   49.3
DatRandomDude:   43.5
spacecowboy: 0
Kabuto77:   22.1
Anime-ETF:   44.5
Afloo:   36.8
Zebrech:   43.1
AnimooGrl1999:   31
LunarStarGirl345:   36.4
literaturenerd:   45.9
HaremOverlord:   46.9
Apichua:   23
Saeba_Ryou:   38.4
Mimi_Milk:   39.4
Djidji:   32.9
Iiiik:   57.1
S-cryed:   57.2
Sukaya:   61
cynic15m:   19.8
Sakutarou:   54.7
matheousse09:   34.9
JojoYabuki:   47
Vizioz:   42
TopherC17:   6.1
FaliaS:   32.5
DarkSquad28190_-:   41.2
-Kagami:   0
Shiratoria:   42.6
Ahmed_paint5:   24
BriceMAL:   50.5
YaBoiBan:   67.1
Sakutarou:   54.7
Faith_Navii:   54.1
Anime-ETF:   44.5
Vizioz:   42
Korsa-:   14.7
Saeba_Ryou:   38.4
ImRenaud:   49.3
Ragnos055:   13.2
-Nadrel-:   35.2
Velzevoul:   41.6
Japy:   60.5
cynic15m:   19.8
LupinYabuki:   37.7
bAbyLoNE:   40.4
Azuki-ojou:   46.3
NASD: 0
sausicart:   19.7
Ikkun__:   43.2
Xyrielle:   27.5
Otakku:   46.5
EasonJS:   49.6
__Ashura__:   38.9
Souba:   52.2
Lounes123:   16.4
FanTaine:   37.4
Leviatanh:   45.3
Bahram_Raftari:   59.3
Farima: 0
_Black:   40.8
firefoxy333:   31.3
Mugiwaradodo:   26.2
EricJSC:   45
latrap: 0
vota:   51.8
drakoneel:   31.3
3BoOdi43:   45.7
Iwolf441:   54.6
ajrich:   51.8
Skytormi:   52.7
paraparaship:   42.3
FakerUBW:   59.9
Has8san:   34.5
KAIKI-DESU:   57.8
WooRax: 0
Takiiko:   37.4
TheFlamingShark:   49.6
LightStyles:   58.6
Clara_:   12.8
YelloWCl3ar:   51.2
Aniki91:   38.6
osukaru01:   56
Benku:   41.6
Mayuuuu:   33.1
Juliiiiiiiiiiius:   51.3
Mangamer:   42
ProfZex:   51.8
Laeweth:   28.7
Domino1175:   63.5
6lk6:   43
NixoKnight:   68.7
Zlio:   68.3
Blastof_:   56.6
Shinigamidere: 0
LouysP:   57.9
K0NAMI:   43.4
ClaudeDeFrance: 0
ShiniOz:   56.1
Sigma00:   10.2
Charlotte1412:   36.1
Kreya29:   49.2
Zidanenvy:   61.1
Loleyke:   39.7
Davide_Chikone:   41.6
anaesan: 0
tristan-h:   54.1
GamesRet:   40.3
TuyNOM:   52.3
QuentiNeicigam:   14.5
ezkeeks:   54.1
Lolmortlilol:   0
Biblilichine:   23.4
greengolem:   51.7
Henatsuka:   25.3
Pilmou:   47.8
Tenshibana:   51.4
Wilump:   49.4
Hydroman_:   61
BlackTeaLady:   31
TakaXRenge:   44.3
arthuno:   36.9
imM4rk:   51.3
PafDesChocapiks:   54.8
Hydraxsfull:   39.4
Taikuhatsu:   54.3
pr4ty:   35.6
Riasuzume:   42.2
Hamou:   49.2
mcd_78:   53.6
BenjaminJunior:   43.6
_EnmAi_:   46.1
Okazaki_Ken:   40
HibikiHiro:   29.6
infinico:   31.8
Xized:   50.5
_r_Felipe: 0
Chifie:   12.5
HaoReact:   30.1
AbuelitaDeBatman:   58
darkneff:   44.1
DatRandomDude:   43.5
Kabuto77:   22.1
Afloo:   36.8
Zebrech:   43.1
AnimooGrl1999:   31
LunarStarGirl345:   36.4
literaturenerd:   45.9
Apichua:   23
Mimi_Milk:   39.4
S-cryed:   57.2
Sukaya:   61
JojoYabuki:   47
Matism:   7.4
Daante_:   48.8
Railingue:   41.4
Ahmed_paint5:   24
ReyMed:   61.6
DesnomLumerian:   38.1
-Kagami:   0
Azdo0m:   33.9
HaremOverlord:   46.9
Sreyso:   33.4
Bat9Orrin:   67.6
Miss_Violet:   49.2
Luneor:   41.9
EmperorKaido:   61.3
-asphyxia-:   50.8
Radukaii:   11.6
Noodle_June:   56.1
Lexycal:   40.3
Ruqaa:   46.6
matheousse09:   34.9
Swesve:   61.2
FaliaS:   32.5
Hikona:   41.7
Naou_:   48.7
BriceMAL:   50.5
Iiiik:   57.1
TopherC17:   6.1
HaarWyvern:   53.1
DarkSquad28190_-:   41.2
Shiratoria:   42.6
Sifedo:   38.2
rek94:   27.4
Yuiiin:   27.7
KingDespe:   44.9
sidman_kishitani:   58.6
Zetsubo22:   40.1
Djidji:   32.9
spacecowboy: 0
Ruqaa:   46.6
Swesve:   61.2
FaliaS:   32.5
Hikona:   41.7
BriceMAL:   50.5
matheousse09:   34.9
Naou_:   48.7
Iiiik:   57.1
HaarWyvern:   53.1
KingDespe:   44.9
ImRenaud:   49.3
NASD: 0
Sifedo:   38.2
Ragnos055:   13.2
DarkSquad28190_-:   41.2
Shiratoria:   42.6
-Nadrel-:   35.2
sausicart:   19.7
Ikkun__:   43.2
Xyrielle:   27.5
Otakku:   46.5
EasonJS:   49.6
__Ashura__:   38.9
Souba:   52.2
Lounes123:   16.4
FanTaine:   37.4
Leviatanh:   45.3
Bahram_Raftari:   59.3
Farima: 0
_Black:   40.8
firefoxy333:   31.3
Mugiwaradodo:   26.2
EricJSC:   45
latrap: 0
Skytormi:   52.7
vota:   51.8
paraparaship:   42.3
ajrich:   51.8
Iwolf441:   54.6
3BoOdi43:   45.7
drakoneel:   31.3
FakerUBW:   59.9
Has8san:   34.5
KAIKI-DESU:   57.8
WooRax: 0
Takiiko:   37.4
TheFlamingShark:   49.6
LightStyles:   58.6
Clara_:   12.8
YelloWCl3ar:   51.2
Aniki91:   38.6
osukaru01:   56
Benku:   41.6
Mayuuuu:   33.1
Juliiiiiiiiiiius:   51.3
Mangamer:   42
ProfZex:   51.8
Zlio:   68.3
Shinigamidere: 0
Domino1175:   63.5
Laeweth:   28.7
Blastof_:   56.6
NixoKnight:   68.7
6lk6:   43
LouysP:   57.9
K0NAMI:   43.4
ClaudeDeFrance: 0
ShiniOz:   56.1
Sigma00:   10.2
Charlotte1412:   36.1
Kreya29:   49.2
Zidanenvy:   61.1
Loleyke:   39.7
Davide_Chikone:   41.6
QuentiNeicigam:   14.5
ezkeeks:   54.1
tristan-h:   54.1
Lolmortlilol:   0
GamesRet:   40.3
anaesan: 0
TuyNOM:   52.3
greengolem:   51.7
Henatsuka:   25.3
Pilmou:   47.8
Tenshibana:   51.4
Wilump:   49.4
Hydroman_:   61
BlackTeaLady:   31
TakaXRenge:   44.3
imM4rk:   51.3
PafDesChocapiks:   54.8
Hydraxsfull:   39.4
Taikuhatsu:   54.3
pr4ty:   35.6
Riasuzume:   42.2
Hamou:   49.2
mcd_78:   53.6
BenjaminJunior:   43.6
_EnmAi_:   46.1
Okazaki_Ken:   40
HibikiHiro:   29.6
infinico:   31.8
Xized:   50.5
_r_Felipe: 0
Chifie:   12.5
AbuelitaDeBatman:   58
darkneff:   44.1
HaoReact:   30.1
DatRandomDude:   43.5
AnimooGrl1999:   31
Zebrech:   43.1
LunarStarGirl345:   36.4
Kabuto77:   22.1
literaturenerd:   45.9
Apichua:   23
Mimi_Milk:   39.4
S-cryed:   57.2
Sukaya:   61
JojoYabuki:   47
Matism:   7.4
Daante_:   48.8
Railingue:   41.4
Ahmed_paint5:   24
ReyMed:   61.6
DesnomLumerian:   38.1
Azdo0m:   33.9
HaremOverlord:   46.9
Sreyso:   33.4
Bat9Orrin:   67.6
Miss_Violet:   49.2
Luneor:   41.9
-asphyxia-:   50.8
Noodle_June:   56.1
Lexycal:   40.3
Faith_Navii:   54.1
YaBoiBan:   67.1
spacecowboy: 0
Sakutarou:   54.7
cynic15m:   19.8
LupinYabuki:   37.7
bAbyLoNE:   40.4
Azuki-ojou:   46.3
Japy:   60.5
rek94:   27.4
Biblilichine:   23.4
Radukaii:   11.6
Anime-ETF:   44.5
Velzevoul:   41.6
Zetsubo22:   40.1
Afloo:   36.8
Yuiiin:   27.7
Djidji:   32.9
EmperorKaido:   61.3
-Kagami:   0
sidman_kishitani:   58.6
Vizioz:   42
TopherC17:   6.1
Saeba_Ryou:   38.4
arthuno:   36.9
Korsa-:   14.7
Japy:   60.5
Velzevoul:   41.6
Biblilichine:   23.4
TopherC17:   6.1
rek94:   27.4
Afloo:   36.8
Radukaii:   11.6
Vizioz:   42
Djidji:   32.9
Saeba_Ryou:   38.4
Korsa-:   14.7
EmperorKaido:   61.3
Shiratoria:   42.6
Anime-ETF:   44.5
arthuno:   36.9
DatRandomDude:   43.5
NASD: 0
Xyrielle:   27.5
Lounes123:   16.4
Souba:   52.2
sausicart:   19.7
EasonJS:   49.6
Ikkun__:   43.2
Otakku:   46.5
__Ashura__:   38.9
FanTaine:   37.4
Leviatanh:   45.3
Bahram_Raftari:   59.3
Farima: 0
_Black:   40.8
firefoxy333:   31.3
Mugiwaradodo:   26.2
EricJSC:   45
latrap: 0
vota:   51.8
drakoneel:   31.3
3BoOdi43:   45.7
Iwolf441:   54.6
ajrich:   51.8
Skytormi:   52.7
paraparaship:   42.3
FakerUBW:   59.9
Has8san:   34.5
KAIKI-DESU:   57.8
WooRax: 0
Takiiko:   37.4
TheFlamingShark:   49.6
LightStyles:   58.6
Clara_:   12.8
YelloWCl3ar:   51.2
Aniki91:   38.6
osukaru01:   56
Benku:   41.6
Mayuuuu:   33.1
Juliiiiiiiiiiius:   51.3
Mangamer:   42
ProfZex:   51.8
Laeweth:   28.7
Domino1175:   63.5
6lk6:   43
NixoKnight:   68.7
Zlio:   68.3
Blastof_:   56.6
Shinigamidere: 0
LouysP:   57.9
Sigma00:   10.2
Kreya29:   49.2
ShiniOz:   56.1
ClaudeDeFrance: 0
Loleyke:   39.7
K0NAMI:   43.4
Charlotte1412:   36.1
Zidanenvy:   61.1
Lolmortlilol:   0
Davide_Chikone:   41.6
anaesan: 0
tristan-h:   54.1
GamesRet:   40.3
TuyNOM:   52.3
QuentiNeicigam:   14.5
ezkeeks:   54.1
greengolem:   51.7
Henatsuka:   25.3
Pilmou:   47.8
Tenshibana:   51.4
Wilump:   49.4
Hydroman_:   61
BlackTeaLady:   31
TakaXRenge:   44.3
imM4rk:   51.3
PafDesChocapiks:   54.8
Hydraxsfull:   39.4
Taikuhatsu:   54.3
pr4ty:   35.6
Riasuzume:   42.2
Hamou:   49.2
mcd_78:   53.6
BenjaminJunior:   43.6
_EnmAi_:   46.1
Okazaki_Ken:   40
HibikiHiro:   29.6
infinico:   31.8
Xized:   50.5
_r_Felipe: 0
Chifie:   12.5
HaoReact:   30.1
AbuelitaDeBatman:   58
darkneff:   44.1
Zebrech:   43.1
AnimooGrl1999:   31
LunarStarGirl345:   36.4
literaturenerd:   45.9
Mimi_Milk:   39.4
S-cryed:   57.2
Sukaya:   61
JojoYabuki:   47
Matism:   7.4
Daante_:   48.8
Railingue:   41.4
Apichua:   23
Ahmed_paint5:   24
ReyMed:   61.6
DesnomLumerian:   38.1
Azdo0m:   33.9
HaremOverlord:   46.9
Sreyso:   33.4
Miss_Violet:   49.2
Luneor:   41.9
-asphyxia-:   50.8
Noodle_June:   56.1
Lexycal:   40.3
Ruqaa:   46.6
Swesve:   61.2
HaarWyvern:   53.1
FaliaS:   32.5
KingDespe:   44.9
Sifedo:   38.2
Iiiik:   57.1
Naou_:   48.7
DarkSquad28190_-:   41.2
BriceMAL:   50.5
Hikona:   41.7
ImRenaud:   49.3
-Nadrel-:   35.2
Ragnos055:   13.2
Faith_Navii:   54.1
YaBoiBan:   67.1
Sakutarou:   54.7
cynic15m:   19.8
LupinYabuki:   37.7
bAbyLoNE:   40.4
Azuki-ojou:   46.3
Kabuto77:   22.1
Zetsubo22:   40.1
-Kagami:   0
Yuiiin:   27.7
Bat9Orrin:   67.6
matheousse09:   34.9
sidman_kishitani:   58.6
spacecowboy: 0
DatRandomDude:   43.5
matheousse09:   34.9
Kabuto77:   22.1
sidman_kishitani:   58.6
-Kagami:   0
Yuiiin:   27.7
Zetsubo22:   40.1
Bat9Orrin:   67.6
-asphyxia-:   50.8
Noodle_June:   56.1
Lexycal:   40.3
Ruqaa:   46.6
Swesve:   61.2
HaarWyvern:   53.1
FaliaS:   32.5
Hikona:   41.7
NASD: 0
sausicart:   19.7
Ikkun__:   43.2
Xyrielle:   27.5
Otakku:   46.5
EasonJS:   49.6
__Ashura__:   38.9
Souba:   52.2
Lounes123:   16.4
Leviatanh:   45.3
Farima: 0
firefoxy333:   31.3
Bahram_Raftari:   59.3
_Black:   40.8
Mugiwaradodo:   26.2
EricJSC:   45
FanTaine:   37.4
latrap: 0
vota:   51.8
drakoneel:   31.3
3BoOdi43:   45.7
Iwolf441:   54.6
ajrich:   51.8
Skytormi:   52.7
paraparaship:   42.3
FakerUBW:   59.9
Has8san:   34.5
KAIKI-DESU:   57.8
WooRax: 0
Takiiko:   37.4
TheFlamingShark:   49.6
LightStyles:   58.6
Clara_:   12.8
YelloWCl3ar:   51.2
Aniki91:   38.6
osukaru01:   56
Benku:   41.6
Mayuuuu:   33.1
Juliiiiiiiiiiius:   51.3
Mangamer:   42
ProfZex:   51.8
Laeweth:   28.7
Domino1175:   63.5
6lk6:   43
NixoKnight:   68.7
Zlio:   68.3
Blastof_:   56.6
Shinigamidere: 0
LouysP:   57.9
K0NAMI:   43.4
ClaudeDeFrance: 0
ShiniOz:   56.1
Sigma00:   10.2
Charlotte1412:   36.1
Kreya29:   49.2
Zidanenvy:   61.1
Loleyke:   39.7
Lolmortlilol:   0
Davide_Chikone:   41.6
anaesan: 0
tristan-h:   54.1
GamesRet:   40.3
TuyNOM:   52.3
QuentiNeicigam:   14.5
ezkeeks:   54.1
greengolem:   51.7
Henatsuka:   25.3
Pilmou:   47.8
Tenshibana:   51.4
Wilump:   49.4
Hydroman_:   61
BlackTeaLady:   31
TakaXRenge:   44.3
imM4rk:   51.3
PafDesChocapiks:   54.8
Hydraxsfull:   39.4
Taikuhatsu:   54.3
pr4ty:   35.6
Riasuzume:   42.2
Hamou:   49.2
mcd_78:   53.6
BenjaminJunior:   43.6
_EnmAi_:   46.1
Okazaki_Ken:   40
HibikiHiro:   29.6
infinico:   31.8
Xized:   50.5
_r_Felipe: 0
Chifie:   12.5
HaoReact:   30.1
AbuelitaDeBatman:   58
darkneff:   44.1
Zebrech:   43.1
AnimooGrl1999:   31
LunarStarGirl345:   36.4
literaturenerd:   45.9
Apichua:   23
Mimi_Milk:   39.4
S-cryed:   57.2
Sukaya:   61
JojoYabuki:   47
Matism:   7.4
Daante_:   48.8
Railingue:   41.4
Ahmed_paint5:   24
ReyMed:   61.6
DesnomLumerian:   38.1
Azdo0m:   33.9
HaremOverlord:   46.9
Sreyso:   33.4
Miss_Violet:   49.2
Luneor:   41.9
Naou_:   48.7
BriceMAL:   50.5
Iiiik:   57.1
DarkSquad28190_-:   41.2
Sifedo:   38.2
KingDespe:   44.9
ImRenaud:   49.3
Ragnos055:   13.2
YaBoiBan:   67.1
bAbyLoNE:   40.4
Japy:   60.5
Azuki-ojou:   46.3
cynic15m:   19.8
Sakutarou:   54.7
LupinYabuki:   37.7
Faith_Navii:   54.1
rek94:   27.4
Biblilichine:   23.4
-Nadrel-:   35.2
Radukaii:   11.6
Velzevoul:   41.6
Afloo:   36.8
Djidji:   32.9
Vizioz:   42
TopherC17:   6.1
Saeba_Ryou:   38.4
Korsa-:   14.7
EmperorKaido:   61.3
Shiratoria:   42.6
Anime-ETF:   44.5
arthuno:   36.9
spacecowboy: 0
Velzevoul: 41.6
Shiratoria: 42.6
Korsa-: 14.7
EmperorKaido: 61.3
TopherC17: 6.1
Anime-ETF: 44.5
Afloo: 36.8
Saeba_Ryou: 38.4
Djidji: 32.9
NASD: 0
Vizioz: 42
-Kagami: 0
Yuiiin: 27.7
Kabuto77: 22.1
arthuno: 36.9
DatRandomDude: 43.5
Zetsubo22: 40.1
sausicart: 19.7
Ikkun__: 43.2
Xyrielle: 27.5
Otakku: 46.5
EasonJS: 49.6
__Ashura__: 38.9
Souba: 52.2
Lounes123: 16.4
FanTaine: 37.4
Leviatanh: 45.3
Bahram_Raftari: 59.3
Farima: 0
_Black: 40.8
firefoxy333: 31.3
Mugiwaradodo: 26.2
EricJSC: 45
latrap: 0
vota: 51.8
drakoneel: 31.3
3BoOdi43: 45.7
Iwolf441: 54.6
ajrich: 51.8
Skytormi: 52.7
paraparaship: 42.3
FakerUBW: 59.9
Has8san: 34.5
KAIKI-DESU: 57.8
WooRax: 0
Takiiko: 37.4
TheFlamingShark: 49.6
LightStyles: 58.6
Clara_: 12.8
YelloWCl3ar: 51.2
Aniki91: 38.6
osukaru01: 56
Benku: 41.6
Mayuuuu: 33.1
Juliiiiiiiiiiius: 51.3
Mangamer: 42
ProfZex: 51.8
Laeweth: 28.7
Domino1175: 63.5
6lk6: 43
NixoKnight: 68.7
Zlio: 68.3
Blastof_: 56.6
Shinigamidere: 0
LouysP: 57.9
K0NAMI: 43.4
ClaudeDeFrance: 0
ShiniOz: 56.1
Sigma00: 10.2
Charlotte1412: 36.1
Kreya29: 49.2
Zidanenvy: 61.1
Loleyke: 39.7
Lolmortlilol: 0
Davide_Chikone: 41.6
anaesan: 0
tristan-h: 54.1
GamesRet: 40.3
TuyNOM: 52.3
QuentiNeicigam: 14.5
ezkeeks: 54.1
greengolem: 51.7
Henatsuka: 25.3
Pilmou: 47.8
Tenshibana: 51.4
Wilump: 49.4
Hydroman_: 61
BlackTeaLady: 31
TakaXRenge: 44.3
imM4rk: 51.3
PafDesChocapiks: 54.8
Hydraxsfull: 39.4
Taikuhatsu: 54.3
pr4ty: 35.6
Riasuzume: 42.2
Hamou: 49.2
mcd_78: 53.6
BenjaminJunior: 43.6
_EnmAi_: 46.1
Okazaki_Ken: 40
HibikiHiro: 29.6
infinico: 31.8
Xized: 50.5
_r_Felipe: 0
Chifie: 12.5
HaoReact: 30.1
AbuelitaDeBatman: 58
darkneff: 44.1
Zebrech: 43.1
AnimooGrl1999: 31
LunarStarGirl345: 36.4
literaturenerd: 45.9
Apichua: 23
Mimi_Milk: 39.4
S-cryed: 57.2
Sukaya: 61
JojoYabuki: 47
Matism: 7.4
Daante_: 48.8
Railingue: 41.4
Ahmed_paint5: 24
ReyMed: 61.6
DesnomLumerian: 38.1
Azdo0m: 33.9
HaremOverlord: 46.9
Sreyso: 33.4
Miss_Violet: 49.2
-asphyxia-: 50.8
Noodle_June: 56.1
Lexycal: 40.3
Ruqaa: 46.6
Swesve: 61.2
Luneor: 41.9
HaarWyvern: 53.1
FaliaS: 32.5
Hikona: 41.7
Naou_: 48.7
BriceMAL: 50.5
Iiiik: 57.1
DarkSquad28190_-: 41.2
Sifedo: 38.2
KingDespe: 44.9
ImRenaud: 49.3
-Nadrel-: 35.2
Ragnos055: 13.2
Faith_Navii: 54.1
YaBoiBan: 67.1
Sakutarou: 54.7
cynic15m: 19.8
LupinYabuki: 37.7
bAbyLoNE: 40.4
Azuki-ojou: 46.3
Japy: 60.5
rek94: 27.4
Biblilichine: 23.4
Radukaii: 11.6
Bat9Orrin: 67.6
matheousse09: 34.9
sidman_kishitani: 58.6
spacecowboy: 0
Korsa-: 14.70
Saeba_Ryou: 38.40
Kabuto77: 22.10
Shiratoria: 42.60
DatRandomDude: 43.50
Anime-ETF: 44.50
EmperorKaido: 61.30
arthuno: 36.90
Zetsubo22: 40.10
-Kagami: 00.00
Yuiiin: 27.70
Bat9Orrin: 67.60
matheousse09: 34.90
sidman_kishitani: 58.60
Ahmed_paint5: 24.00
ReyMed: 61.60
NASD: 00.00
sausicart: 19.70
Ikkun__: 43.20
Xyrielle: 27.50
Otakku: 46.50
EasonJS: 49.60
__Ashura__: 38.90
Souba: 52.20
Lounes123: 16.40
FanTaine: 37.40
Leviatanh: 45.30
Bahram_Raftari: 59.30
Farima: 00.00
_Black: 40.80
firefoxy333: 31.30
Mugiwaradodo: 26.20
EricJSC: 45.00
latrap: 00.00
vota: 51.80
drakoneel: 31.30
3BoOdi43: 45.70
Iwolf441: 54.60
ajrich: 51.80
Skytormi: 52.70
paraparaship: 42.30
FakerUBW: 59.90
Has8san: 34.50
KAIKI-DESU: 57.80
WooRax: 00.00
Takiiko: 37.40
TheFlamingShark: 49.60
LightStyles: 58.60
Clara_: 12.80
YelloWCl3ar: 51.20
Aniki91: 38.60
osukaru01: 56.00
Benku: 41.60
Mayuuuu: 33.10
Juliiiiiiiiiiius: 51.30
Mangamer: 42.00
ProfZex: 51.80
Laeweth: 28.70
Domino1175: 63.50
6lk6: 43.00
NixoKnight: 68.70
Zlio: 68.30
Blastof_: 56.60
Shinigamidere: 00.00
LouysP: 57.90
K0NAMI: 43.40
ClaudeDeFrance: 00.00
ShiniOz: 56.10
Sigma00: 10.20
Charlotte1412: 36.10
Kreya29: 49.20
Zidanenvy: 61.10
Loleyke: 39.70
Lolmortlilol: 00.00
Davide_Chikone: 41.60
anaesan: 00.00
tristan-h: 54.10
GamesRet: 40.30
TuyNOM: 52.30
QuentiNeicigam: 14.50
ezkeeks: 54.10
greengolem: 51.70
Henatsuka: 25.30
Pilmou: 47.80
Tenshibana: 51.40
Wilump: 49.40
Hydroman_: 61.00
BlackTeaLady: 31.00
TakaXRenge: 44.30
imM4rk: 51.30
PafDesChocapiks: 54.80
Hydraxsfull: 39.30
Taikuhatsu: 54.30
pr4ty: 35.60
Riasuzume: 42.20
Hamou: 49.20
mcd_78: 53.60
BenjaminJunior: 43.60
_EnmAi_: 46.10
Okazaki_Ken: 40.00
HibikiHiro: 29.60
infinico: 31.80
Xized: 50.50
_r_Felipe: 00.00
Chifie: 12.50
HaoReact: 30.10
AbuelitaDeBatman: 58.00
darkneff: 44.10
Zebrech: 43.10
AnimooGrl1999: 31.00
LunarStarGirl345: 36.40
literaturenerd: 45.90
Apichua: 23.00
Mimi_Milk: 39.40
S-cryed: 57.20
Sukaya: 61.00
JojoYabuki: 47.00
Matism: 07.40
Daante_: 48.80
Railingue: 41.40
DesnomLumerian: 38.10
Azdo0m: 33.90
HaremOverlord: 46.90
Sreyso: 33.40
Miss_Violet: 49.20
Luneor: 41.90
-asphyxia-: 50.80
Noodle_June: 56.10
Lexycal: 40.30
Ruqaa: 46.60
Swesve: 61.20
HaarWyvern: 53.10
FaliaS: 32.50
Hikona: 41.70
Naou_: 48.70
BriceMAL: 50.50
Iiiik: 57.10
DarkSquad28190_-: 41.20
Sifedo: 38.20
KingDespe: 44.90
ImRenaud: 49.30
-Nadrel-: 35.20
Ragnos055: 13.20
Faith_Navii: 54.10
YaBoiBan: 67.10
Sakutarou: 54.70
cynic15m: 19.80
LupinYabuki: 37.70
bAbyLoNE: 40.40
Azuki-ojou: 46.30
Japy: 60.50
rek94: 27.40
Biblilichine: 23.40
Radukaii: 11.60
Velzevoul: 41.60
Afloo: 36.80
Djidji: 32.90
Vizioz: 42.00
TopherC17: 06.10
spacecowboy: 00.00
HibikiHiro: 29.60
TopherC17: 06.10
HaremOverlord: 46.90
Ruqaa: 46.60
Lexycal: 40.30
HaoReact: 30.10
Sukaya: 61.00
Shiratoria: 42.60
JojoYabuki: 47.00
BlackTeaLady: 31.00
sidman_kishitani: 58.60
Kabuto77: 22.10
Zetsubo22: 40.10
AnimooGrl1999: 31.00
cynic15m: 19.80
DatRandomDude: 43.50
NASD: 00.00
sausicart: 19.70
Ikkun__: 43.20
Xyrielle: 27.50
Otakku: 46.50
EasonJS: 49.60
__Ashura__: 38.90
Souba: 52.20
Lounes123: 16.40
Leviatanh: 45.30
EricJSC: 45.00
Farima: 00.00
firefoxy333: 31.30
Bahram_Raftari: 59.30
Mugiwaradodo: 26.20
_Black: 40.80
FanTaine: 37.40
latrap: 00.00
vota: 51.80
drakoneel: 31.30
3BoOdi43: 45.70
Iwolf441: 54.60
ajrich: 51.80
Skytormi: 52.70
paraparaship: 42.30
Takiiko: 37.40
FakerUBW: 59.90
Clara_: 12.80
WooRax: 00.00
LightStyles: 58.60
KAIKI-DESU: 57.80
Has8san: 34.50
TheFlamingShark: 49.60
YelloWCl3ar: 51.20
Aniki91: 38.60
osukaru01: 56.00
Benku: 41.60
Mayuuuu: 33.10
Juliiiiiiiiiiius: 51.30
Mangamer: 42.00
ProfZex: 51.80
Laeweth: 28.70
Domino1175: 63.50
6lk6: 43.00
NixoKnight: 68.70
Zlio: 68.30
Blastof_: 56.60
Shinigamidere: 00.00
LouysP: 57.90
ClaudeDeFrance: 00.00
ShiniOz: 56.10
Sigma00: 10.20
Charlotte1412: 36.10
Kreya29: 49.20
Zidanenvy: 61.10
Loleyke: 39.70
K0NAMI: 43.40
Lolmortlilol: 00.00
Davide_Chikone: 41.60
anaesan: 00.00
tristan-h: 54.10
GamesRet: 40.30
TuyNOM: 52.30
QuentiNeicigam: 14.50
ezkeeks: 54.10
greengolem: 51.70
Henatsuka: 25.30
Pilmou: 47.80
Tenshibana: 51.40
Wilump: 49.40
Hydroman_: 61.00
TakaXRenge: 44.30
imM4rk: 51.30
PafDesChocapiks: 54.80
Taikuhatsu: 54.30
pr4ty: 35.60
Riasuzume: 42.20
Hamou: 49.20
mcd_78: 53.60
BenjaminJunior: 43.60
_EnmAi_: 46.10
Okazaki_Ken: 40.00
infinico: 31.80
Xized: 50.50
_r_Felipe: 00.00
Chifie: 12.50
AbuelitaDeBatman: 58.00
darkneff: 44.10
Zebrech: 43.10
LunarStarGirl345: 36.40
literaturenerd: 45.90
Apichua: 23.00
Mimi_Milk: 39.40
S-cryed: 57.20
Matism: 07.40
Daante_: 48.80
Railingue: 41.40
Ahmed_paint5: 24.00
ReyMed: 61.60
DesnomLumerian: 38.10
Azdo0m: 33.90
Sreyso: 33.40
Miss_Violet: 49.20
Luneor: 41.90
-asphyxia-: 50.80
Swesve: 61.20
HaarWyvern: 53.10
FaliaS: 32.50
Naou_: 48.70
BriceMAL: 50.50
Iiiik: 57.10
spacecowboy: 00.00
Sifedo: 38.20
KingDespe: 44.90
ImRenaud: 49.30
-Nadrel-: 35.20
Faith_Navii: 54.10
LupinYabuki: 37.70
Azuki-ojou: 46.30
Japy: 60.50
rek94: 27.40
Biblilichine: 23.40
Djidji: 32.90
Vizioz: 42.00
Saeba_Ryou: 38.40
Korsa-: 14.70
EmperorKaido: 61.30
arthuno: 36.90
-Kagami: 00.00
Hikona: 41.70
Bat9Orrin: 67.60
Ragnos055: 13.20
YaBoiBan: 67.10
Noodle_June: 56.10
Velzevoul: 41.60
Radukaii: 11.60
matheousse09: 34.90
DarkSquad28190_-: 41.20
bAbyLoNE: 40.40
Sakutarou: 54.70
Hydraxsfull: 39.30
Yuiiin: 27.70
Afloo: 36.80
Anime-ETF: 44.50
matheousse09: 34.90
Yuiiin: 27.70
bAbyLoNE: 40.40
DarkSquad28190_-: 41.20
HibikiHiro: 29.60
Afloo: 36.80
Sakutarou: 54.70
Hydraxsfull: 39.30
HaremOverlord: 46.90
TopherC17: 06.10
JojoYabuki: 47.00
Lexycal: 40.30
Sukaya: 61.00
Ruqaa: 46.60
HaoReact: 30.10
Shiratoria: 42.60
NASD: 00.00
sausicart: 19.70
Ikkun__: 43.20
Xyrielle: 27.50
Otakku: 46.50
EasonJS: 49.60
__Ashura__: 38.90
Souba: 52.20
Lounes123: 16.40
FanTaine: 37.40
Leviatanh: 45.30
Bahram_Raftari: 59.30
Farima: 00.00
_Black: 40.80
firefoxy333: 31.30
Mugiwaradodo: 26.20
EricJSC: 45.00
latrap: 00.00
vota: 51.80
drakoneel: 31.30
3BoOdi43: 45.70
Iwolf441: 54.60
ajrich: 51.80
Skytormi: 52.70
paraparaship: 42.30
FakerUBW: 59.90
Has8san: 34.50
KAIKI-DESU: 57.80
WooRax: 00.00
Takiiko: 37.40
TheFlamingShark: 49.60
LightStyles: 58.60
Clara_: 12.80
YelloWCl3ar: 51.20
Aniki91: 38.60
osukaru01: 56.00
Benku: 41.60
Mayuuuu: 33.10
Juliiiiiiiiiiius: 51.30
Mangamer: 42.00
ProfZex: 51.80
Laeweth: 28.70
Domino1175: 63.50
6lk6: 43.00
NixoKnight: 68.70
Zlio: 68.30
Blastof_: 56.60
Shinigamidere: 00.00
LouysP: 57.90
K0NAMI: 43.40
ClaudeDeFrance: 00.00
ShiniOz: 56.10
Sigma00: 10.20
Charlotte1412: 36.10
Kreya29: 49.20
Loleyke: 39.70
Lolmortlilol: 00.00
Davide_Chikone: 41.60
anaesan: 00.00
tristan-h: 54.10
GamesRet: 40.30
TuyNOM: 52.30
QuentiNeicigam: 14.50
Zidanenvy: 61.10
ezkeeks: 54.10
greengolem: 51.70
Henatsuka: 25.30
Pilmou: 47.80
Tenshibana: 51.40
Wilump: 49.40
Hydroman_: 61.00
TakaXRenge: 44.30
imM4rk: 51.30
PafDesChocapiks: 54.80
Taikuhatsu: 54.30
pr4ty: 35.60
Riasuzume: 42.20
Hamou: 49.20
mcd_78: 53.60
BenjaminJunior: 43.60
_EnmAi_: 46.10
Okazaki_Ken: 40.00
infinico: 31.80
Xized: 50.50
_r_Felipe: 00.00
Chifie: 12.50
AbuelitaDeBatman: 58.00
darkneff: 44.10
Zebrech: 43.10
LunarStarGirl345: 36.40
literaturenerd: 45.90
Apichua: 23.00
Mimi_Milk: 39.40
S-cryed: 57.20
Matism: 07.40
Daante_: 48.80
Railingue: 41.40
Ahmed_paint5: 24.00
ReyMed: 61.60
DesnomLumerian: 38.10
Azdo0m: 33.90
Sreyso: 33.40
Miss_Violet: 49.20
Luneor: 41.90
-asphyxia-: 50.80
Swesve: 61.20
HaarWyvern: 53.10
FaliaS: 32.50
Naou_: 48.70
BriceMAL: 50.50
Iiiik: 57.10
Sifedo: 38.20
KingDespe: 44.90
ImRenaud: 49.30
-Nadrel-: 35.20
Faith_Navii: 54.10
LupinYabuki: 37.70
Azuki-ojou: 46.30
Japy: 60.50
rek94: 27.40
Biblilichine: 23.40
Djidji: 32.90
Vizioz: 42.00
Saeba_Ryou: 38.40
Korsa-: 14.70
EmperorKaido: 61.30
arthuno: 36.90
-Kagami: 00.00
Hikona: 41.70
Bat9Orrin: 67.60
Ragnos055: 13.20
YaBoiBan: 67.10
Noodle_June: 56.10
Velzevoul: 41.60
Radukaii: 11.60
BlackTeaLady: 31.00
sidman_kishitani: 58.60
Kabuto77: 22.10
Zetsubo22: 40.10
AnimooGrl1999: 31.00
cynic15m: 19.80
Anime-ETF: 44.50
DatRandomDude: 43.50
spacecowboy: 00.00
Ragnos055: 13.20
Korsa-: 14.70
arthuno: 36.90
Hikona: 41.70
Noodle_June: 56.10
Saeba_Ryou: 38.40
Bat9Orrin: 67.60
Velzevoul: 41.60
Radukaii: 11.60
matheousse09: 34.90
-Kagami: 00.00
YaBoiBan: 67.10
EmperorKaido: 61.30
DarkSquad28190_-: 41.20
bAbyLoNE: 40.40
Sakutarou: 54.70
NASD: 00.00
sausicart: 19.70
Kabuto77: 22.10
cynic15m: 19.80
AnimooGrl1999: 31.00
Sakutarou: 54.70
Anime-ETF: 44.50
DatRandomDude: 43.50
Yuiiin: 27.70
Hydraxsfull: 39.30
Zetsubo22: 40.10
Afloo: 36.80
HibikiHiro: 29.60
HaremOverlord: 46.90
TopherC17: 06.10
JojoYabuki: 47.00
Lexycal: 40.30
Sukaya: 61.00
NASD: 00.00
sausicart: 19.70
Ikkun__: 43.20
Xyrielle: 27.50
Otakku: 46.50
EasonJS: 49.60
__Ashura__: 38.90
Souba: 52.20
Lounes123: 16.40
Farima: 00.00
Leviatanh: 45.30
firefoxy333: 31.30
EricJSC: 45.00
Bahram_Raftari: 59.30
Mugiwaradodo: 26.20
FanTaine: 37.40
_Black: 40.80
latrap: 00.00
vota: 51.80
drakoneel: 31.30
3BoOdi43: 45.70
Iwolf441: 54.60
ajrich: 51.80
Skytormi: 52.70
paraparaship: 42.30
FakerUBW: 59.90
Has8san: 34.50
KAIKI-DESU: 57.80
WooRax: 00.00
Takiiko: 37.40
TheFlamingShark: 49.60
LightStyles: 58.60
Clara_: 12.80
YelloWCl3ar: 51.20
Aniki91: 38.60
osukaru01: 56.00
Benku: 41.60
Mayuuuu: 33.10
Juliiiiiiiiiiius: 51.30
Mangamer: 42.00
ProfZex: 51.80
Laeweth: 28.70
Domino1175: 63.50
6lk6: 43.00
NixoKnight: 68.70
Zlio: 68.30
Blastof_: 56.60
Shinigamidere: 00.00
LouysP: 57.90
K0NAMI: 43.40
ClaudeDeFrance: 00.00
ShiniOz: 56.10
Sigma00: 10.20
Charlotte1412: 36.10
Kreya29: 49.20
Loleyke: 39.70
Zidanenvy: 61.10
Lolmortlilol: 00.00
Davide_Chikone: 41.60
anaesan: 00.00
tristan-h: 54.10
GamesRet: 40.30
TuyNOM: 52.30
QuentiNeicigam: 14.50
ezkeeks: 54.10
greengolem: 51.70
Henatsuka: 25.30
Pilmou: 47.80
Tenshibana: 51.40
Wilump: 49.40
Hydroman_: 61.00
TakaXRenge: 44.30
imM4rk: 51.30
PafDesChocapiks: 54.80
Taikuhatsu: 54.30
pr4ty: 35.60
Riasuzume: 42.20
Hamou: 49.20
mcd_78: 53.60
BenjaminJunior: 43.60
_EnmAi_: 46.10
Okazaki_Ken: 40.00
infinico: 31.80
Xized: 50.50
_r_Felipe: 00.00
Chifie: 12.50
AbuelitaDeBatman: 58.00
darkneff: 44.10
Zebrech: 43.10
LunarStarGirl345: 36.40
literaturenerd: 45.90
Apichua: 23.00
Mimi_Milk: 39.40
S-cryed: 57.20
Matism: 07.40
Daante_: 48.80
Railingue: 41.40
Ahmed_paint5: 24.00
ReyMed: 61.60
DesnomLumerian: 38.10
Azdo0m: 33.90
Sreyso: 33.40
Miss_Violet: 49.20
Luneor: 41.90
-asphyxia-: 50.80
Swesve: 61.20
HaarWyvern: 53.10
FaliaS: 32.50
Naou_: 48.70
BriceMAL: 50.50
spacecowboy: 00.00
Iiiik: 57.10
Sifedo: 38.20
KingDespe: 44.90
ImRenaud: 49.30
-Nadrel-: 35.20
Faith_Navii: 54.10
LupinYabuki: 37.70
Azuki-ojou: 46.30
Japy: 60.50
rek94: 27.40
Biblilichine: 23.40
Djidji: 32.90
Vizioz: 42.00
Saeba_Ryou: 38.40
Korsa-: 14.70
EmperorKaido: 61.30
arthuno: 36.90
-Kagami: 00.00
Hikona: 41.70
Bat9Orrin: 67.60
Ragnos055: 13.20
YaBoiBan: 67.10
Noodle_June: 56.10
Velzevoul: 41.60
Radukaii: 11.60
matheousse09: 34.90
DarkSquad28190_-: 41.20
bAbyLoNE: 40.40
Ruqaa: 46.60
HaoReact: 30.10
Shiratoria: 42.60
BlackTeaLady: 31.00
sidman_kishitani: 58.60
Ruqaa: 46.60
sidman_kishitani: 58.60
TopherC17: 06.10
Lexycal: 40.30
Kabuto77: 22.10
HaoReact: 30.10
Sukaya: 61.00
BlackTeaLady: 31.00
Shiratoria: 42.60
JojoYabuki: 47.00
Zetsubo22: 40.10
AnimooGrl1999: 31.00
cynic15m: 19.80
DatRandomDude: 43.50
Anime-ETF: 44.50
Swesve: 61.20
NASD: 00.00
sausicart: 19.70
Xyrielle: 27.50
Souba: 52.20
Lounes123: 16.40
Otakku: 46.50
__Ashura__: 38.90
EasonJS: 49.60
Ikkun__: 43.20
FanTaine: 37.40
Leviatanh: 45.30
Bahram_Raftari: 59.30
Farima: 00.00
_Black: 40.80
firefoxy333: 31.30
Mugiwaradodo: 26.20
EricJSC: 45.00
latrap: 00.00
vota: 51.80
drakoneel: 31.30
3BoOdi43: 45.70
Iwolf441: 54.60
ajrich: 51.80
Skytormi: 52.70
paraparaship: 42.30
FakerUBW: 59.90
Has8san: 34.50
KAIKI-DESU: 57.80
WooRax: 00.00
Takiiko: 37.40
TheFlamingShark: 49.60
LightStyles: 58.60
Clara_: 12.80
YelloWCl3ar: 51.20
Aniki91: 38.60
osukaru01: 56.00
Benku: 41.60
Mayuuuu: 33.10
Juliiiiiiiiiiius: 51.30
Mangamer: 42.00
ProfZex: 51.80
Laeweth: 28.70
Domino1175: 63.50
6lk6: 43.00
NixoKnight: 68.70
Zlio: 68.30
Blastof_: 56.60
Shinigamidere: 00.00
LouysP: 57.90
K0NAMI: 43.40
ClaudeDeFrance: 00.00
ShiniOz: 56.10
Sigma00: 10.20
Charlotte1412: 36.10
Kreya29: 49.20
Zidanenvy: 61.10
Loleyke: 39.70
Lolmortlilol: 00.00
Davide_Chikone: 41.60
anaesan: 00.00
tristan-h: 54.10
GamesRet: 40.30
TuyNOM: 52.30
QuentiNeicigam: 14.50
ezkeeks: 54.10
greengolem: 51.70
Henatsuka: 25.30
Pilmou: 47.80
Tenshibana: 51.40
Wilump: 49.40
Hydroman_: 61.00
TakaXRenge: 44.30
imM4rk: 51.30
PafDesChocapiks: 54.80
Taikuhatsu: 54.30
pr4ty: 35.60
Riasuzume: 42.20
Hamou: 49.20
mcd_78: 53.60
BenjaminJunior: 43.60
_EnmAi_: 46.10
Okazaki_Ken: 40.00
infinico: 31.80
Xized: 50.50
_r_Felipe: 00.00
Chifie: 12.50
AbuelitaDeBatman: 58.00
darkneff: 44.10
Zebrech: 43.10
LunarStarGirl345: 36.40
literaturenerd: 45.90
Apichua: 23.00
Mimi_Milk: 39.40
S-cryed: 57.20
Matism: 07.40
Daante_: 48.80
Railingue: 41.40
Ahmed_paint5: 24.00
ReyMed: 61.60
DesnomLumerian: 38.10
Azdo0m: 33.90
Sreyso: 33.40
Miss_Violet: 49.20
Luneor: 41.90
-asphyxia-: 50.80
HaarWyvern: 53.10
FaliaS: 32.50
Naou_: 48.70
BriceMAL: 50.50
Iiiik: 57.10
Sifedo: 38.20
KingDespe: 44.90
ImRenaud: 49.30
-Nadrel-: 35.20
Faith_Navii: 54.10
LupinYabuki: 37.70
Azuki-ojou: 46.30
Japy: 60.50
rek94: 27.40
Vizioz: 42.00
Saeba_Ryou: 38.40
Korsa-: 14.70
EmperorKaido: 61.30
arthuno: 36.90
-Kagami: 00.00
Biblilichine: 23.40
Djidji: 32.90
Hikona: 41.70
Bat9Orrin: 67.60
Ragnos055: 13.20
YaBoiBan: 67.10
Noodle_June: 56.10
Velzevoul: 41.60
Radukaii: 11.60
matheousse09: 34.90
DarkSquad28190_-: 41.20
bAbyLoNE: 40.40
Sakutarou: 54.70
Hydraxsfull: 39.30
Yuiiin: 27.70
Afloo: 36.80
HibikiHiro: 29.60
HaremOverlord: 46.90
spacecowboy: 00.00
LunarStarGirl345: 36.40
KAIKI-DESU: 57.80
HaoReact: 30.10
Bat9Orrin: 67.60
Yuiiin: 27.70
cynic15m: 19.80
-Kagami: 00.00
matheousse09: 34.90
greengolem: 51.70
NASD: 00.00
BlackTeaLady: 31.00
Sifedo: 38.20
Velzevoul: 41.60
Zetsubo22: 40.10
AbuelitaDeBatman: 58.00
Saeba_Ryou: 38.40
Vizioz: 42.00
sausicart: 19.70
Ikkun__: 43.20
Xyrielle: 27.50
Otakku: 46.50
EasonJS: 49.60
__Ashura__: 38.90
Souba: 52.20
Lounes123: 16.40
FanTaine: 37.40
Leviatanh: 45.30
Bahram_Raftari: 59.30
Farima: 00.00
_Black: 40.80
firefoxy333: 31.30
Mugiwaradodo: 26.20
EricJSC: 45.00
latrap: 00.00
vota: 51.80
drakoneel: 31.30
3BoOdi43: 45.70
Iwolf441: 54.60
ajrich: 51.80
Skytormi: 52.70
paraparaship: 42.30
FakerUBW: 59.90
LightStyles: 58.60
YelloWCl3ar: 51.20
Takiiko: 37.40
WooRax: 00.00
Clara_: 12.80
TheFlamingShark: 49.60
Has8san: 34.50
Aniki91: 38.60
osukaru01: 56.00
Benku: 41.60
Mayuuuu: 33.10
Juliiiiiiiiiiius: 51.30
Mangamer: 42.00
ProfZex: 51.80
Laeweth: 28.70
Domino1175: 63.50
6lk6: 43.00
NixoKnight: 68.70
Zlio: 68.30
Blastof_: 56.60
Shinigamidere: 00.00
LouysP: 57.90
K0NAMI: 43.40
ClaudeDeFrance: 00.00
ShiniOz: 56.10
Charlotte1412: 36.10
Kreya29: 49.20
Zidanenvy: 61.10
Loleyke: 39.70
Lolmortlilol: 00.00
Davide_Chikone: 41.60
QuentiNeicigam: 14.50
tristan-h: 54.10
ezkeeks: 54.10
TuyNOM: 52.30
Henatsuka: 25.30
GamesRet: 40.30
Pilmou: 47.80
anaesan: 00.00
Tenshibana: 51.40
Wilump: 49.40
TakaXRenge: 44.30
imM4rk: 51.30
PafDesChocapiks: 54.80
pr4ty: 35.60
Riasuzume: 42.20
Hamou: 49.20
mcd_78: 53.60
BenjaminJunior: 43.60
_EnmAi_: 46.10
Okazaki_Ken: 40.00
infinico: 31.80
Xized: 50.50
Chifie: 12.50
Zebrech: 43.10
literaturenerd: 45.90
Apichua: 23.00
Mimi_Milk: 39.40
S-cryed: 57.20
Matism: 07.40
Daante_: 48.80
Railingue: 41.40
Ahmed_paint5: 24.00
ReyMed: 61.60
DesnomLumerian: 38.10
Azdo0m: 33.90
Sreyso: 33.40
Miss_Violet: 49.20
Luneor: 41.90
-asphyxia-: 50.80
Swesve: 61.20
HaarWyvern: 53.10
FaliaS: 32.50
Naou_: 48.70
BriceMAL: 50.50
Iiiik: 57.10
KingDespe: 44.90
ImRenaud: 49.30
-Nadrel-: 35.20
Faith_Navii: 54.10
LupinYabuki: 37.70
rek94: 27.40
Biblilichine: 23.40
Djidji: 32.90
EmperorKaido: 61.30
arthuno: 36.90
Radukaii: 11.60
DarkSquad28190_-: 41.20
bAbyLoNE: 40.40
Hydraxsfull: 39.30
HaremOverlord: 46.90
Lexycal: 40.30
Sukaya: 61.00
Kabuto77: 22.10
AnimooGrl1999: 31.00
sidman_kishitani: 58.60
Ragnos055: 13.20
Japy: 60.50
HibikiHiro: 29.60
darkneff: 44.10
Hydroman_: 61.00
JojoYabuki: 47.00
Taikuhatsu: 54.30
Sakutarou: 54.70
_r_Felipe: 00.00
Afloo: 36.80
Azuki-ojou: 46.30
TopherC17: 06.10
Anime-ETF: 44.50
Korsa-: 14.70
Sigma00: 10.20
Shiratoria: 42.60
DatRandomDude: 43.50
Hikona: 41.70
Noodle_June: 56.10
Ruqaa: 46.60
YaBoiBan: 67.10
spacecowboy: 00.00
Sigma00: 10.20
_r_Felipe: 00.00
Shiratoria: 42.60
Afloo: 36.80
Anime-ETF: 44.50
Korsa-: 14.70
Sakutarou: 54.70
TopherC17: 06.10
LunarStarGirl345: 36.40
NASD: 00.00
Bat9Orrin: 67.60
Yuiiin: 27.70
greengolem: 51.70
KAIKI-DESU: 57.80
cynic15m: 19.80
-Kagami: 00.00
HaoReact: 30.10
sausicart: 19.70
Ikkun__: 43.20
Xyrielle: 27.50
Otakku: 46.50
EasonJS: 49.60
__Ashura__: 38.90
Souba: 52.20
Lounes123: 16.40
FanTaine: 37.40
Leviatanh: 45.30
Bahram_Raftari: 59.30
Farima: 00.00
_Black: 40.80
firefoxy333: 31.30
Mugiwaradodo: 26.20
EricJSC: 45.00
latrap: 00.00
vota: 51.80
drakoneel: 31.30
3BoOdi43: 45.70
Iwolf441: 54.60
ajrich: 51.80
Skytormi: 52.70
paraparaship: 42.30
FakerUBW: 59.90
Has8san: 34.50
WooRax: 00.00
Takiiko: 37.40
TheFlamingShark: 49.60
LightStyles: 58.60
Clara_: 12.80
YelloWCl3ar: 51.20
Aniki91: 38.60
osukaru01: 56.00
Benku: 41.60
Mayuuuu: 33.10
Juliiiiiiiiiiius: 51.30
Mangamer: 42.00
ProfZex: 51.80
Laeweth: 28.70
Domino1175: 63.50
6lk6: 43.00
NixoKnight: 68.70
Zlio: 68.30
Blastof_: 56.60
Shinigamidere: 00.00
LouysP: 57.90
K0NAMI: 43.40
ClaudeDeFrance: 00.00
ShiniOz: 56.10
Charlotte1412: 36.10
Kreya29: 49.20
Zidanenvy: 61.10
Loleyke: 39.70
Lolmortlilol: 00.00
Davide_Chikone: 41.60
anaesan: 00.00
tristan-h: 54.10
GamesRet: 40.30
TuyNOM: 52.30
QuentiNeicigam: 14.50
ezkeeks: 54.10
Henatsuka: 25.30
Pilmou: 47.80
Tenshibana: 51.40
Wilump: 49.40
TakaXRenge: 44.30
imM4rk: 51.30
PafDesChocapiks: 54.80
pr4ty: 35.60
Riasuzume: 42.20
Hamou: 49.20
mcd_78: 53.60
BenjaminJunior: 43.60
_EnmAi_: 46.10
Okazaki_Ken: 40.00
infinico: 31.80
Xized: 50.50
Chifie: 12.50
Zebrech: 43.10
literaturenerd: 45.90
Apichua: 23.00
Mimi_Milk: 39.40
S-cryed: 57.20
Matism: 07.40
Daante_: 48.80
Railingue: 41.40
Ahmed_paint5: 24.00
ReyMed: 61.60
DesnomLumerian: 38.10
Azdo0m: 33.90
Sreyso: 33.40
Miss_Violet: 49.20
Luneor: 41.90
-asphyxia-: 50.80
Swesve: 61.20
HaarWyvern: 53.10
FaliaS: 32.50
Naou_: 48.70
BriceMAL: 50.50
Iiiik: 57.10
KingDespe: 44.90
ImRenaud: 49.30
-Nadrel-: 35.20
Faith_Navii: 54.10
LupinYabuki: 37.70
rek94: 27.40
Biblilichine: 23.40
Djidji: 32.90
EmperorKaido: 61.30
arthuno: 36.90
Radukaii: 11.60
DarkSquad28190_-: 41.20
bAbyLoNE: 40.40
Hydraxsfull: 39.30
HaremOverlord: 46.90
Lexycal: 40.30
Sukaya: 61.00
Kabuto77: 22.10
AnimooGrl1999: 31.00
sidman_kishitani: 58.60
Ragnos055: 13.20
Japy: 60.50
HibikiHiro: 29.60
Azuki-ojou: 46.30
darkneff: 44.10
Hydroman_: 61.00
JojoYabuki: 47.00
Taikuhatsu: 54.30
matheousse09: 34.90
Zetsubo22: 40.10
Saeba_Ryou: 38.40
Vizioz: 42.00
Sifedo: 38.20
BlackTeaLady: 31.00
Velzevoul: 41.60
AbuelitaDeBatman: 58.00
DatRandomDude: 43.50
Hikona: 41.70
Noodle_June: 56.10
Ruqaa: 46.60
YaBoiBan: 67.10
Yuiiin: 27.70
HaoReact: 30.10
JojoYabuki: 47.00
Bat9Orrin: 67.60
Sifedo: 38.20
Yuiiin: 27.70
Afloo: 36.80
matheousse09: 34.90
Sifedo: 38.20
Bat9Orrin: 67.60
Anime-ETF: 44.50
Sigma00: 10.20
KAIKI-DESU: 57.80
Bat9Orrin: 67.60
Lexycal: 40.30
cynic15m: 19.80
matheousse09: 34.90
Bat9Orrin: 67.60
Bat9Orrin: 67.60
matheousse09: 34.90
Daante_: 48.80
Biblilichine: 23.40
Saeba_Ryou: 38.40
Ragnos055: 13.20
FaliaS: 32.50
Lexycal: 40.30
Shiratoria: 42.60
Ruqaa: 46.60
Miss_Violet: 49.20
Anime-ETF: 44.50
cynic15m: 19.80
NASD: 00.00
sausicart: 19.70
YaBoiBan: 67.00
TopherC17: 06.10
Yuiiin: 27.70
DesnomLumerian: 38.10
matheousse09: 34.90
Ikkun__: 43.20
Xyrielle: 27.50
Otakku: 46.50
EasonJS: 49.60
__Ashura__: 38.90
Souba: 52.20
Lounes123: 16.40
Leviatanh: 45.30
Farima: 00.00
Mugiwaradodo: 26.20
firefoxy333: 31.30
EricJSC: 45.00
Bahram_Raftari: 59.30
FanTaine: 37.40
_Black: 40.80
latrap: 00.00
vota: 51.80
drakoneel: 31.30
3BoOdi43: 45.70
Iwolf441: 54.60
ajrich: 51.80
Skytormi: 52.70
FakerUBW: 59.90
osukaru01: 56.00
WooRax: 00.00
LightStyles: 58.60
YelloWCl3ar: 51.20
Aniki91: 38.60
Mayuuuu: 33.10
Has8san: 34.50
Benku: 41.60
Juliiiiiiiiiiius: 51.30
Mangamer: 42.00
ProfZex: 51.80
Laeweth: 28.70
Domino1175: 63.50
6lk6: 43.00
NixoKnight: 68.70
Zlio: 68.30
ClaudeDeFrance: 00.00
Kreya29: 49.20
Zidanenvy: 61.10
Loleyke: 39.70
Lolmortlilol: 00.00
Davide_Chikone: 41.60
anaesan: 00.00
tristan-h: 52.90
QuentiNeicigam: 14.50
ezkeeks: 54.10
Henatsuka: 25.30
Pilmou: 47.80
Wilump: 49.40
TakaXRenge: 44.30
Chifie: 12.50
Zebrech: 43.10
Railingue: 41.40
BriceMAL: 50.50
Radukaii: 11.60
Sukaya: 61.00
AnimooGrl1999: 31.00
KAIKI-DESU: 57.80
BlackTeaLady: 31.00
Daante_: 48.80
KingDespe: 44.90
imM4rk: 51.30
Sigma00: 10.20
infinico: 31.80
pr4ty: 35.60
Iiiik: 57.10
Okazaki_Ken: 40.00
HibikiHiro: 29.60
Takiiko: 37.30
Hamou: 49.20
K0NAMI: 43.40
Hydraxsfull: 39.30
sidman_kishitani: 58.50
ImRenaud: 49.30
TuyNOM: 52.30
Azdo0m: 33.90
Xized: 50.50
Japy: 60.50
ShiniOz: 56.10
DarkSquad28190_-: 42.80
LouysP: 57.90
Shinigamidere: 00.00
Riasuzume: 42.20
Swesve: 61.20
Blastof_: 56.60
Noodle_June: 56.60
Naou_: 48.70
rek94: 27.40
Matism: 07.40
Hydroman_: 61.00
Djidji: 32.90
PafDesChocapiks: 55.40
Sakutarou: 54.70
Faith_Navii: 54.10
Taikuhatsu: 54.30
mcd_78: 53.60
greengolem: 51.70
GamesRet: 40.30
-asphyxia-: 50.80
ReyMed: 61.60
bAbyLoNE: 35.40
Clara_: 12.80
paraparaship: 42.30
Velzevoul: 41.60
BenjaminJunior: 43.80
Luneor: 41.90
Azuki-ojou: 46.30
JojoYabuki: 47.00
literaturenerd: 45.90
_EnmAi_: 46.10
LupinYabuki: 37.70
HaoReact: 31.40
Hikona: 41.70
-Nadrel-: 35.20
HaarWyvern: 53.10
_r_Felipe: 00.00
Sreyso: 33.40
darkneff: 44.10
arthuno: 36.90
Sifedo: 38.20
Tenshibana: 51.40
EmperorKaido: 61.30
Afloo: 36.80
Kabuto77: 22.10
AbuelitaDeBatman: 58.00
DatRandomDude: 43.50
Mimi_Milk: 39.40
Apichua: 23.00
TheFlamingShark: 49.50
-Kagami: 00.00
Charlotte1412: 36.10
LunarStarGirl345: 36.40
Korsa-: 14.60
Bat9Orrin: 67.60
HaremOverlord: 46.90
Zetsubo22: 39.70
S-cryed: 57.20
Vizioz: 42.00
Ahmed_paint5: 25.20
Miss_Violet: 49.20
Ragnos055: 13.20
TopherC17: 06.10
DesnomLumerian: 38.10
Ruqaa: 46.60
cynic15m: 19.80
matheousse09: 34.90
Yuiiin: 27.70
Shiratoria: 42.60
Sakutarou: 54.70
NASD: 00.00
YaBoiBan: 67.00
Ahmed_paint5: 25.20
S-cryed: 57.20
Vizioz: 42.00
Saeba_Ryou: 38.40
sausicart: 19.70
Ikkun__: 43.20
Xyrielle: 27.50
Otakku: 46.50
EasonJS: 49.60
__Ashura__: 38.90
Souba: 52.20
Farima: 00.00
Lounes123: 16.40
Mugiwaradodo: 26.20
_Black: 40.80
Bahram_Raftari: 59.30
Leviatanh: 45.30
firefoxy333: 31.30
FanTaine: 37.40
EricJSC: 45.00
latrap: 00.00
vota: 51.80
drakoneel: 31.30
3BoOdi43: 45.70
Iwolf441: 54.60
ajrich: 51.80
Skytormi: 52.70
FakerUBW: 59.90
Has8san: 34.50
WooRax: 00.00
LightStyles: 58.60
YelloWCl3ar: 51.20
Aniki91: 38.60
osukaru01: 56.00
Benku: 41.60
Mayuuuu: 33.10
Juliiiiiiiiiiius: 51.30
Mangamer: 42.00
ProfZex: 51.80
Laeweth: 28.70
Domino1175: 63.50
6lk6: 43.00
NixoKnight: 68.70
Zlio: 68.30
ClaudeDeFrance: 00.00
Kreya29: 49.20
Zidanenvy: 61.10
Loleyke: 39.70
Lolmortlilol: 00.00
Davide_Chikone: 41.60
anaesan: 00.00
Chifie: 12.50
TakaXRenge: 44.30
QuentiNeicigam: 14.50
tristan-h: 52.90
ezkeeks: 54.10
Henatsuka: 25.30
Wilump: 49.40
Pilmou: 47.80
Zebrech: 43.10
Railingue: 41.40
BriceMAL: 50.50
Radukaii: 11.60
Sukaya: 61.00
AnimooGrl1999: 31.00
KAIKI-DESU: 57.80
BlackTeaLady: 31.00
Daante_: 48.80
KingDespe: 44.90
imM4rk: 51.30
Sigma00: 10.20
infinico: 31.80
pr4ty: 35.60
Iiiik: 57.10
Okazaki_Ken: 40.00
HibikiHiro: 29.60
Takiiko: 37.30
Hamou: 49.20
K0NAMI: 43.40
Hydraxsfull: 39.30
sidman_kishitani: 58.50
ImRenaud: 49.30
TuyNOM: 52.30
Azdo0m: 33.90
Xized: 50.50
Japy: 60.50
ShiniOz: 56.10
DarkSquad28190_-: 42.80
LouysP: 57.90
Shinigamidere: 00.00
Riasuzume: 42.20
Blastof_: 56.60
Matism: 07.40
Hydroman_: 61.00
Swesve: 61.20
Noodle_June: 56.60
Naou_: 48.70
rek94: 27.40
Djidji: 32.90
-asphyxia-: 50.80
PafDesChocapiks: 55.40
Faith_Navii: 54.10
Taikuhatsu: 54.30
mcd_78: 53.60
greengolem: 51.70
GamesRet: 40.30
Luneor: 41.90
ReyMed: 61.60
paraparaship: 42.30
Velzevoul: 41.60
bAbyLoNE: 35.40
Clara_: 12.80
JojoYabuki: 47.00
BenjaminJunior: 43.80
Azuki-ojou: 46.30
literaturenerd: 45.90
_EnmAi_: 46.10
LupinYabuki: 37.70
HaoReact: 31.40
Hikona: 41.70
-Nadrel-: 35.20
HaarWyvern: 53.10
_r_Felipe: 00.00
Sreyso: 33.40
darkneff: 44.10
arthuno: 36.90
Sifedo: 38.20
Tenshibana: 51.40
EmperorKaido: 61.30
Afloo: 36.80
Kabuto77: 22.10
AbuelitaDeBatman: 58.00
DatRandomDude: 43.50
Mimi_Milk: 39.40
Apichua: 23.00
TheFlamingShark: 49.50
-Kagami: 00.00
Charlotte1412: 36.10
LunarStarGirl345: 36.40
Korsa-: 14.60
Bat9Orrin: 67.60
Zetsubo22: 39.70
Biblilichine: 23.40
Anime-ETF: 44.50
FaliaS: 32.50
Lexycal: 40.30
HaremOverlord: 46.90
spacecowboy: 00.00
Shiratoria: 42.60
Ragnos055: 13.20
matheousse09: 34.90
TopherC17: 06.10
DesnomLumerian: 38.10
Yuiiin: 27.70
cynic15m: 19.80
S-cryed: 57.20
paraparaship: 42.30
Ahmed_paint5: 25.20
YaBoiBan: 67.00
HaremOverlord: 46.90
Sakutarou: 54.70
Saeba_Ryou: 38.40
Vizioz: 42.00
NASD: 00.00
sausicart: 19.70
Ikkun__: 43.20
Xyrielle: 27.50
Otakku: 46.50
EasonJS: 49.60
__Ashura__: 38.90
Souba: 52.20
Lounes123: 16.40
FanTaine: 37.40
Leviatanh: 45.30
Bahram_Raftari: 59.30
Farima: 00.00
_Black: 40.80
firefoxy333: 31.30
Mugiwaradodo: 26.20
EricJSC: 45.00
latrap: 00.00
vota: 51.80
drakoneel: 31.30
3BoOdi43: 45.70
Iwolf441: 54.60
ajrich: 51.80
Skytormi: 52.70
FakerUBW: 59.90
Has8san: 34.50
WooRax: 00.00
LightStyles: 58.60
YelloWCl3ar: 51.20
Aniki91: 38.60
osukaru01: 56.00
Benku: 41.60
Mayuuuu: 33.10
Juliiiiiiiiiiius: 51.30
Mangamer: 42.00
ProfZex: 51.80
Laeweth: 28.70
Domino1175: 63.50
6lk6: 43.00
NixoKnight: 68.70
Zlio: 68.30
ClaudeDeFrance: 00.00
Kreya29: 49.20
Zidanenvy: 61.10
Loleyke: 39.70
Lolmortlilol: 00.00
Davide_Chikone: 41.60
anaesan: 00.00
tristan-h: 52.90
QuentiNeicigam: 14.50
ezkeeks: 54.10
Henatsuka: 25.30
Pilmou: 47.80
Wilump: 49.40
TakaXRenge: 44.30
Chifie: 12.50
Zebrech: 43.10
Railingue: 41.40
BriceMAL: 50.50
Radukaii: 11.60
Sukaya: 61.00
AnimooGrl1999: 31.00
KAIKI-DESU: 57.80
BlackTeaLady: 31.00
Daante_: 48.80
KingDespe: 44.90
imM4rk: 51.30
Sigma00: 10.20
infinico: 31.80
pr4ty: 35.60
Iiiik: 57.10
Okazaki_Ken: 40.00
HibikiHiro: 29.60
Takiiko: 37.30
Hamou: 49.20
K0NAMI: 43.40
Hydraxsfull: 39.30
sidman_kishitani: 58.50
ImRenaud: 49.30
TuyNOM: 52.30
Azdo0m: 33.90
Xized: 50.50
Japy: 60.50
ShiniOz: 56.10
DarkSquad28190_-: 42.80
LouysP: 57.90
Shinigamidere: 00.00
Riasuzume: 42.20
Swesve: 61.20
Blastof_: 56.60
Noodle_June: 56.60
Naou_: 48.70
rek94: 27.40
Matism: 07.40
Hydroman_: 61.00
Djidji: 32.90
-asphyxia-: 50.80
PafDesChocapiks: 55.40
Faith_Navii: 54.10
Taikuhatsu: 54.30
mcd_78: 53.60
greengolem: 51.70
GamesRet: 40.30
Luneor: 41.90
bAbyLoNE: 35.40
Clara_: 12.80
ReyMed: 61.60
BenjaminJunior: 43.80
Azuki-ojou: 46.30
Velzevoul: 41.60
JojoYabuki: 47.00
literaturenerd: 45.90
_EnmAi_: 46.10
LupinYabuki: 37.70
HaoReact: 31.40
Hikona: 41.70
-Nadrel-: 35.20
HaarWyvern: 53.10
_r_Felipe: 00.00
Sreyso: 33.40
darkneff: 44.10
arthuno: 36.90
Sifedo: 38.20
Tenshibana: 51.40
EmperorKaido: 61.30
Afloo: 36.80
Kabuto77: 22.10
AbuelitaDeBatman: 58.00
DatRandomDude: 43.50
Mimi_Milk: 39.40
Apichua: 23.00
TheFlamingShark: 49.50
-Kagami: 00.00
Charlotte1412: 36.10
LunarStarGirl345: 36.40
Korsa-: 14.60
Bat9Orrin: 67.60
Zetsubo22: 39.70
Biblilichine: 23.40
Anime-ETF: 44.50
FaliaS: 32.50
Lexycal: 40.30
Miss_Violet: 49.20
Ruqaa: 46.60
spacecowboy: 00.00
TheFlamingShark: 49.50
TheFlamingShark: 49.50
Korsa-: 14.60
Korsa-: 14.60
Bat9Orrin: 67.60
Bat9Orrin: 67.60
Biblilichine: 23.40
Biblilichine: 23.40
LunarStarGirl345: 36.40
LunarStarGirl345: 36.40
Charlotte1412: 36.10
Charlotte1412: 36.10
Zetsubo22: 39.70
Zetsubo22: 39.70
-Kagami: 00.00
-Kagami: 00.00
Anime-ETF: 44.50
Anime-ETF: 44.50
NASD: 00.00
NASD: 00.00
Ragnos055: 13.20
Ragnos055: 13.20
FaliaS: 32.50
FaliaS: 32.50
Miss_Violet: 49.20
Miss_Violet: 49.20
Ruqaa: 46.60
Ruqaa: 46.60
Lexycal: 40.30
Lexycal: 40.30
cynic15m: 19.80
cynic15m: 19.80
Shiratoria: 42.60
Shiratoria: 42.60
sausicart: 19.70
sausicart: 19.70
Ikkun__: 43.20
Ikkun__: 43.20
Xyrielle: 27.50
Xyrielle: 27.50
Otakku: 46.50
Otakku: 46.50
EasonJS: 49.60
EasonJS: 49.60
__Ashura__: 38.90
__Ashura__: 38.90
Souba: 52.20
Souba: 52.20
Lounes123: 16.40
Lounes123: 16.40
Leviatanh: 45.30
Leviatanh: 45.30
Farima: 00.00
Farima: 00.00
firefoxy333: 31.30
firefoxy333: 31.30
Mugiwaradodo: 26.20
Mugiwaradodo: 26.20
_Black: 40.80
_Black: 40.80
FanTaine: 37.40
FanTaine: 37.40
EricJSC: 45.00
EricJSC: 45.00
Bahram_Raftari: 59.30
Bahram_Raftari: 59.30
latrap: 00.00
latrap: 00.00
vota: 51.80
vota: 51.80
drakoneel: 31.30
drakoneel: 31.30
3BoOdi43: 45.70
3BoOdi43: 45.70
Iwolf441: 54.60
Iwolf441: 54.60
ajrich: 51.80
ajrich: 51.80
Skytormi: 52.70
Skytormi: 52.70
FakerUBW: 59.90
FakerUBW: 59.90
Has8san: 34.50
Has8san: 34.50
WooRax: 00.00
WooRax: 00.00
LightStyles: 58.60
LightStyles: 58.60
YelloWCl3ar: 51.20
YelloWCl3ar: 51.20
Aniki91: 38.60
Aniki91: 38.60
osukaru01: 56.00
osukaru01: 56.00
Benku: 41.60
Benku: 41.60
Mayuuuu: 33.10
Mayuuuu: 33.10
Mangamer: 42.00
Mangamer: 42.00
NixoKnight: 68.70
NixoKnight: 68.70
Juliiiiiiiiiiius: 51.30
Juliiiiiiiiiiius: 51.30
Zlio: 68.30
Zlio: 68.30
Laeweth: 28.70
Laeweth: 28.70
Domino1175: 63.50
Domino1175: 63.50
6lk6: 43.00
6lk6: 43.00
ProfZex: 51.80
ProfZex: 51.80
ClaudeDeFrance: 00.00
ClaudeDeFrance: 00.00
Kreya29: 49.20
Kreya29: 49.20
Zidanenvy: 61.10
Zidanenvy: 61.10
Loleyke: 39.70
Loleyke: 39.70
Lolmortlilol: 00.00
Lolmortlilol: 00.00
Davide_Chikone: 41.60
Davide_Chikone: 41.60
anaesan: 00.00
anaesan: 00.00
tristan-h: 52.90
tristan-h: 52.90
QuentiNeicigam: 14.50
QuentiNeicigam: 14.50
ezkeeks: 54.10
ezkeeks: 54.10
Henatsuka: 25.30
Henatsuka: 25.30
Pilmou: 47.80
Pilmou: 47.80
Wilump: 49.40
Wilump: 49.40
TakaXRenge: 44.30
TakaXRenge: 44.30
Chifie: 12.50
Chifie: 12.50
Zebrech: 43.10
Zebrech: 43.10
Railingue: 41.40
Railingue: 41.40
BriceMAL: 50.50
BriceMAL: 50.50
Radukaii: 11.60
Radukaii: 11.60
Sukaya: 61.00
Sukaya: 61.00
AnimooGrl1999: 31.00
AnimooGrl1999: 31.00
KAIKI-DESU: 57.80
KAIKI-DESU: 57.80
BlackTeaLady: 31.00
BlackTeaLady: 31.00
Daante_: 48.80
Daante_: 48.80
KingDespe: 44.90
KingDespe: 44.90
imM4rk: 51.30
imM4rk: 51.30
Sigma00: 10.20
Sigma00: 10.20
infinico: 31.80
infinico: 31.80
pr4ty: 35.60
pr4ty: 35.60
Iiiik: 57.10
Iiiik: 57.10
Okazaki_Ken: 40.00
Okazaki_Ken: 40.00
HibikiHiro: 29.60
HibikiHiro: 29.60
Takiiko: 37.30
Takiiko: 37.30
Hamou: 49.20
Hamou: 49.20
K0NAMI: 43.40
K0NAMI: 43.40
Hydraxsfull: 39.30
Hydraxsfull: 39.30
sidman_kishitani: 58.50
sidman_kishitani: 58.50
ImRenaud: 49.30
ImRenaud: 49.30
TuyNOM: 52.30
TuyNOM: 52.30
Azdo0m: 33.90
Azdo0m: 33.90
Xized: 50.50
Xized: 50.50
Japy: 60.50
Japy: 60.50
ShiniOz: 56.10
ShiniOz: 56.10
DarkSquad28190_-: 42.80
DarkSquad28190_-: 42.80
LouysP: 57.90
LouysP: 57.90
Shinigamidere: 00.00
Shinigamidere: 00.00
Riasuzume: 42.20
Riasuzume: 42.20
Swesve: 61.20
Swesve: 61.20
Blastof_: 56.60
Blastof_: 56.60
Noodle_June: 56.60
Noodle_June: 56.60
Naou_: 48.70
Naou_: 48.70
rek94: 27.40
rek94: 27.40
Matism: 07.40
Matism: 07.40
Hydroman_: 61.00
Hydroman_: 61.00
Djidji: 32.90
Djidji: 32.90
-asphyxia-: 50.80
-asphyxia-: 50.80
PafDesChocapiks: 55.40
PafDesChocapiks: 55.40
Faith_Navii: 54.10
Faith_Navii: 54.10
Taikuhatsu: 54.30
Taikuhatsu: 54.30
mcd_78: 53.60
mcd_78: 53.60
greengolem: 51.70
greengolem: 51.70
GamesRet: 40.30
GamesRet: 40.30
Luneor: 41.90
Luneor: 41.90
bAbyLoNE: 35.40
bAbyLoNE: 35.40
Clara_: 12.80
Clara_: 12.80
ReyMed: 61.60
ReyMed: 61.60
BenjaminJunior: 43.80
BenjaminJunior: 43.80
paraparaship: 42.30
paraparaship: 42.30
Azuki-ojou: 46.30
Azuki-ojou: 46.30
Velzevoul: 41.60
Velzevoul: 41.60
JojoYabuki: 47.00
JojoYabuki: 47.00
literaturenerd: 45.90
literaturenerd: 45.90
_EnmAi_: 46.10
_EnmAi_: 46.10
LupinYabuki: 37.70
LupinYabuki: 37.70
HaoReact: 31.40
HaoReact: 31.40
Hikona: 41.70
Hikona: 41.70
-Nadrel-: 35.20
-Nadrel-: 35.20
HaarWyvern: 53.10
HaarWyvern: 53.10
_r_Felipe: 00.00
_r_Felipe: 00.00
Sreyso: 33.40
Sreyso: 33.40
darkneff: 44.10
darkneff: 44.10
arthuno: 36.90
arthuno: 36.90
Sifedo: 38.20
Sifedo: 38.20
Tenshibana: 51.40
Tenshibana: 51.40
EmperorKaido: 61.30
EmperorKaido: 61.30
Afloo: 36.80
Afloo: 36.80
Kabuto77: 22.10
Kabuto77: 22.10
AbuelitaDeBatman: 58.00
AbuelitaDeBatman: 58.00
DatRandomDude: 43.50
DatRandomDude: 43.50
Mimi_Milk: 39.40
Mimi_Milk: 39.40
Apichua: 23.00
Apichua: 23.00
TopherC17: 06.10
TopherC17: 06.10
matheousse09: 34.90
matheousse09: 34.90
DesnomLumerian: 38.10
DesnomLumerian: 38.10
Yuiiin: 27.70
Yuiiin: 27.70
S-cryed: 57.20
S-cryed: 57.20
Ahmed_paint5: 25.20
Ahmed_paint5: 25.20
Sakutarou: 54.70
Sakutarou: 54.70
Saeba_Ryou: 38.40
Saeba_Ryou: 38.40
YaBoiBan: 67.00
YaBoiBan: 67.00
Vizioz: 42.00
Vizioz: 42.00
HaremOverlord: 46.90
HaremOverlord: 46.90
spacecowboy: 00.00
spacecowboy: 00.00
Ragnos055: 13.20
Ragnos055: 13.20
Ruqaa: 46.60
Ruqaa: 46.60
Miss_Violet: 49.20
Miss_Violet: 49.20
FaliaS: 32.50
FaliaS: 32.50
cynic15m: 19.80
cynic15m: 19.80
Lexycal: 40.30
Lexycal: 40.30
Shiratoria: 42.60
Shiratoria: 42.60
TopherC17: 06.10
TopherC17: 06.10
Anime-ETF: 44.50
Anime-ETF: 44.50
NASD: 00.00
NASD: 00.00
DesnomLumerian: 38.10
DesnomLumerian: 38.10
Ahmed_paint5: 25.20
Ahmed_paint5: 25.20
Sakutarou: 54.70
Sakutarou: 54.70
Yuiiin: 27.70
Yuiiin: 27.70
matheousse09: 34.90
matheousse09: 34.90
S-cryed: 57.20
S-cryed: 57.20
spacecowboy: 00.00
spacecowboy: 00.00
sausicart: 19.70
sausicart: 19.70
Ikkun__: 43.20
Ikkun__: 43.20
Xyrielle: 27.50
Xyrielle: 27.50
Otakku: 46.50
Otakku: 46.50
EasonJS: 49.60
EasonJS: 49.60
__Ashura__: 38.90
__Ashura__: 38.90
Souba: 52.20
Souba: 52.20
Lounes123: 16.40
Lounes123: 16.40
FanTaine: 37.40
FanTaine: 37.40
Leviatanh: 45.30
Leviatanh: 45.30
Bahram_Raftari: 59.30
Bahram_Raftari: 59.30
Farima: 00.00
Farima: 00.00
_Black: 40.80
_Black: 40.80
firefoxy333: 31.30
firefoxy333: 31.30
Mugiwaradodo: 26.20
Mugiwaradodo: 26.20
EricJSC: 45.00
EricJSC: 45.00
latrap: 00.00
latrap: 00.00
vota: 51.80
vota: 51.80
drakoneel: 31.30
drakoneel: 31.30
3BoOdi43: 45.70
3BoOdi43: 45.70
Iwolf441: 54.60
Iwolf441: 54.60
ajrich: 51.80
ajrich: 51.80
Skytormi: 52.70
Skytormi: 52.70
FakerUBW: 59.90
FakerUBW: 59.90
Has8san: 34.50
Has8san: 34.50
WooRax: 00.00
WooRax: 00.00
LightStyles: 58.60
LightStyles: 58.60
YelloWCl3ar: 51.20
YelloWCl3ar: 51.20
Aniki91: 38.60
Aniki91: 38.60
osukaru01: 56.00
osukaru01: 56.00
Benku: 41.60
Benku: 41.60
Mayuuuu: 33.10
Mayuuuu: 33.10
Juliiiiiiiiiiius: 51.30
Juliiiiiiiiiiius: 51.30
Mangamer: 42.00
Mangamer: 42.00
ProfZex: 51.80
ProfZex: 51.80
Laeweth: 28.70
Laeweth: 28.70
Domino1175: 63.50
Domino1175: 63.50
6lk6: 43.00
6lk6: 43.00
NixoKnight: 68.70
NixoKnight: 68.70
Zlio: 68.30
Zlio: 68.30
ClaudeDeFrance: 00.00
ClaudeDeFrance: 00.00
Kreya29: 49.20
Kreya29: 49.20
Zidanenvy: 61.10
Zidanenvy: 61.10
Loleyke: 39.70
Loleyke: 39.70
Lolmortlilol: 00.00
Lolmortlilol: 00.00
Davide_Chikone: 41.60
Davide_Chikone: 41.60
anaesan: 00.00
anaesan: 00.00
tristan-h: 52.90
tristan-h: 52.90
QuentiNeicigam: 14.50
QuentiNeicigam: 14.50
ezkeeks: 54.10
ezkeeks: 54.10
Henatsuka: 25.30
Henatsuka: 25.30
Pilmou: 47.80
Pilmou: 47.80
Wilump: 49.40
Wilump: 49.40
TakaXRenge: 44.30
TakaXRenge: 44.30
Chifie: 12.50
Chifie: 12.50
Zebrech: 43.10
Zebrech: 43.10
Railingue: 41.40
Railingue: 41.40
BriceMAL: 50.50
BriceMAL: 50.50
Radukaii: 11.60
Radukaii: 11.60
Sukaya: 61.00
Sukaya: 61.00
AnimooGrl1999: 31.00
AnimooGrl1999: 31.00
KAIKI-DESU: 57.80
KAIKI-DESU: 57.80
BlackTeaLady: 31.00
BlackTeaLady: 31.00
Daante_: 48.80
Daante_: 48.80
KingDespe: 44.90
KingDespe: 44.90
imM4rk: 51.30
imM4rk: 51.30
Sigma00: 10.20
Sigma00: 10.20
infinico: 31.80
infinico: 31.80
pr4ty: 35.60
pr4ty: 35.60
Iiiik: 57.10
Iiiik: 57.10
Okazaki_Ken: 40.00
Okazaki_Ken: 40.00
HibikiHiro: 29.60
HibikiHiro: 29.60
Takiiko: 37.30
Takiiko: 37.30
Hamou: 49.20
Hamou: 49.20
K0NAMI: 43.40
K0NAMI: 43.40
Hydraxsfull: 39.30
Hydraxsfull: 39.30
sidman_kishitani: 58.50
sidman_kishitani: 58.50
ImRenaud: 49.30
ImRenaud: 49.30
TuyNOM: 52.30
TuyNOM: 52.30
Azdo0m: 33.90
Azdo0m: 33.90
Xized: 50.50
Xized: 50.50
Japy: 60.50
Japy: 60.50
ShiniOz: 56.10
ShiniOz: 56.10
DarkSquad28190_-: 42.80
DarkSquad28190_-: 42.80
LouysP: 57.90
LouysP: 57.90
Shinigamidere: 00.00
Shinigamidere: 00.00
Riasuzume: 42.20
Riasuzume: 42.20
Swesve: 61.20
Swesve: 61.20
Blastof_: 56.60
Blastof_: 56.60
Noodle_June: 56.60
Noodle_June: 56.60
Naou_: 48.70
Naou_: 48.70
rek94: 27.40
rek94: 27.40
Matism: 07.40
Matism: 07.40
Hydroman_: 61.00
Hydroman_: 61.00
Djidji: 32.90
Djidji: 32.90
-asphyxia-: 50.80
-asphyxia-: 50.80
PafDesChocapiks: 55.40
PafDesChocapiks: 55.40
Faith_Navii: 54.10
Faith_Navii: 54.10
Taikuhatsu: 54.30
Taikuhatsu: 54.30
mcd_78: 53.60
mcd_78: 53.60
greengolem: 51.70
greengolem: 51.70
GamesRet: 40.30
GamesRet: 40.30
Luneor: 41.90
Luneor: 41.90
bAbyLoNE: 35.40
bAbyLoNE: 35.40
Clara_: 12.80
Clara_: 12.80
ReyMed: 61.60
ReyMed: 61.60
BenjaminJunior: 43.80
BenjaminJunior: 43.80
paraparaship: 42.30
paraparaship: 42.30
Azuki-ojou: 46.30
Azuki-ojou: 46.30
Velzevoul: 41.60
Velzevoul: 41.60
JojoYabuki: 47.00
JojoYabuki: 47.00
literaturenerd: 45.90
literaturenerd: 45.90
_EnmAi_: 46.10
_EnmAi_: 46.10
LupinYabuki: 37.70
LupinYabuki: 37.70
HaoReact: 31.40
HaoReact: 31.40
Hikona: 41.70
Hikona: 41.70
-Nadrel-: 35.20
-Nadrel-: 35.20
HaarWyvern: 53.10
HaarWyvern: 53.10
_r_Felipe: 00.00
_r_Felipe: 00.00
Sreyso: 33.40
Sreyso: 33.40
darkneff: 44.10
darkneff: 44.10
arthuno: 36.90
arthuno: 36.90
Sifedo: 38.20
Sifedo: 38.20
Tenshibana: 51.40
Tenshibana: 51.40
EmperorKaido: 61.30
EmperorKaido: 61.30
Afloo: 36.80
Afloo: 36.80
Kabuto77: 22.10
Kabuto77: 22.10
AbuelitaDeBatman: 58.00
AbuelitaDeBatman: 58.00
DatRandomDude: 43.50
DatRandomDude: 43.50
Mimi_Milk: 39.40
Mimi_Milk: 39.40
Apichua: 23.00
Apichua: 23.00
TheFlamingShark: 49.50
TheFlamingShark: 49.50
-Kagami: 00.00
-Kagami: 00.00
Charlotte1412: 36.10
Charlotte1412: 36.10
LunarStarGirl345: 36.40
LunarStarGirl345: 36.40
Korsa-: 14.60
Korsa-: 14.60
Bat9Orrin: 67.60
Bat9Orrin: 67.60
Zetsubo22: 39.70
Zetsubo22: 39.70
Biblilichine: 23.40
Biblilichine: 23.40
Saeba_Ryou: 38.40
Saeba_Ryou: 38.40
YaBoiBan: 67.00
YaBoiBan: 67.00
Vizioz: 42.00
Vizioz: 42.00
HaremOverlord: 46.90
HaremOverlord: 46.90
TopherC17: 06.10
TopherC17: 00.00
matheousse09: 34.90
matheousse09: 00.00
Ahmed_paint5: 25.20
Ahmed_paint5: 00.00
Saeba_Ryou: 38.40
Saeba_Ryou: 00.00
Sakutarou: 54.70
Sakutarou: 00.00
YaBoiBan: 67.00
YaBoiBan: 00.00
DesnomLumerian: 38.10
DesnomLumerian: 00.00
HaremOverlord: 46.90
HaremOverlord: 00.00
Biblilichine: 23.40
Biblilichine: 00.00
Zetsubo22: 39.70
Zetsubo22: 00.00
NASD: 00.00
NASD: 00.00
Xyrielle: 27.50
Xyrielle: 00.00
FaliaS: 32.50
FaliaS: 00.00
sausicart: 19.70
sausicart: 00.00
Otakku: 46.50
Otakku: 00.00
Ikkun__: 43.20
Ikkun__: 00.00
Anime-ETF: 44.50
Anime-ETF: 00.00
EasonJS: 49.60
EasonJS: 00.00
Souba: 52.20
Souba: 00.00
__Ashura__: 38.90
__Ashura__: 00.00
Leviatanh: 45.30
Leviatanh: 00.00
Lounes123: 16.40
Lounes123: 00.00
spacecowboy: 00.00
spacecowboy: 00.00
FanTaine: 37.40
FanTaine: 00.00
Farima: 00.00
Farima: 00.00
Bahram_Raftari: 59.30
Bahram_Raftari: 00.00
firefoxy333: 31.30
firefoxy333: 00.00
Mugiwaradodo: 26.20
Mugiwaradodo: 00.00
latrap: 00.00
latrap: 00.00
_Black: 40.80
_Black: 00.00
vota: 51.80
vota: 00.00
Iwolf441: 54.60
Iwolf441: 00.00
3BoOdi43: 45.70
3BoOdi43: 00.00
drakoneel: 31.30
drakoneel: 00.00
ajrich: 51.80
ajrich: 00.00
Skytormi: 52.70
Skytormi: 00.00
FakerUBW: 59.90
FakerUBW: 00.00
WooRax: 00.00
WooRax: 00.00
YelloWCl3ar: 51.20
YelloWCl3ar: 00.00
osukaru01: 56.00
osukaru01: 00.00
LightStyles: 58.60
LightStyles: 00.00
Has8san: 34.50
Has8san: 00.00
Aniki91: 38.60
Aniki91: 00.00
Juliiiiiiiiiiius: 51.30
Juliiiiiiiiiiius: 00.00
Mayuuuu: 33.10
Mayuuuu: 00.00
Mangamer: 42.00
Mangamer: 00.00
Domino1175: 63.50
Domino1175: 00.00
Laeweth: 28.70
Laeweth: 00.00
6lk6: 43.00
6lk6: 00.00
NixoKnight: 68.70
NixoKnight: 00.00
Zlio: 68.30
Zlio: 00.00
ClaudeDeFrance: 00.00
ClaudeDeFrance: 00.00
Kreya29: 49.20
Kreya29: 00.00
Davide_Chikone: 41.60
Davide_Chikone: 00.00
Lolmortlilol: 00.00
Lolmortlilol: 00.00
Loleyke: 39.70
Loleyke: 00.00
QuentiNeicigam: 14.50
QuentiNeicigam: 00.00
anaesan: 00.00
anaesan: 00.00
ezkeeks: 54.10
ezkeeks: 00.00
Henatsuka: 25.30
Henatsuka: 00.00
Wilump: 49.40
Wilump: 00.00
Chifie: 12.50
Chifie: 00.00
TakaXRenge: 44.30
TakaXRenge: 00.00
Zebrech: 43.10
Zebrech: 00.00
Sukaya: 61.00
Sukaya: 00.00
Radukaii: 11.60
Radukaii: 00.00
AnimooGrl1999: 31.00
AnimooGrl1999: 00.00
KAIKI-DESU: 57.80
KAIKI-DESU: 00.00
Zidanenvy: 61.10
Zidanenvy: 00.00
KingDespe: 44.90
KingDespe: 00.00
Sigma00: 10.20
Sigma00: 00.00
Daante_: 48.80
Daante_: 00.00
Railingue: 41.40
Railingue: 00.00
imM4rk: 51.30
imM4rk: 00.00
BlackTeaLady: 31.00
BlackTeaLady: 00.00
pr4ty: 35.60
pr4ty: 00.00
infinico: 31.80
infinico: 00.00
Takiiko: 37.30
Takiiko: 00.00
Hamou: 49.20
Hamou: 00.00
Okazaki_Ken: 40.00
Okazaki_Ken: 00.00
K0NAMI: 43.40
K0NAMI: 00.00
sidman_kishitani: 58.50
sidman_kishitani: 00.00
ImRenaud: 49.30
ImRenaud: 00.00
Azdo0m: 33.90
Azdo0m: 00.00
Xized: 50.50
Xized: 00.00
ShiniOz: 56.10
ShiniOz: 00.00
Japy: 60.50
Japy: 00.00
Riasuzume: 42.20
Riasuzume: 00.00
LouysP: 57.90
LouysP: 00.00
Shinigamidere: 00.00
Shinigamidere: 00.00
DarkSquad28190_-: 42.80
DarkSquad28190_-: 00.00
Swesve: 61.20
Swesve: 00.00
Blastof_: 56.60
Blastof_: 00.00
Matism: 07.40
Matism: 00.00
Noodle_June: 56.60
Noodle_June: 00.00
Hydroman_: 61.00
Hydroman_: 00.00
Naou_: 48.70
Naou_: 00.00
PafDesChocapiks: 55.40
PafDesChocapiks: 00.00
rek94: 27.40
rek94: 00.00
Djidji: 32.90
Djidji: 00.00
Taikuhatsu: 54.30
Taikuhatsu: 00.00
Faith_Navii: 54.10
Faith_Navii: 00.00
mcd_78: 53.60
mcd_78: 00.00
GamesRet: 40.30
GamesRet: 00.00
Luneor: 41.90
Luneor: 00.00
bAbyLoNE: 35.40
bAbyLoNE: 00.00
ReyMed: 61.60
ReyMed: 00.00
paraparaship: 42.30
paraparaship: 00.00
literaturenerd: 45.90
literaturenerd: 00.00
Velzevoul: 41.60
Velzevoul: 00.00
LupinYabuki: 37.70
LupinYabuki: 00.00
HaoReact: 31.40
HaoReact: 00.00
_r_Felipe: 00.00
_r_Felipe: 00.00
darkneff: 44.10
darkneff: 00.00
Sifedo: 38.20
Sifedo: 00.00
Sreyso: 33.40
Sreyso: 00.00
EmperorKaido: 61.30
EmperorKaido: 00.00
Afloo: 36.80
Afloo: 00.00
AbuelitaDeBatman: 58.00
AbuelitaDeBatman: 00.00
Mimi_Milk: 39.40
Mimi_Milk: 00.00
TheFlamingShark: 49.50
TheFlamingShark: 00.00
-Kagami: 00.00
-Kagami: 00.00
Charlotte1412: 36.10
Charlotte1412: 00.00
Korsa-: 14.60
Korsa-: 00.00
LunarStarGirl345: 36.40
LunarStarGirl345: 00.00
Bat9Orrin: 67.60
Bat9Orrin: 00.00
Lexycal: 40.30
Lexycal: 00.00
Miss_Violet: 49.20
Miss_Violet: 00.00
Shiratoria: 42.60
Shiratoria: 00.00
cynic15m: 19.80
cynic15m: 00.00
Hikona: 41.70
Hikona: 00.00
Ragnos055: 13.20
Ragnos055: 00.00
Tenshibana: 51.40
Tenshibana: 00.00
Kabuto77: 22.10
Kabuto77: 00.00
DatRandomDude: 43.50
DatRandomDude: 00.00
Ruqaa: 46.60
Ruqaa: 00.00
Noodle_June: 56.60
Noodle_June: 00.00
Ragnos055: 13.20
Ragnos055: 00.00
Zlio: 68.30
Zlio: 00.00
Riasuzume: 42.20
Riasuzume: 00.00
YaBoiBan: 67.00
YaBoiBan: 00.00
Matism: 07.40
Matism: 00.00
Saeba_Ryou: 38.40
Saeba_Ryou: 00.00
Ruqaa: 46.60
Ruqaa: 00.00
spacecowboy: 00.00
spacecowboy: 00.00
Miss_Violet: 49.20
Miss_Violet: 00.00
Korsa-: 14.60
Korsa-: 00.00
TopherC17: 06.10
TopherC17: 00.00
FaliaS: 32.50
FaliaS: 00.00
Bat9Orrin: 67.60
Bat9Orrin: 00.00
Biblilichine: 23.40
Biblilichine: 00.00
Lexycal: 40.30
Lexycal: 00.00
Zetsubo22: 39.70
Zetsubo22: 00.00
Anime-ETF: 44.50
Anime-ETF: 00.00
matheousse09: 34.90
matheousse09: 00.00
cynic15m: 19.80
cynic15m: 00.00
S-cryed: 57.20
S-cryed: 86.10
Ahmed_paint5: 25.20
Ahmed_paint5: 00.00
Sakutarou: 54.70
Sakutarou: 00.00
NASD: 00.00
NASD: 00.00
DesnomLumerian: 38.10
DesnomLumerian: 00.00
Sifedo: 38.20
Sifedo: 00.00
HaremOverlord: 46.90
HaremOverlord: 00.00
sausicart: 19.70
sausicart: 00.00
Ikkun__: 43.20
Ikkun__: 00.00
Xyrielle: 27.50
Xyrielle: 00.00
Otakku: 46.50
Otakku: 00.00
EasonJS: 49.60
EasonJS: 00.00
__Ashura__: 38.90
__Ashura__: 00.00
Souba: 52.20
Souba: 00.00
Lounes123: 16.40
Lounes123: 00.00
FanTaine: 37.40
FanTaine: 00.00
Leviatanh: 45.30
Leviatanh: 00.00
Bahram_Raftari: 59.30
Bahram_Raftari: 00.00
Farima: 00.00
Farima: 00.00
_Black: 40.80
_Black: 00.00
firefoxy333: 31.30
firefoxy333: 00.00
Mugiwaradodo: 26.20
Mugiwaradodo: 00.00
EricJSC: 45.00
EricJSC: 46.50
latrap: 00.00
latrap: 00.00
vota: 51.80
vota: 00.00
drakoneel: 31.30
drakoneel: 00.00
3BoOdi43: 45.70
3BoOdi43: 00.00
Iwolf441: 54.60
Iwolf441: 00.00
ajrich: 51.80
ajrich: 00.00
Skytormi: 52.70
Skytormi: 00.00
FakerUBW: 59.90
FakerUBW: 00.00
Has8san: 34.50
Has8san: 00.00
WooRax: 00.00
WooRax: 00.00
LightStyles: 58.60
LightStyles: 00.00
YelloWCl3ar: 51.20
YelloWCl3ar: 00.00
Aniki91: 38.60
Aniki91: 00.00
osukaru01: 56.00
osukaru01: 00.00
Benku: 41.60
Benku: 43.60
Mayuuuu: 33.10
Mayuuuu: 00.00
Juliiiiiiiiiiius: 51.30
Juliiiiiiiiiiius: 00.00
Mangamer: 42.00
Mangamer: 00.00
ProfZex: 51.80
ProfZex: 37.90
Laeweth: 28.70
Laeweth: 00.00
Domino1175: 63.50
Domino1175: 00.00
6lk6: 43.00
6lk6: 00.00
NixoKnight: 68.70
NixoKnight: 00.00
ClaudeDeFrance: 00.00
ClaudeDeFrance: 00.00
Kreya29: 49.20
Kreya29: 00.00
Zidanenvy: 61.10
Zidanenvy: 00.00
Loleyke: 39.70
Loleyke: 00.00
Lolmortlilol: 00.00
Lolmortlilol: 00.00
Davide_Chikone: 41.60
Davide_Chikone: 00.00
anaesan: 00.00
anaesan: 00.00
tristan-h: 52.90
tristan-h: 59.40
QuentiNeicigam: 14.50
QuentiNeicigam: 00.00
ezkeeks: 54.10
ezkeeks: 00.00
Henatsuka: 25.30
Henatsuka: 00.00
Pilmou: 47.80
Pilmou: 54.90
Wilump: 49.40
Wilump: 00.00
TakaXRenge: 44.30
TakaXRenge: 00.00
Chifie: 12.50
Chifie: 00.00
Zebrech: 43.10
Zebrech: 00.00
Railingue: 41.40
Railingue: 00.00
BriceMAL: 50.50
BriceMAL: 61.10
Radukaii: 11.60
Radukaii: 00.00
Sukaya: 61.00
Sukaya: 00.00
AnimooGrl1999: 31.00
AnimooGrl1999: 00.00
KAIKI-DESU: 57.80
KAIKI-DESU: 00.00
BlackTeaLady: 31.00
BlackTeaLady: 00.00
Daante_: 48.80
Daante_: 00.00
KingDespe: 44.90
KingDespe: 00.00
imM4rk: 51.30
imM4rk: 00.00
Sigma00: 10.20
Sigma00: 00.00
infinico: 31.80
infinico: 00.00
pr4ty: 35.60
pr4ty: 00.00
Iiiik: 57.10
Iiiik: 48.10
Okazaki_Ken: 40.00
Okazaki_Ken: 00.00
HibikiHiro: 29.60
HibikiHiro: 56.00
Takiiko: 37.30
Takiiko: 00.00
Hamou: 49.20
Hamou: 00.00
K0NAMI: 43.40
K0NAMI: 00.00
Hydraxsfull: 39.30
Hydraxsfull: 53.10
sidman_kishitani: 58.50
sidman_kishitani: 00.00
ImRenaud: 49.30
ImRenaud: 00.00
TuyNOM: 52.30
TuyNOM: 64.20
Azdo0m: 33.90
Azdo0m: 00.00
Xized: 50.50
Xized: 00.00
Japy: 60.50
Japy: 00.00
ShiniOz: 56.10
ShiniOz: 00.00
DarkSquad28190_-: 42.80
DarkSquad28190_-: 00.00
LouysP: 57.90
LouysP: 00.00
Shinigamidere: 00.00
Shinigamidere: 00.00
Swesve: 61.20
Swesve: 00.00
Blastof_: 56.60
Blastof_: 00.00
Naou_: 48.70
Naou_: 00.00
rek94: 27.40
rek94: 00.00
Hydroman_: 61.00
Hydroman_: 00.00
Djidji: 32.90
Djidji: 00.00
-asphyxia-: 50.80
-asphyxia-: 79.80
PafDesChocapiks: 55.40
PafDesChocapiks: 00.00
Faith_Navii: 54.10
Faith_Navii: 00.00
Taikuhatsu: 54.30
Taikuhatsu: 00.00
mcd_78: 53.60
mcd_78: 00.00
greengolem: 51.70
greengolem: 70.00
GamesRet: 40.30
GamesRet: 00.00
Luneor: 41.90
Luneor: 00.00
bAbyLoNE: 35.40
bAbyLoNE: 00.00
Clara_: 12.80
Clara_: 00.00
ReyMed: 61.60
ReyMed: 00.00
BenjaminJunior: 43.80
BenjaminJunior: 59.10
paraparaship: 42.30
paraparaship: 00.00
Velzevoul: 41.60
Velzevoul: 00.00
literaturenerd: 45.90
literaturenerd: 00.00
_EnmAi_: 46.10
_EnmAi_: 60.80
LupinYabuki: 37.70
LupinYabuki: 00.00
HaoReact: 31.40
HaoReact: 00.00
Hikona: 41.70
Hikona: 00.00
-Nadrel-: 35.20
-Nadrel-: 46.10
HaarWyvern: 53.10
HaarWyvern: 38.90
_r_Felipe: 00.00
_r_Felipe: 00.00
Sreyso: 33.40
Sreyso: 00.00
darkneff: 44.10
darkneff: 00.00
arthuno: 36.90
arthuno: 52.10
Tenshibana: 51.40
Tenshibana: 00.00
EmperorKaido: 61.30
EmperorKaido: 00.00
Afloo: 36.80
Afloo: 00.00
Kabuto77: 22.10
Kabuto77: 00.00
AbuelitaDeBatman: 58.00
AbuelitaDeBatman: 00.00
DatRandomDude: 43.50
DatRandomDude: 00.00
Mimi_Milk: 39.40
Mimi_Milk: 00.00
Apichua: 23.00
Apichua: 31.70
TheFlamingShark: 49.50
TheFlamingShark: 00.00
-Kagami: 00.00
-Kagami: 00.00
Charlotte1412: 36.10
Charlotte1412: 00.00
LunarStarGirl345: 36.40
LunarStarGirl345: 00.00
Noodle_June: 56.60
Noodle_June: 00.00
Ragnos055: 13.20
Ragnos055: 00.00
Matism: 07.40
Matism: 00.00
Saeba_Ryou: 38.40
Saeba_Ryou: 00.00
Azuki-ojou: 46.30
Azuki-ojou: 44.10
Ruqaa: 46.60
Ruqaa: 00.00
Zlio: 68.30
Zlio: 00.00
Riasuzume: 42.20
Riasuzume: 00.00
YaBoiBan: 67.00
YaBoiBan: 00.00
Vizioz: 42.00
Vizioz: 59.10
spacecowboy: 00.00
spacecowboy: 00.00
Miss_Violet: 49.20
Miss_Violet: 00.00
JojoYabuki: 47.00
JojoYabuki: 64.20
Shiratoria: 42.60
Shiratoria: 00.00
Yuiiin: 27.70
Yuiiin: 49.80
cynic15m: 19.80
cynic15m: 00.00
Ragnos055: 13.20
Ragnos055: 00.00
Matism: 07.40
Matism: 00.00
Noodle_June: 56.60
Noodle_June: 00.00
Ruqaa: 46.60
Ruqaa: 00.00
HaremOverlord: 46.90
HaremOverlord: 00.00
Sifedo: 38.20
Sifedo: 00.00
Saeba_Ryou: 38.40
Saeba_Ryou: 00.00
Azuki-ojou: 46.30
Azuki-ojou: 44.10
YaBoiBan: 67.00
YaBoiBan: 00.00
Miss_Violet: 49.20
Miss_Violet: 00.00
Zlio: 68.30
Zlio: 00.00
Riasuzume: 42.20
Riasuzume: 00.00
JojoYabuki: 47.00
JojoYabuki: 64.20
Vizioz: 42.00
Vizioz: 59.10
spacecowboy: 00.00
spacecowboy: 00.00
NASD: 00.00
NASD: 00.00
sausicart: 19.70
sausicart: 00.00
Ikkun__: 43.20
Ikkun__: 00.00
Xyrielle: 27.50
Xyrielle: 00.00
Otakku: 46.50
Otakku: 00.00
EasonJS: 49.60
EasonJS: 00.00
__Ashura__: 38.90
__Ashura__: 00.00
Souba: 52.20
Souba: 00.00
Lounes123: 16.40
Lounes123: 00.00
FanTaine: 37.40
FanTaine: 00.00
Leviatanh: 45.30
Leviatanh: 00.00
Bahram_Raftari: 59.30
Bahram_Raftari: 00.00
Farima: 00.00
Farima: 00.00
_Black: 40.80
_Black: 00.00
firefoxy333: 31.30
firefoxy333: 00.00
Mugiwaradodo: 26.20
Mugiwaradodo: 00.00
EricJSC: 45.00
EricJSC: 46.50
latrap: 00.00
latrap: 00.00
vota: 51.80
vota: 00.00
drakoneel: 31.30
drakoneel: 00.00
3BoOdi43: 45.70
3BoOdi43: 00.00
Iwolf441: 54.60
Iwolf441: 00.00
ajrich: 51.80
ajrich: 00.00
Skytormi: 52.70
Skytormi: 00.00
FakerUBW: 59.90
FakerUBW: 00.00
Has8san: 34.50
Has8san: 00.00
WooRax: 00.00
WooRax: 00.00
LightStyles: 58.60
LightStyles: 00.00
YelloWCl3ar: 51.20
YelloWCl3ar: 00.00
Aniki91: 38.60
Aniki91: 00.00
osukaru01: 56.00
osukaru01: 00.00
Mayuuuu: 33.10
Mayuuuu: 00.00
Juliiiiiiiiiiius: 51.30
Juliiiiiiiiiiius: 00.00
Mangamer: 42.00
Mangamer: 00.00
ProfZex: 51.80
ProfZex: 37.90
Laeweth: 28.70
Laeweth: 00.00
Domino1175: 63.50
Domino1175: 00.00
6lk6: 43.00
6lk6: 00.00
Benku: 41.60
Benku: 43.60
NixoKnight: 68.70
NixoKnight: 00.00
ClaudeDeFrance: 00.00
ClaudeDeFrance: 00.00
Kreya29: 49.20
Kreya29: 00.00
Zidanenvy: 61.10
Zidanenvy: 00.00
Loleyke: 39.70
Loleyke: 00.00
Lolmortlilol: 00.00
Lolmortlilol: 00.00
Davide_Chikone: 41.60
Davide_Chikone: 00.00
anaesan: 00.00
anaesan: 00.00
Chifie: 12.50
Chifie: 00.00
Henatsuka: 25.30
Henatsuka: 00.00
Wilump: 49.40
Wilump: 00.00
ezkeeks: 54.10
ezkeeks: 00.00
TakaXRenge: 44.30
TakaXRenge: 00.00
QuentiNeicigam: 14.50
QuentiNeicigam: 00.00
tristan-h: 52.90
tristan-h: 59.40
Pilmou: 47.80
Pilmou: 54.90
Zebrech: 43.10
Zebrech: 00.00
Railingue: 41.40
Railingue: 00.00
BriceMAL: 50.50
BriceMAL: 61.10
Radukaii: 11.60
Radukaii: 00.00
Sukaya: 61.00
Sukaya: 00.00
AnimooGrl1999: 31.00
AnimooGrl1999: 00.00
KAIKI-DESU: 57.80
KAIKI-DESU: 00.00
BlackTeaLady: 31.00
BlackTeaLady: 00.00
Daante_: 48.80
Daante_: 00.00
KingDespe: 44.90
KingDespe: 00.00
imM4rk: 51.30
imM4rk: 00.00
Sigma00: 10.20
Sigma00: 00.00
infinico: 31.80
infinico: 00.00
pr4ty: 35.60
pr4ty: 00.00
Iiiik: 57.10
Iiiik: 48.10
Okazaki_Ken: 40.00
Okazaki_Ken: 00.00
HibikiHiro: 29.60
HibikiHiro: 56.00
Takiiko: 37.30
Takiiko: 00.00
Hamou: 49.20
Hamou: 00.00
K0NAMI: 43.40
K0NAMI: 00.00
Hydraxsfull: 39.30
Hydraxsfull: 53.10
sidman_kishitani: 58.50
sidman_kishitani: 00.00
ImRenaud: 49.30
ImRenaud: 00.00
TuyNOM: 52.30
TuyNOM: 64.20
Azdo0m: 33.90
Azdo0m: 00.00
Xized: 50.50
Xized: 00.00
Japy: 60.50
Japy: 00.00
ShiniOz: 56.10
ShiniOz: 00.00
DarkSquad28190_-: 42.80
DarkSquad28190_-: 00.00
LouysP: 57.90
LouysP: 00.00
Shinigamidere: 00.00
Shinigamidere: 00.00
Swesve: 61.20
Swesve: 00.00
Blastof_: 56.60
Blastof_: 00.00
Naou_: 48.70
Naou_: 00.00
rek94: 27.40
rek94: 00.00
Hydroman_: 61.00
Hydroman_: 00.00
Djidji: 32.90
Djidji: 00.00
-asphyxia-: 50.80
-asphyxia-: 79.80
PafDesChocapiks: 55.40
PafDesChocapiks: 00.00
Faith_Navii: 54.10
Faith_Navii: 00.00
Taikuhatsu: 54.30
Taikuhatsu: 00.00
mcd_78: 53.60
mcd_78: 00.00
greengolem: 51.70
greengolem: 70.00
GamesRet: 40.30
GamesRet: 00.00
Luneor: 41.90
Luneor: 00.00
bAbyLoNE: 35.40
bAbyLoNE: 00.00
Clara_: 12.80
Clara_: 00.00
ReyMed: 61.60
ReyMed: 00.00
BenjaminJunior: 43.80
BenjaminJunior: 59.10
paraparaship: 42.30
paraparaship: 00.00
Velzevoul: 41.60
Velzevoul: 00.00
literaturenerd: 45.90
literaturenerd: 00.00
_EnmAi_: 46.10
_EnmAi_: 60.80
LupinYabuki: 37.70
LupinYabuki: 00.00
HaoReact: 31.40
HaoReact: 00.00
Hikona: 41.70
Hikona: 00.00
-Nadrel-: 35.20
-Nadrel-: 46.10
HaarWyvern: 53.10
HaarWyvern: 38.90
_r_Felipe: 00.00
_r_Felipe: 00.00
Sreyso: 33.40
Sreyso: 00.00
darkneff: 44.10
darkneff: 00.00
arthuno: 36.90
arthuno: 52.10
Tenshibana: 51.40
Tenshibana: 00.00
EmperorKaido: 61.30
EmperorKaido: 00.00
Afloo: 36.80
Afloo: 00.00
Kabuto77: 22.10
Kabuto77: 00.00
AbuelitaDeBatman: 58.00
AbuelitaDeBatman: 00.00
DatRandomDude: 43.50
DatRandomDude: 00.00
Mimi_Milk: 39.40
Mimi_Milk: 00.00
Apichua: 23.00
Apichua: 31.70
TheFlamingShark: 49.50
TheFlamingShark: 00.00
-Kagami: 00.00
-Kagami: 00.00
Charlotte1412: 36.10
Charlotte1412: 00.00
LunarStarGirl345: 36.40
LunarStarGirl345: 00.00
Korsa-: 14.60
Korsa-: 00.00
Bat9Orrin: 67.60
Bat9Orrin: 00.00
Zetsubo22: 39.70
Zetsubo22: 00.00
Biblilichine: 23.40
Biblilichine: 00.00
Anime-ETF: 44.50
Anime-ETF: 00.00
FaliaS: 32.50
FaliaS: 00.00
Lexycal: 40.30
Lexycal: 00.00
TopherC17: 06.10
TopherC17: 00.00
matheousse09: 34.90
matheousse09: 00.00
DesnomLumerian: 38.10
DesnomLumerian: 00.00
S-cryed: 57.20
S-cryed: 86.10
Ahmed_paint5: 25.20
Ahmed_paint5: 00.00
Sakutarou: 54.70
Sakutarou: 00.00
Shiratoria: 42.60
Shiratoria: 00.00
Yuiiin: 27.70
Yuiiin: 49.80
Ragnos055: 13.20
Ragnos055: 00.00
Vizioz: 42.00
Vizioz: 59.10
Zlio: 68.30
Zlio: 00.00
Riasuzume: 42.20
Riasuzume: 00.00
Matism: 07.40
Matism: 00.00
Ruqaa: 46.60
Ruqaa: 00.00
YaBoiBan: 67.00
YaBoiBan: 00.00
Saeba_Ryou: 38.40
Saeba_Ryou: 00.00
Azuki-ojou: 46.30
Azuki-ojou: 44.10
spacecowboy: 00.00
spacecowboy: 00.00
Miss_Violet: 49.20
Miss_Violet: 00.00
JojoYabuki: 47.00
JojoYabuki: 64.20
Shiratoria: 42.60
Shiratoria: 00.00
Yuiiin: 27.70
Yuiiin: 49.80
Charlotte1412: 36.10
Charlotte1412: 00.00
LunarStarGirl345: 36.40
LunarStarGirl345: 00.00
NASD: 00.00
NASD: 00.00
sausicart: 19.70
sausicart: 00.00
Ikkun__: 43.20
Ikkun__: 00.00
Xyrielle: 27.50
Xyrielle: 00.00
Otakku: 46.50
Otakku: 00.00
EasonJS: 49.60
EasonJS: 00.00
__Ashura__: 38.90
__Ashura__: 00.00
Souba: 52.20
Souba: 00.00
Lounes123: 16.40
Lounes123: 00.00
FanTaine: 37.40
FanTaine: 00.00
Leviatanh: 45.30
Leviatanh: 00.00
Bahram_Raftari: 59.30
Bahram_Raftari: 00.00
Farima: 00.00
Farima: 00.00
_Black: 40.80
_Black: 00.00
firefoxy333: 31.30
firefoxy333: 00.00
Mugiwaradodo: 26.20
Mugiwaradodo: 00.00
EricJSC: 45.00
EricJSC: 46.50
latrap: 00.00
latrap: 00.00
vota: 51.80
vota: 00.00
drakoneel: 31.30
drakoneel: 00.00
3BoOdi43: 45.70
3BoOdi43: 00.00
Iwolf441: 54.60
Iwolf441: 00.00
ajrich: 51.80
ajrich: 00.00
Skytormi: 52.70
Skytormi: 00.00
FakerUBW: 59.90
FakerUBW: 00.00
Has8san: 34.50
Has8san: 00.00
WooRax: 00.00
WooRax: 00.00
LightStyles: 58.60
LightStyles: 00.00
YelloWCl3ar: 51.20
YelloWCl3ar: 00.00
Aniki91: 38.60
Aniki91: 00.00
osukaru01: 56.00
osukaru01: 00.00
Benku: 41.60
Benku: 43.60
Mayuuuu: 33.10
Mayuuuu: 00.00
Juliiiiiiiiiiius: 51.30
Juliiiiiiiiiiius: 00.00
Mangamer: 42.00
Mangamer: 00.00
ProfZex: 51.80
ProfZex: 37.90
Laeweth: 28.70
Laeweth: 00.00
Domino1175: 63.50
Domino1175: 00.00
6lk6: 43.00
6lk6: 00.00
NixoKnight: 68.70
NixoKnight: 00.00
ClaudeDeFrance: 00.00
ClaudeDeFrance: 00.00
Kreya29: 49.20
Kreya29: 00.00
Zidanenvy: 61.10
Zidanenvy: 00.00
Loleyke: 39.70
Loleyke: 00.00
Lolmortlilol: 00.00
Lolmortlilol: 00.00
Davide_Chikone: 41.60
Davide_Chikone: 00.00
anaesan: 00.00
anaesan: 00.00
tristan-h: 52.90
tristan-h: 59.40
QuentiNeicigam: 14.50
QuentiNeicigam: 00.00
ezkeeks: 54.10
ezkeeks: 00.00
Henatsuka: 25.30
Henatsuka: 00.00
Pilmou: 47.80
Pilmou: 54.90
Wilump: 49.40
Wilump: 00.00
TakaXRenge: 44.30
TakaXRenge: 00.00
Chifie: 12.50
Chifie: 00.00
Zebrech: 43.10
Zebrech: 00.00
Railingue: 41.40
Railingue: 00.00
BriceMAL: 50.50
BriceMAL: 61.10
Radukaii: 11.60
Radukaii: 00.00
Sukaya: 61.00
Sukaya: 00.00
AnimooGrl1999: 31.00
AnimooGrl1999: 00.00
KAIKI-DESU: 57.80
KAIKI-DESU: 00.00
BlackTeaLady: 31.00
BlackTeaLady: 00.00
Daante_: 48.80
Daante_: 00.00
KingDespe: 44.90
KingDespe: 00.00
imM4rk: 51.30
imM4rk: 00.00
Sigma00: 10.20
Sigma00: 00.00
infinico: 31.80
infinico: 00.00
pr4ty: 35.60
pr4ty: 00.00
Iiiik: 57.10
Iiiik: 48.10
Okazaki_Ken: 40.00
Okazaki_Ken: 00.00
HibikiHiro: 29.60
HibikiHiro: 56.00
Takiiko: 37.30
Takiiko: 00.00
Hamou: 49.20
Hamou: 00.00
K0NAMI: 43.40
K0NAMI: 00.00
Hydraxsfull: 39.30
Hydraxsfull: 53.10
sidman_kishitani: 58.50
sidman_kishitani: 00.00
ImRenaud: 49.30
ImRenaud: 00.00
TuyNOM: 52.30
TuyNOM: 64.20
Azdo0m: 33.90
Azdo0m: 00.00
Xized: 50.50
Xized: 00.00
Japy: 60.50
Japy: 00.00
ShiniOz: 56.10
ShiniOz: 00.00
DarkSquad28190_-: 42.80
DarkSquad28190_-: 00.00
LouysP: 57.90
LouysP: 00.00
Shinigamidere: 00.00
Shinigamidere: 00.00
Swesve: 61.20
Swesve: 00.00
Blastof_: 56.60
Blastof_: 00.00
Naou_: 48.70
Naou_: 00.00
rek94: 27.40
rek94: 00.00
Hydroman_: 61.00
Hydroman_: 00.00
Djidji: 32.90
Djidji: 00.00
-asphyxia-: 50.80
-asphyxia-: 79.80
PafDesChocapiks: 55.40
PafDesChocapiks: 00.00
Faith_Navii: 54.10
Faith_Navii: 00.00
Taikuhatsu: 54.30
Taikuhatsu: 00.00
mcd_78: 53.60
mcd_78: 00.00
greengolem: 51.70
greengolem: 70.00
GamesRet: 40.30
GamesRet: 00.00
Luneor: 41.90
Luneor: 00.00
bAbyLoNE: 35.40
bAbyLoNE: 00.00
Clara_: 12.80
Clara_: 00.00
ReyMed: 61.60
ReyMed: 00.00
BenjaminJunior: 43.80
BenjaminJunior: 59.10
paraparaship: 42.30
paraparaship: 00.00
Velzevoul: 41.60
Velzevoul: 00.00
literaturenerd: 45.90
literaturenerd: 00.00
_EnmAi_: 46.10
_EnmAi_: 60.80
LupinYabuki: 37.70
LupinYabuki: 00.00
HaoReact: 31.40
HaoReact: 00.00
Hikona: 41.70
Hikona: 00.00
-Nadrel-: 35.20
-Nadrel-: 46.10
HaarWyvern: 53.10
HaarWyvern: 38.90
_r_Felipe: 00.00
_r_Felipe: 00.00
Sreyso: 33.40
Sreyso: 00.00
darkneff: 44.10
darkneff: 00.00
arthuno: 36.90
arthuno: 52.10
Tenshibana: 51.40
Tenshibana: 00.00
EmperorKaido: 61.30
EmperorKaido: 00.00
Afloo: 36.80
Afloo: 00.00
Kabuto77: 22.10
Kabuto77: 00.00
AbuelitaDeBatman: 58.00
AbuelitaDeBatman: 00.00
DatRandomDude: 43.50
DatRandomDude: 00.00
Mimi_Milk: 39.40
Mimi_Milk: 00.00
Apichua: 23.00
Apichua: 31.70
TheFlamingShark: 49.50
TheFlamingShark: 00.00
-Kagami: 00.00
-Kagami: 00.00
Korsa-: 14.60
Korsa-: 00.00
Bat9Orrin: 67.60
Bat9Orrin: 00.00
Zetsubo22: 39.70
Zetsubo22: 00.00
Biblilichine: 23.40
Biblilichine: 00.00
Anime-ETF: 44.50
Anime-ETF: 00.00
FaliaS: 32.50
FaliaS: 00.00
Lexycal: 40.30
Lexycal: 00.00
TopherC17: 06.10
TopherC17: 00.00
matheousse09: 34.90
matheousse09: 00.00
DesnomLumerian: 38.10
DesnomLumerian: 00.00
S-cryed: 57.20
S-cryed: 86.10
Ahmed_paint5: 25.20
Ahmed_paint5: 00.00
Sakutarou: 54.70
Sakutarou: 00.00
cynic15m: 19.80
cynic15m: 00.00
HaremOverlord: 46.90
HaremOverlord: 00.00
Sifedo: 38.20
Sifedo: 00.00
Noodle_June: 56.60
Noodle_June: 00.00
